This file contains any messages produced by compilers while
running configure, to aid debugging if configure makes a mistake.

It was created by coinmegatrend Core configure 1.0.0, which was
generated by GNU Autoconf 2.69.  Invocation command line was

  $ ./configure --with-libressl LDFLAGS=-L/usr/local/opt/openssl/lib CPPFLAGS=-I/usr/local/opt/openssl/include --disable-shared --with-pic --no-create --no-recursion

## --------- ##
## Platform. ##
## --------- ##

hostname = Vishals-MacBook-Air.local
uname -m = x86_64
uname -r = 18.0.0
uname -s = Darwin
uname -v = Darwin Kernel Version 18.0.0: Wed Aug 22 20:13:40 PDT 2018; root:xnu-4903.201.2~1/RELEASE_X86_64

/usr/bin/uname -p = i386
/bin/uname -X     = unknown

/bin/arch              = unknown
/usr/bin/arch -k       = unknown
/usr/convex/getsysinfo = unknown
/usr/bin/hostinfo      = Mach kernel version:
	 Darwin Kernel Version 18.0.0: Wed Aug 22 20:13:40 PDT 2018; root:xnu-4903.201.2~1/RELEASE_X86_64
Kernel configured for up to 4 processors.
2 processors are physically available.
4 processors are logically available.
Processor type: x86_64h (Intel x86-64h Haswell)
Processors active: 0 1 2 3
Primary memory available: 8.00 gigabytes
Default processor set: 382 tasks, 1663 threads, 4 processors
Load average: 3.10, Mach factor: 1.24
/bin/machine           = unknown
/usr/bin/oslevel       = unknown
/bin/universe          = unknown

PATH: /usr/local/bin
PATH: /usr/bin
PATH: /bin
PATH: /usr/sbin
PATH: /sbin


## ----------- ##
## Core tests. ##
## ----------- ##

configure:2956: checking build system type
configure:2970: result: x86_64-apple-darwin18.0.0
configure:2990: checking host system type
configure:3003: result: x86_64-apple-darwin18.0.0
configure:3046: checking for a BSD-compatible install
configure:3114: result: /usr/bin/install -c
configure:3125: checking whether build environment is sane
configure:3180: result: yes
configure:3331: checking for a thread-safe mkdir -p
configure:3370: result: build-aux/install-sh -c -d
configure:3377: checking for gawk
configure:3407: result: no
configure:3377: checking for mawk
configure:3407: result: no
configure:3377: checking for nawk
configure:3407: result: no
configure:3377: checking for awk
configure:3393: found /usr/bin/awk
configure:3404: result: awk
configure:3415: checking whether make sets $(MAKE)
configure:3437: result: yes
configure:3466: checking whether make supports nested variables
configure:3483: result: yes
configure:3602: checking whether to enable maintainer-specific portions of Makefiles
configure:3611: result: yes
configure:3636: checking whether make supports nested variables
configure:3653: result: yes
configure:3728: checking for g++
configure:3744: found /usr/bin/g++
configure:3755: result: g++
configure:3782: checking for C++ compiler version
configure:3791: g++ --version >&5
Apple LLVM version 10.0.0 (clang-1000.11.45.5)
Target: x86_64-apple-darwin18.0.0
Thread model: posix
InstalledDir: /Applications/Xcode.app/Contents/Developer/Toolchains/XcodeDefault.xctoolchain/usr/bin
Configured with: --prefix=/Applications/Xcode.app/Contents/Developer/usr --with-gxx-include-dir=/Applications/Xcode.app/Contents/Developer/Platforms/MacOSX.platform/Developer/SDKs/MacOSX10.14.sdk/usr/include/c++/4.2.1
configure:3802: $? = 0
configure:3791: g++ -v >&5
Configured with: --prefix=/Applications/Xcode.app/Contents/Developer/usr --with-gxx-include-dir=/Applications/Xcode.app/Contents/Developer/Platforms/MacOSX.platform/Developer/SDKs/MacOSX10.14.sdk/usr/include/c++/4.2.1
Apple LLVM version 10.0.0 (clang-1000.11.45.5)
Target: x86_64-apple-darwin18.0.0
Thread model: posix
InstalledDir: /Applications/Xcode.app/Contents/Developer/Toolchains/XcodeDefault.xctoolchain/usr/bin
configure:3802: $? = 0
configure:3791: g++ -V >&5
clang: error: argument to '-V' is missing (expected 1 value)
clang: error: no input files
configure:3802: $? = 1
configure:3791: g++ -qversion >&5
clang: error: unknown argument: '-qversion'
clang: error: no input files
configure:3802: $? = 1
configure:3822: checking whether the C++ compiler works
configure:3844: g++  -I/usr/local/opt/openssl/include -L/usr/local/opt/openssl/lib conftest.cpp  >&5
configure:3848: $? = 0
configure:3896: result: yes
configure:3899: checking for C++ compiler default output file name
configure:3901: result: a.out
configure:3907: checking for suffix of executables
configure:3914: g++ -o conftest  -I/usr/local/opt/openssl/include -L/usr/local/opt/openssl/lib conftest.cpp  >&5
configure:3918: $? = 0
configure:3940: result: 
configure:3962: checking whether we are cross compiling
configure:3970: g++ -o conftest  -I/usr/local/opt/openssl/include -L/usr/local/opt/openssl/lib conftest.cpp  >&5
configure:3974: $? = 0
configure:3981: ./conftest
configure:3985: $? = 0
configure:4000: result: no
configure:4005: checking for suffix of object files
configure:4027: g++ -c  -I/usr/local/opt/openssl/include conftest.cpp >&5
configure:4031: $? = 0
configure:4052: result: o
configure:4056: checking whether we are using the GNU C++ compiler
configure:4075: g++ -c  -I/usr/local/opt/openssl/include conftest.cpp >&5
configure:4075: $? = 0
configure:4084: result: yes
configure:4093: checking whether g++ accepts -g
configure:4113: g++ -c -g -I/usr/local/opt/openssl/include conftest.cpp >&5
configure:4113: $? = 0
configure:4154: result: yes
configure:4180: checking whether make supports the include directive
configure:4195: make -f confmf.GNU && cat confinc.out
this is the am__doit target
configure:4198: $? = 0
configure:4217: result: yes (GNU style)
configure:4242: checking dependency style of g++
configure:4353: result: gcc3
configure:4382: checking whether g++ supports C++11 features by default
configure:4676: g++ -c -g -O2 -I/usr/local/opt/openssl/include conftest.cpp >&5
conftest.cpp:20:2: error: "This is not a C++11 compiler"
#error "This is not a C++11 compiler"
 ^
1 error generated.
configure:4676: $? = 1
configure: failed program was:
| /* confdefs.h */
| #define PACKAGE_NAME "coinmegatrend Core"
| #define PACKAGE_TARNAME "coinmegatrend"
| #define PACKAGE_VERSION "1.0.0"
| #define PACKAGE_STRING "coinmegatrend Core 1.0.0"
| #define PACKAGE_BUGREPORT "www.coinmegatrend.org"
| #define PACKAGE_URL ""
| /* end confdefs.h.  */
| 
| 
| // If the compiler admits that it is not ready for C++11, why torture it?
| // Hopefully, this will speed up the test.
| 
| #ifndef __cplusplus
| 
| #error "This is not a C++ compiler"
| 
| #elif __cplusplus < 201103L
| 
| #error "This is not a C++11 compiler"
| 
| #else
| 
| namespace cxx11
| {
| 
|   namespace test_static_assert
|   {
| 
|     template <typename T>
|     struct check
|     {
|       static_assert(sizeof(int) <= sizeof(T), "not big enough");
|     };
| 
|   }
| 
|   namespace test_final_override
|   {
| 
|     struct Base
|     {
|       virtual void f() {}
|     };
| 
|     struct Derived : public Base
|     {
|       virtual void f() override {}
|     };
| 
|   }
| 
|   namespace test_double_right_angle_brackets
|   {
| 
|     template < typename T >
|     struct check {};
| 
|     typedef check<void> single_type;
|     typedef check<check<void>> double_type;
|     typedef check<check<check<void>>> triple_type;
|     typedef check<check<check<check<void>>>> quadruple_type;
| 
|   }
| 
|   namespace test_decltype
|   {
| 
|     int
|     f()
|     {
|       int a = 1;
|       decltype(a) b = 2;
|       return a + b;
|     }
| 
|   }
| 
|   namespace test_type_deduction
|   {
| 
|     template < typename T1, typename T2 >
|     struct is_same
|     {
|       static const bool value = false;
|     };
| 
|     template < typename T >
|     struct is_same<T, T>
|     {
|       static const bool value = true;
|     };
| 
|     template < typename T1, typename T2 >
|     auto
|     add(T1 a1, T2 a2) -> decltype(a1 + a2)
|     {
|       return a1 + a2;
|     }
| 
|     int
|     test(const int c, volatile int v)
|     {
|       static_assert(is_same<int, decltype(0)>::value == true, "");
|       static_assert(is_same<int, decltype(c)>::value == false, "");
|       static_assert(is_same<int, decltype(v)>::value == false, "");
|       auto ac = c;
|       auto av = v;
|       auto sumi = ac + av + 'x';
|       auto sumf = ac + av + 1.0;
|       static_assert(is_same<int, decltype(ac)>::value == true, "");
|       static_assert(is_same<int, decltype(av)>::value == true, "");
|       static_assert(is_same<int, decltype(sumi)>::value == true, "");
|       static_assert(is_same<int, decltype(sumf)>::value == false, "");
|       static_assert(is_same<int, decltype(add(c, v))>::value == true, "");
|       return (sumf > 0.0) ? sumi : add(c, v);
|     }
| 
|   }
| 
|   namespace test_noexcept
|   {
| 
|     int f() { return 0; }
|     int g() noexcept { return 0; }
| 
|     static_assert(noexcept(f()) == false, "");
|     static_assert(noexcept(g()) == true, "");
| 
|   }
| 
|   namespace test_constexpr
|   {
| 
|     template < typename CharT >
|     unsigned long constexpr
|     strlen_c_r(const CharT *const s, const unsigned long acc) noexcept
|     {
|       return *s ? strlen_c_r(s + 1, acc + 1) : acc;
|     }
| 
|     template < typename CharT >
|     unsigned long constexpr
|     strlen_c(const CharT *const s) noexcept
|     {
|       return strlen_c_r(s, 0UL);
|     }
| 
|     static_assert(strlen_c("") == 0UL, "");
|     static_assert(strlen_c("1") == 1UL, "");
|     static_assert(strlen_c("example") == 7UL, "");
|     static_assert(strlen_c("another\0example") == 7UL, "");
| 
|   }
| 
|   namespace test_rvalue_references
|   {
| 
|     template < int N >
|     struct answer
|     {
|       static constexpr int value = N;
|     };
| 
|     answer<1> f(int&)       { return answer<1>(); }
|     answer<2> f(const int&) { return answer<2>(); }
|     answer<3> f(int&&)      { return answer<3>(); }
| 
|     void
|     test()
|     {
|       int i = 0;
|       const int c = 0;
|       static_assert(decltype(f(i))::value == 1, "");
|       static_assert(decltype(f(c))::value == 2, "");
|       static_assert(decltype(f(0))::value == 3, "");
|     }
| 
|   }
| 
|   namespace test_uniform_initialization
|   {
| 
|     struct test
|     {
|       static const int zero {};
|       static const int one {1};
|     };
| 
|     static_assert(test::zero == 0, "");
|     static_assert(test::one == 1, "");
| 
|   }
| 
|   namespace test_lambdas
|   {
| 
|     void
|     test1()
|     {
|       auto lambda1 = [](){};
|       auto lambda2 = lambda1;
|       lambda1();
|       lambda2();
|     }
| 
|     int
|     test2()
|     {
|       auto a = [](int i, int j){ return i + j; }(1, 2);
|       auto b = []() -> int { return '0'; }();
|       auto c = [=](){ return a + b; }();
|       auto d = [&](){ return c; }();
|       auto e = [a, &b](int x) mutable {
|         const auto identity = [](int y){ return y; };
|         for (auto i = 0; i < a; ++i)
|           a += b--;
|         return x + identity(a + b);
|       }(0);
|       return a + b + c + d + e;
|     }
| 
|     int
|     test3()
|     {
|       const auto nullary = [](){ return 0; };
|       const auto unary = [](int x){ return x; };
|       using nullary_t = decltype(nullary);
|       using unary_t = decltype(unary);
|       const auto higher1st = [](nullary_t f){ return f(); };
|       const auto higher2nd = [unary](nullary_t f1){
|         return [unary, f1](unary_t f2){ return f2(unary(f1())); };
|       };
|       return higher1st(nullary) + higher2nd(nullary)(unary);
|     }
| 
|   }
| 
|   namespace test_variadic_templates
|   {
| 
|     template <int...>
|     struct sum;
| 
|     template <int N0, int... N1toN>
|     struct sum<N0, N1toN...>
|     {
|       static constexpr auto value = N0 + sum<N1toN...>::value;
|     };
| 
|     template <>
|     struct sum<>
|     {
|       static constexpr auto value = 0;
|     };
| 
|     static_assert(sum<>::value == 0, "");
|     static_assert(sum<1>::value == 1, "");
|     static_assert(sum<23>::value == 23, "");
|     static_assert(sum<1, 2>::value == 3, "");
|     static_assert(sum<5, 5, 11>::value == 21, "");
|     static_assert(sum<2, 3, 5, 7, 11, 13>::value == 41, "");
| 
|   }
| 
|   // http://stackoverflow.com/questions/13728184/template-aliases-and-sfinae
|   // Clang 3.1 fails with headers of libstd++ 4.8.3 when using std::function
|   // because of this.
|   namespace test_template_alias_sfinae
|   {
| 
|     struct foo {};
| 
|     template<typename T>
|     using member = typename T::member_type;
| 
|     template<typename T>
|     void func(...) {}
| 
|     template<typename T>
|     void func(member<T>*) {}
| 
|     void test();
| 
|     void test() { func<foo>(0); }
| 
|   }
| 
| }  // namespace cxx11
| 
| #endif  // __cplusplus >= 201103L
| 
| 
| 
configure:4683: result: no
configure:4694: checking whether g++ supports C++11 features with -std=c++11
configure:4990: g++ -std=c++11 -c -g -O2 -I/usr/local/opt/openssl/include conftest.cpp >&5
configure:4990: $? = 0
configure:4999: result: yes
configure:5145: checking for Objective C++ compiler version
configure:5154: g++ -std=c++11 --version >&5
Apple LLVM version 10.0.0 (clang-1000.11.45.5)
Target: x86_64-apple-darwin18.0.0
Thread model: posix
InstalledDir: /Applications/Xcode.app/Contents/Developer/Toolchains/XcodeDefault.xctoolchain/usr/bin
configure:5165: $? = 0
configure:5154: g++ -std=c++11 -v >&5
Apple LLVM version 10.0.0 (clang-1000.11.45.5)
Target: x86_64-apple-darwin18.0.0
Thread model: posix
InstalledDir: /Applications/Xcode.app/Contents/Developer/Toolchains/XcodeDefault.xctoolchain/usr/bin
clang: warning: argument unused during compilation: '-std=c++11' [-Wunused-command-line-argument]
configure:5165: $? = 0
configure:5154: g++ -std=c++11 -V >&5
clang: error: argument to '-V' is missing (expected 1 value)
clang: error: no input files
configure:5165: $? = 1
configure:5154: g++ -std=c++11 -qversion >&5
clang: error: unknown argument: '-qversion'
clang: error: no input files
configure:5165: $? = 1
configure:5169: checking whether we are using the GNU Objective C++ compiler
configure:5188: g++ -std=c++11 -c  -I/usr/local/opt/openssl/include conftest.mm >&5
configure:5188: $? = 0
configure:5197: result: yes
configure:5206: checking whether g++ -std=c++11 accepts -g
configure:5226: g++ -std=c++11 -c -g -I/usr/local/opt/openssl/include conftest.mm >&5
configure:5226: $? = 0
configure:5267: result: yes
configure:5292: checking dependency style of g++ -std=c++11
configure:5401: result: gcc3
configure:5464: checking how to print strings
configure:5491: result: printf
configure:5560: checking for gcc
configure:5576: found /usr/bin/gcc
configure:5587: result: gcc
configure:5816: checking for C compiler version
configure:5825: gcc --version >&5
Apple LLVM version 10.0.0 (clang-1000.11.45.5)
Target: x86_64-apple-darwin18.0.0
Thread model: posix
InstalledDir: /Applications/Xcode.app/Contents/Developer/Toolchains/XcodeDefault.xctoolchain/usr/bin
Configured with: --prefix=/Applications/Xcode.app/Contents/Developer/usr --with-gxx-include-dir=/Applications/Xcode.app/Contents/Developer/Platforms/MacOSX.platform/Developer/SDKs/MacOSX10.14.sdk/usr/include/c++/4.2.1
configure:5836: $? = 0
configure:5825: gcc -v >&5
Configured with: --prefix=/Applications/Xcode.app/Contents/Developer/usr --with-gxx-include-dir=/Applications/Xcode.app/Contents/Developer/Platforms/MacOSX.platform/Developer/SDKs/MacOSX10.14.sdk/usr/include/c++/4.2.1
Apple LLVM version 10.0.0 (clang-1000.11.45.5)
Target: x86_64-apple-darwin18.0.0
Thread model: posix
InstalledDir: /Applications/Xcode.app/Contents/Developer/Toolchains/XcodeDefault.xctoolchain/usr/bin
configure:5836: $? = 0
configure:5825: gcc -V >&5
clang: error: argument to '-V' is missing (expected 1 value)
clang: error: no input files
configure:5836: $? = 1
configure:5825: gcc -qversion >&5
clang: error: unknown argument: '-qversion'
clang: error: no input files
configure:5836: $? = 1
configure:5840: checking whether we are using the GNU C compiler
configure:5859: gcc -c  -I/usr/local/opt/openssl/include conftest.c >&5
configure:5859: $? = 0
configure:5868: result: yes
configure:5877: checking whether gcc accepts -g
configure:5897: gcc -c -g -I/usr/local/opt/openssl/include conftest.c >&5
configure:5897: $? = 0
configure:5938: result: yes
configure:5955: checking for gcc option to accept ISO C89
configure:6018: gcc  -c -g -O2 -I/usr/local/opt/openssl/include conftest.c >&5
configure:6018: $? = 0
configure:6031: result: none needed
configure:6056: checking whether gcc understands -c and -o together
configure:6078: gcc -c conftest.c -o conftest2.o
configure:6081: $? = 0
configure:6078: gcc -c conftest.c -o conftest2.o
configure:6081: $? = 0
configure:6093: result: yes
configure:6112: checking dependency style of gcc
configure:6223: result: gcc3
configure:6238: checking for a sed that does not truncate output
configure:6302: result: /usr/bin/sed
configure:6320: checking for grep that handles long lines and -e
configure:6378: result: /usr/bin/grep
configure:6383: checking for egrep
configure:6445: result: /usr/bin/grep -E
configure:6450: checking for fgrep
configure:6512: result: /usr/bin/grep -F
configure:6547: checking for ld used by gcc
configure:6614: result: /Applications/Xcode.app/Contents/Developer/Toolchains/XcodeDefault.xctoolchain/usr/bin/ld
configure:6621: checking if the linker (/Applications/Xcode.app/Contents/Developer/Toolchains/XcodeDefault.xctoolchain/usr/bin/ld) is GNU ld
configure:6636: result: no
configure:6648: checking for BSD- or MS-compatible name lister (nm)
configure:6702: result: /usr/bin/nm -B
configure:6832: checking the name lister (/usr/bin/nm -B) interface
configure:6839: gcc -c -g -O2 -I/usr/local/opt/openssl/include conftest.c >&5
configure:6842: /usr/bin/nm -B "conftest.o"
configure:6845: output
00000000000001d0 S _some_variable
configure:6852: result: BSD nm
configure:6855: checking whether ln -s works
configure:6859: result: yes
configure:6867: checking the maximum length of command line arguments
configure:6998: result: 196608
configure:7046: checking how to convert x86_64-apple-darwin18.0.0 file names to x86_64-apple-darwin18.0.0 format
configure:7086: result: func_convert_file_noop
configure:7093: checking how to convert x86_64-apple-darwin18.0.0 file names to toolchain format
configure:7113: result: func_convert_file_noop
configure:7120: checking for /Applications/Xcode.app/Contents/Developer/Toolchains/XcodeDefault.xctoolchain/usr/bin/ld option to reload object files
configure:7127: result: -r
configure:7201: checking for objdump
configure:7217: found /usr/bin/objdump
configure:7228: result: objdump
configure:7260: checking how to recognize dependent libraries
configure:7460: result: pass_all
configure:7545: checking for dlltool
configure:7575: result: no
configure:7605: checking how to associate runtime and link libraries
configure:7632: result: printf %s\n
configure:7693: checking for ar
configure:7709: found /usr/bin/ar
configure:7720: result: ar
configure:7757: checking for archiver @FILE support
configure:7774: gcc -c -g -O2 -I/usr/local/opt/openssl/include conftest.c >&5
configure:7774: $? = 0
configure:7777: ar cru libconftest.a @conftest.lst >&5
ar: @conftest.lst: No such file or directory
configure:7780: $? = 1
configure:7800: result: no
configure:7858: checking for strip
configure:7874: found /usr/bin/strip
configure:7885: result: strip
configure:7957: checking for ranlib
configure:7973: found /usr/bin/ranlib
configure:7984: result: ranlib
configure:8086: checking command to parse /usr/bin/nm -B output from gcc object
configure:8239: gcc -c -g -O2 -I/usr/local/opt/openssl/include conftest.c >&5
configure:8242: $? = 0
configure:8246: /usr/bin/nm -B conftest.o \| sed -n -e 's/^.*[ ]\([BCDEGRST][BCDEGRST]*\)[ ][ ]*\([_A-Za-z][_A-Za-z0-9]*\)$/\1 \2 \2/p' | sed '/ __gnu_lto/d' \> conftest.nm
configure:8249: $? = 0
cannot find nm_test_var in conftest.nm
configure:8239: gcc -c -g -O2 -I/usr/local/opt/openssl/include conftest.c >&5
configure:8242: $? = 0
configure:8246: /usr/bin/nm -B conftest.o \| sed -n -e 's/^.*[ ]\([BCDEGRST][BCDEGRST]*\)[ ][ ]*_\([_A-Za-z][_A-Za-z0-9]*\)$/\1 _\2 \2/p' | sed '/ __gnu_lto/d' \> conftest.nm
configure:8249: $? = 0
configure:8315: gcc -o conftest -g -O2 -I/usr/local/opt/openssl/include -L/usr/local/opt/openssl/lib conftest.c conftstm.o >&5
warning: (x86_64)  could not find object file symbol for symbol _main
configure:8318: $? = 0
configure:8356: result: ok
configure:8403: checking for sysroot
configure:8433: result: no
configure:8440: checking for a working dd
configure:8478: result: /bin/dd
configure:8482: checking how to truncate binary pipes
configure:8497: result: /bin/dd bs=4096 count=1
configure:8826: checking for mt
configure:8856: result: no
configure:8876: checking if : is a manifest tool
configure:8882: : '-?'
configure:8890: result: no
configure:8946: checking for dsymutil
configure:8962: found /usr/bin/dsymutil
configure:8973: result: dsymutil
configure:9038: checking for nmedit
configure:9054: found /usr/bin/nmedit
configure:9065: result: nmedit
configure:9130: checking for lipo
configure:9146: found /usr/bin/lipo
configure:9157: result: lipo
configure:9222: checking for otool
configure:9238: found /usr/bin/otool
configure:9249: result: otool
configure:9314: checking for otool64
configure:9344: result: no
configure:9389: checking for -single_module linker flag
gcc -g -O2 -L/usr/local/opt/openssl/lib -o libconftest.dylib -dynamiclib -Wl,-single_module conftest.c
configure:9422: result: yes
configure:9425: checking for -exported_symbols_list linker flag
configure:9445: gcc -o conftest -g -O2 -I/usr/local/opt/openssl/include -L/usr/local/opt/openssl/lib -Wl,-exported_symbols_list,conftest.sym conftest.c  >&5
configure:9445: $? = 0
configure:9455: result: yes
configure:9458: checking for -force_load linker flag
gcc -g -O2 -c -o conftest.o conftest.c
ar cru libconftest.a conftest.o
ranlib libconftest.a
gcc -g -O2 -L/usr/local/opt/openssl/lib -o conftest conftest.c -Wl,-force_load,./libconftest.a
configure:9490: result: yes
configure:9567: checking how to run the C preprocessor
configure:9598: gcc -E -I/usr/local/opt/openssl/include conftest.c
configure:9598: $? = 0
configure:9612: gcc -E -I/usr/local/opt/openssl/include conftest.c
conftest.c:10:10: fatal error: 'ac_nonexistent.h' file not found
#include <ac_nonexistent.h>
         ^~~~~~~~~~~~~~~~~~
1 error generated.
configure:9612: $? = 1
configure: failed program was:
| /* confdefs.h */
| #define PACKAGE_NAME "coinmegatrend Core"
| #define PACKAGE_TARNAME "coinmegatrend"
| #define PACKAGE_VERSION "1.0.0"
| #define PACKAGE_STRING "coinmegatrend Core 1.0.0"
| #define PACKAGE_BUGREPORT "www.coinmegatrend.org"
| #define PACKAGE_URL ""
| #define HAVE_CXX11 1
| /* end confdefs.h.  */
| #include <ac_nonexistent.h>
configure:9637: result: gcc -E
configure:9657: gcc -E -I/usr/local/opt/openssl/include conftest.c
configure:9657: $? = 0
configure:9671: gcc -E -I/usr/local/opt/openssl/include conftest.c
conftest.c:10:10: fatal error: 'ac_nonexistent.h' file not found
#include <ac_nonexistent.h>
         ^~~~~~~~~~~~~~~~~~
1 error generated.
configure:9671: $? = 1
configure: failed program was:
| /* confdefs.h */
| #define PACKAGE_NAME "coinmegatrend Core"
| #define PACKAGE_TARNAME "coinmegatrend"
| #define PACKAGE_VERSION "1.0.0"
| #define PACKAGE_STRING "coinmegatrend Core 1.0.0"
| #define PACKAGE_BUGREPORT "www.coinmegatrend.org"
| #define PACKAGE_URL ""
| #define HAVE_CXX11 1
| /* end confdefs.h.  */
| #include <ac_nonexistent.h>
configure:9700: checking for ANSI C header files
configure:9720: gcc -c -g -O2 -I/usr/local/opt/openssl/include conftest.c >&5
configure:9720: $? = 0
configure:9793: gcc -o conftest -g -O2 -I/usr/local/opt/openssl/include -L/usr/local/opt/openssl/lib conftest.c  >&5
configure:9793: $? = 0
configure:9793: ./conftest
configure:9793: $? = 0
configure:9804: result: yes
configure:9817: checking for sys/types.h
configure:9817: gcc -c -g -O2 -I/usr/local/opt/openssl/include conftest.c >&5
configure:9817: $? = 0
configure:9817: result: yes
configure:9817: checking for sys/stat.h
configure:9817: gcc -c -g -O2 -I/usr/local/opt/openssl/include conftest.c >&5
configure:9817: $? = 0
configure:9817: result: yes
configure:9817: checking for stdlib.h
configure:9817: gcc -c -g -O2 -I/usr/local/opt/openssl/include conftest.c >&5
configure:9817: $? = 0
configure:9817: result: yes
configure:9817: checking for string.h
configure:9817: gcc -c -g -O2 -I/usr/local/opt/openssl/include conftest.c >&5
configure:9817: $? = 0
configure:9817: result: yes
configure:9817: checking for memory.h
configure:9817: gcc -c -g -O2 -I/usr/local/opt/openssl/include conftest.c >&5
configure:9817: $? = 0
configure:9817: result: yes
configure:9817: checking for strings.h
configure:9817: gcc -c -g -O2 -I/usr/local/opt/openssl/include conftest.c >&5
configure:9817: $? = 0
configure:9817: result: yes
configure:9817: checking for inttypes.h
configure:9817: gcc -c -g -O2 -I/usr/local/opt/openssl/include conftest.c >&5
configure:9817: $? = 0
configure:9817: result: yes
configure:9817: checking for stdint.h
configure:9817: gcc -c -g -O2 -I/usr/local/opt/openssl/include conftest.c >&5
configure:9817: $? = 0
configure:9817: result: yes
configure:9817: checking for unistd.h
configure:9817: gcc -c -g -O2 -I/usr/local/opt/openssl/include conftest.c >&5
configure:9817: $? = 0
configure:9817: result: yes
configure:9831: checking for dlfcn.h
configure:9831: gcc -c -g -O2 -I/usr/local/opt/openssl/include conftest.c >&5
configure:9831: $? = 0
configure:9831: result: yes
configure:10096: checking for objdir
configure:10111: result: .libs
configure:10375: checking if gcc supports -fno-rtti -fno-exceptions
configure:10393: gcc -c -g -O2 -I/usr/local/opt/openssl/include -fno-rtti -fno-exceptions conftest.c >&5
configure:10397: $? = 0
configure:10410: result: yes
configure:10768: checking for gcc option to produce PIC
configure:10775: result: -fno-common -DPIC
configure:10783: checking if gcc PIC flag -fno-common -DPIC works
configure:10801: gcc -c -g -O2 -I/usr/local/opt/openssl/include -fno-common -DPIC -DPIC conftest.c >&5
configure:10805: $? = 0
configure:10818: result: yes
configure:10847: checking if gcc static flag -static works
configure:10875: result: no
configure:10890: checking if gcc supports -c -o file.o
configure:10911: gcc -c -g -O2 -I/usr/local/opt/openssl/include -o out/conftest2.o conftest.c >&5
configure:10915: $? = 0
configure:10937: result: yes
configure:10945: checking if gcc supports -c -o file.o
configure:10992: result: yes
configure:11025: checking whether the gcc linker (/Applications/Xcode.app/Contents/Developer/Toolchains/XcodeDefault.xctoolchain/usr/bin/ld) supports shared libraries
configure:12284: result: yes
configure:12524: checking dynamic linker characteristics
configure:13342: result: darwin18.0.0 dyld
configure:13464: checking how to hardcode library paths into programs
configure:13489: result: immediate
configure:14037: checking whether stripping libraries is possible
configure:14051: result: yes
configure:14077: checking if libtool supports shared libraries
configure:14079: result: yes
configure:14082: checking whether to build shared libraries
configure:14107: result: no
configure:14110: checking whether to build static libraries
configure:14114: result: yes
configure:14137: checking how to run the C++ preprocessor
configure:14164: g++ -std=c++11 -E -I/usr/local/opt/openssl/include conftest.cpp
configure:14164: $? = 0
configure:14178: g++ -std=c++11 -E -I/usr/local/opt/openssl/include conftest.cpp
conftest.cpp:22:10: fatal error: 'ac_nonexistent.h' file not found
#include <ac_nonexistent.h>
         ^~~~~~~~~~~~~~~~~~
1 error generated.
configure:14178: $? = 1
configure: failed program was:
| /* confdefs.h */
| #define PACKAGE_NAME "coinmegatrend Core"
| #define PACKAGE_TARNAME "coinmegatrend"
| #define PACKAGE_VERSION "1.0.0"
| #define PACKAGE_STRING "coinmegatrend Core 1.0.0"
| #define PACKAGE_BUGREPORT "www.coinmegatrend.org"
| #define PACKAGE_URL ""
| #define HAVE_CXX11 1
| #define STDC_HEADERS 1
| #define HAVE_SYS_TYPES_H 1
| #define HAVE_SYS_STAT_H 1
| #define HAVE_STDLIB_H 1
| #define HAVE_STRING_H 1
| #define HAVE_MEMORY_H 1
| #define HAVE_STRINGS_H 1
| #define HAVE_INTTYPES_H 1
| #define HAVE_STDINT_H 1
| #define HAVE_UNISTD_H 1
| #define HAVE_DLFCN_H 1
| #define LT_OBJDIR ".libs/"
| /* end confdefs.h.  */
| #include <ac_nonexistent.h>
configure:14203: result: g++ -std=c++11 -E
configure:14223: g++ -std=c++11 -E -I/usr/local/opt/openssl/include conftest.cpp
configure:14223: $? = 0
configure:14237: g++ -std=c++11 -E -I/usr/local/opt/openssl/include conftest.cpp
conftest.cpp:22:10: fatal error: 'ac_nonexistent.h' file not found
#include <ac_nonexistent.h>
         ^~~~~~~~~~~~~~~~~~
1 error generated.
configure:14237: $? = 1
configure: failed program was:
| /* confdefs.h */
| #define PACKAGE_NAME "coinmegatrend Core"
| #define PACKAGE_TARNAME "coinmegatrend"
| #define PACKAGE_VERSION "1.0.0"
| #define PACKAGE_STRING "coinmegatrend Core 1.0.0"
| #define PACKAGE_BUGREPORT "www.coinmegatrend.org"
| #define PACKAGE_URL ""
| #define HAVE_CXX11 1
| #define STDC_HEADERS 1
| #define HAVE_SYS_TYPES_H 1
| #define HAVE_SYS_STAT_H 1
| #define HAVE_STDLIB_H 1
| #define HAVE_STRING_H 1
| #define HAVE_MEMORY_H 1
| #define HAVE_STRINGS_H 1
| #define HAVE_INTTYPES_H 1
| #define HAVE_STDINT_H 1
| #define HAVE_UNISTD_H 1
| #define HAVE_DLFCN_H 1
| #define LT_OBJDIR ".libs/"
| /* end confdefs.h.  */
| #include <ac_nonexistent.h>
configure:14399: checking for ld used by g++ -std=c++11
configure:14466: result: /Applications/Xcode.app/Contents/Developer/Toolchains/XcodeDefault.xctoolchain/usr/bin/ld
configure:14473: checking if the linker (/Applications/Xcode.app/Contents/Developer/Toolchains/XcodeDefault.xctoolchain/usr/bin/ld) is GNU ld
configure:14488: result: no
configure:14543: checking whether the g++ -std=c++11 linker (/Applications/Xcode.app/Contents/Developer/Toolchains/XcodeDefault.xctoolchain/usr/bin/ld) supports shared libraries
configure:15616: result: yes
configure:15652: g++ -std=c++11 -c -g -O2 -I/usr/local/opt/openssl/include conftest.cpp >&5
configure:15655: $? = 0
configure:16136: checking for g++ -std=c++11 option to produce PIC
configure:16143: result: -fno-common -DPIC
configure:16151: checking if g++ -std=c++11 PIC flag -fno-common -DPIC works
configure:16169: g++ -std=c++11 -c -g -O2 -I/usr/local/opt/openssl/include -fno-common -DPIC -DPIC conftest.cpp >&5
configure:16173: $? = 0
configure:16186: result: yes
configure:16209: checking if g++ -std=c++11 static flag -static works
configure:16237: result: no
configure:16249: checking if g++ -std=c++11 supports -c -o file.o
configure:16270: g++ -std=c++11 -c -g -O2 -I/usr/local/opt/openssl/include -o out/conftest2.o conftest.cpp >&5
configure:16274: $? = 0
configure:16296: result: yes
configure:16301: checking if g++ -std=c++11 supports -c -o file.o
configure:16348: result: yes
configure:16378: checking whether the g++ -std=c++11 linker (/Applications/Xcode.app/Contents/Developer/Toolchains/XcodeDefault.xctoolchain/usr/bin/ld) supports shared libraries
configure:16418: result: yes
configure:16559: checking dynamic linker characteristics
configure:17304: result: darwin18.0.0 dyld
configure:17369: checking how to hardcode library paths into programs
configure:17394: result: immediate
configure:17502: checking for ar
configure:17520: found /usr/bin/ar
configure:17532: result: /usr/bin/ar
configure:17600: checking for ranlib
configure:17618: found /usr/bin/ranlib
configure:17630: result: /usr/bin/ranlib
configure:17698: checking for strip
configure:17716: found /usr/bin/strip
configure:17728: result: /usr/bin/strip
configure:17796: checking for gcov
configure:17814: found /usr/bin/gcov
configure:17826: result: /usr/bin/gcov
configure:17850: checking for lcov
configure:17883: result: no
configure:17890: checking for java
configure:17908: found /usr/bin/java
configure:17920: result: /usr/bin/java
configure:17932: checking for python3
configure:17950: found /usr/local/bin/python3
configure:17962: result: /usr/local/bin/python3
configure:17975: checking for genhtml
configure:18008: result: no
configure:18015: checking for git
configure:18033: found /usr/local/bin/git
configure:18045: result: /usr/local/bin/git
configure:18055: checking for ccache
configure:18088: result: no
configure:18095: checking for xgettext
configure:18128: result: no
configure:18135: checking for hexdump
configure:18153: found /usr/bin/hexdump
configure:18165: result: /usr/bin/hexdump
configure:18219: checking for readelf
configure:18252: result: no
configure:18317: checking for c++filt
configure:18335: found /usr/bin/c++filt
configure:18347: result: /usr/bin/c++filt
configure:18415: checking for objcopy
configure:18448: result: no
configure:19644: checking for port
configure:19674: result: no
configure:19692: checking for rsvg-convert
configure:19710: found /usr/local/bin/rsvg-convert
configure:19722: result: /usr/local/bin/rsvg-convert
configure:19736: checking for brew
configure:19752: found /usr/local/bin/brew
configure:19763: result: brew
configure:20181: checking whether the linker accepts -Wl,-headerpad_max_install_names
configure:20200: g++ -std=c++11 -o conftest -g -O2 -Wall -Wextra -Wformat -Wformat-security -Wno-unused-parameter -I/usr/local/opt/openssl/include -DBOOST_SPIRIT_THREADSAFE -DHAVE_BUILD_INFO -D__STDC_FORMAT_MACROS -I/usr/local/opt/berkeley-db@4/include -L/usr/local/opt/openssl/lib  -Wl,-headerpad_max_install_names conftest.cpp  -L/usr/local/opt/berkeley-db@4/lib >&5
configure:20200: $? = 0
configure:20209: result: yes
configure:20283: checking for pkg-config
configure:20301: found /usr/local/bin/pkg-config
configure:20313: result: /usr/local/bin/pkg-config
configure:20338: checking pkg-config is at least version 0.9.0
configure:20341: result: yes
configure:20425: checking whether byte ordering is bigendian
configure:20440: g++ -std=c++11 -c -g -O2 -Wall -Wextra -Wformat -Wformat-security -Wno-unused-parameter -I/usr/local/opt/openssl/include -DBOOST_SPIRIT_THREADSAFE -DHAVE_BUILD_INFO -D__STDC_FORMAT_MACROS -I/usr/local/opt/berkeley-db@4/include -DMAC_OSX conftest.cpp >&5
configure:20440: $? = 0
configure:20485: g++ -std=c++11 -c -g -O2 -Wall -Wextra -Wformat -Wformat-security -Wno-unused-parameter -I/usr/local/opt/openssl/include -DBOOST_SPIRIT_THREADSAFE -DHAVE_BUILD_INFO -D__STDC_FORMAT_MACROS -I/usr/local/opt/berkeley-db@4/include -DMAC_OSX conftest.cpp >&5
configure:20485: $? = 0
configure:20503: g++ -std=c++11 -c -g -O2 -Wall -Wextra -Wformat -Wformat-security -Wno-unused-parameter -I/usr/local/opt/openssl/include -DBOOST_SPIRIT_THREADSAFE -DHAVE_BUILD_INFO -D__STDC_FORMAT_MACROS -I/usr/local/opt/berkeley-db@4/include -DMAC_OSX conftest.cpp >&5
conftest.cpp:29:11: error: expected ';' after expression
                 not big endian
                        ^
                        ;
conftest.cpp:29:8: error: use of undeclared identifier 'big'
                 not big endian
                     ^
conftest.cpp:29:12: error: use of undeclared identifier 'endian'
                 not big endian
                         ^
3 errors generated.
configure:20503: $? = 1
configure: failed program was:
| /* confdefs.h */
| #define PACKAGE_NAME "coinmegatrend Core"
| #define PACKAGE_TARNAME "coinmegatrend"
| #define PACKAGE_VERSION "1.0.0"
| #define PACKAGE_STRING "coinmegatrend Core 1.0.0"
| #define PACKAGE_BUGREPORT "www.coinmegatrend.org"
| #define PACKAGE_URL ""
| #define HAVE_CXX11 1
| #define STDC_HEADERS 1
| #define HAVE_SYS_TYPES_H 1
| #define HAVE_SYS_STAT_H 1
| #define HAVE_STDLIB_H 1
| #define HAVE_STRING_H 1
| #define HAVE_MEMORY_H 1
| #define HAVE_STRINGS_H 1
| #define HAVE_INTTYPES_H 1
| #define HAVE_STDINT_H 1
| #define HAVE_UNISTD_H 1
| #define HAVE_DLFCN_H 1
| #define LT_OBJDIR ".libs/"
| /* end confdefs.h.  */
| #include <sys/types.h>
| 		#include <sys/param.h>
| 
| int
| main ()
| {
| #if BYTE_ORDER != BIG_ENDIAN
| 		 not big endian
| 		#endif
| 
|   ;
|   return 0;
| }
configure:20631: result: no
configure:20761: checking if compiler needs -Werror to reject unknown flags
configure:20777: gcc -c -g -O2 -Werror -Wunknown-warning-option -Wsizeof-array-argument -I/usr/local/opt/openssl/include -DBOOST_SPIRIT_THREADSAFE -DHAVE_BUILD_INFO -D__STDC_FORMAT_MACROS -I/usr/local/opt/berkeley-db@4/include -DMAC_OSX conftest.c >&5
configure:20777: $? = 0
configure:20778: result: yes
configure:20798: checking whether pthreads work with -pthread
configure:20886: gcc -o conftest -g -O2 -pthread -Werror -I/usr/local/opt/openssl/include -DBOOST_SPIRIT_THREADSAFE -DHAVE_BUILD_INFO -D__STDC_FORMAT_MACROS -I/usr/local/opt/berkeley-db@4/include -DMAC_OSX -L/usr/local/opt/openssl/lib -Wl,-headerpad_max_install_names conftest.c   -L/usr/local/opt/berkeley-db@4/lib >&5
configure:20886: $? = 0
configure:20895: result: yes
configure:20914: checking for joinable pthread attribute
configure:20929: gcc -o conftest -g -O2 -pthread -I/usr/local/opt/openssl/include -DBOOST_SPIRIT_THREADSAFE -DHAVE_BUILD_INFO -D__STDC_FORMAT_MACROS -I/usr/local/opt/berkeley-db@4/include -DMAC_OSX -L/usr/local/opt/openssl/lib -Wl,-headerpad_max_install_names conftest.c   -L/usr/local/opt/berkeley-db@4/lib >&5
configure:20929: $? = 0
configure:20935: result: PTHREAD_CREATE_JOINABLE
configure:20945: checking if more special flags are required for pthreads
configure:20960: result: -D_THREAD_SAFE
configure:20966: checking for PTHREAD_PRIO_INHERIT
configure:20983: gcc -o conftest -g -O2 -pthread -I/usr/local/opt/openssl/include -DBOOST_SPIRIT_THREADSAFE -DHAVE_BUILD_INFO -D__STDC_FORMAT_MACROS -I/usr/local/opt/berkeley-db@4/include -DMAC_OSX -L/usr/local/opt/openssl/lib -Wl,-headerpad_max_install_names conftest.c   -L/usr/local/opt/berkeley-db@4/lib >&5
configure:20983: $? = 0
configure:20992: result: yes
configure:21102: checking for special C compiler options needed for large files
configure:21147: result: no
configure:21153: checking for _FILE_OFFSET_BITS value needed for large files
configure:21178: g++ -std=c++11 -c -g -O2 -Wall -Wextra -Wformat -Wformat-security -Wno-unused-parameter -I/usr/local/opt/openssl/include -DBOOST_SPIRIT_THREADSAFE -DHAVE_BUILD_INFO -D__STDC_FORMAT_MACROS -I/usr/local/opt/berkeley-db@4/include -DMAC_OSX conftest.cpp >&5
configure:21178: $? = 0
configure:21210: result: no
configure:21296: checking whether strerror_r is declared
configure:21296: g++ -std=c++11 -c -g -O2 -Wall -Wextra -Wformat -Wformat-security -Wno-unused-parameter -I/usr/local/opt/openssl/include -DBOOST_SPIRIT_THREADSAFE -DHAVE_BUILD_INFO -D__STDC_FORMAT_MACROS -I/usr/local/opt/berkeley-db@4/include -DMAC_OSX conftest.cpp >&5
configure:21296: $? = 0
configure:21296: result: yes
configure:21309: checking for strerror_r
configure:21309: g++ -std=c++11 -o conftest -g -O2 -Wall -Wextra -Wformat -Wformat-security -Wno-unused-parameter -I/usr/local/opt/openssl/include -DBOOST_SPIRIT_THREADSAFE -DHAVE_BUILD_INFO -D__STDC_FORMAT_MACROS -I/usr/local/opt/berkeley-db@4/include -DMAC_OSX -L/usr/local/opt/openssl/lib -Wl,-headerpad_max_install_names conftest.cpp  -L/usr/local/opt/berkeley-db@4/lib >&5
configure:21309: $? = 0
configure:21309: result: yes
configure:21318: checking whether strerror_r returns char *
configure:21342: g++ -std=c++11 -c -g -O2 -Wall -Wextra -Wformat -Wformat-security -Wno-unused-parameter -I/usr/local/opt/openssl/include -DBOOST_SPIRIT_THREADSAFE -DHAVE_BUILD_INFO -D__STDC_FORMAT_MACROS -I/usr/local/opt/berkeley-db@4/include -DMAC_OSX conftest.cpp >&5
conftest.cpp:64:13: error: indirection requires pointer operand ('int' invalid)
          char x = *strerror_r (0, buf, sizeof buf);
                   ^~~~~~~~~~~~~~~~~~~~~~~~~~~~~~~~
conftest.cpp:65:10: error: cannot initialize a variable of type 'char *' with an rvalue of type 'int'
          char *p = strerror_r (0, buf, sizeof buf);
                ^   ~~~~~~~~~~~~~~~~~~~~~~~~~~~~~~~
2 errors generated.
configure:21342: $? = 1
configure: failed program was:
| /* confdefs.h */
| #define PACKAGE_NAME "coinmegatrend Core"
| #define PACKAGE_TARNAME "coinmegatrend"
| #define PACKAGE_VERSION "1.0.0"
| #define PACKAGE_STRING "coinmegatrend Core 1.0.0"
| #define PACKAGE_BUGREPORT "www.coinmegatrend.org"
| #define PACKAGE_URL ""
| #define HAVE_CXX11 1
| #define STDC_HEADERS 1
| #define HAVE_SYS_TYPES_H 1
| #define HAVE_SYS_STAT_H 1
| #define HAVE_STDLIB_H 1
| #define HAVE_STRING_H 1
| #define HAVE_MEMORY_H 1
| #define HAVE_STRINGS_H 1
| #define HAVE_INTTYPES_H 1
| #define HAVE_STDINT_H 1
| #define HAVE_UNISTD_H 1
| #define HAVE_DLFCN_H 1
| #define LT_OBJDIR ".libs/"
| #define HAVE_PTHREAD_PRIO_INHERIT 1
| #define HAVE_PTHREAD 1
| #define HAVE_DECL_STRERROR_R 1
| #define HAVE_STRERROR_R 1
| /* end confdefs.h.  */
| #include <stdio.h>
| #ifdef HAVE_SYS_TYPES_H
| # include <sys/types.h>
| #endif
| #ifdef HAVE_SYS_STAT_H
| # include <sys/stat.h>
| #endif
| #ifdef STDC_HEADERS
| # include <stdlib.h>
| # include <stddef.h>
| #else
| # ifdef HAVE_STDLIB_H
| #  include <stdlib.h>
| # endif
| #endif
| #ifdef HAVE_STRING_H
| # if !defined STDC_HEADERS && defined HAVE_MEMORY_H
| #  include <memory.h>
| # endif
| # include <string.h>
| #endif
| #ifdef HAVE_STRINGS_H
| # include <strings.h>
| #endif
| #ifdef HAVE_INTTYPES_H
| # include <inttypes.h>
| #endif
| #ifdef HAVE_STDINT_H
| # include <stdint.h>
| #endif
| #ifdef HAVE_UNISTD_H
| # include <unistd.h>
| #endif
| int
| main ()
| {
| 
| 	  char buf[100];
| 	  char x = *strerror_r (0, buf, sizeof buf);
| 	  char *p = strerror_r (0, buf, sizeof buf);
| 	  return !p || x;
| 
|   ;
|   return 0;
| }
configure:21380: result: no
configure:21401: checking whether the linker accepts -Wl,--large-address-aware
configure:21420: g++ -std=c++11 -o conftest -g -O2 -Wall -Wextra -Wformat -Wformat-security -Wno-unused-parameter -I/usr/local/opt/openssl/include -DBOOST_SPIRIT_THREADSAFE -DHAVE_BUILD_INFO -D__STDC_FORMAT_MACROS -I/usr/local/opt/berkeley-db@4/include -DMAC_OSX -L/usr/local/opt/openssl/lib -Wl,-headerpad_max_install_names  -Wl,--large-address-aware conftest.cpp  -L/usr/local/opt/berkeley-db@4/lib >&5
ld: unknown option: --large-address-aware
clang: error: linker command failed with exit code 1 (use -v to see invocation)
configure:21420: $? = 1
configure: failed program was:
| /* confdefs.h */
| #define PACKAGE_NAME "coinmegatrend Core"
| #define PACKAGE_TARNAME "coinmegatrend"
| #define PACKAGE_VERSION "1.0.0"
| #define PACKAGE_STRING "coinmegatrend Core 1.0.0"
| #define PACKAGE_BUGREPORT "www.coinmegatrend.org"
| #define PACKAGE_URL ""
| #define HAVE_CXX11 1
| #define STDC_HEADERS 1
| #define HAVE_SYS_TYPES_H 1
| #define HAVE_SYS_STAT_H 1
| #define HAVE_STDLIB_H 1
| #define HAVE_STRING_H 1
| #define HAVE_MEMORY_H 1
| #define HAVE_STRINGS_H 1
| #define HAVE_INTTYPES_H 1
| #define HAVE_STDINT_H 1
| #define HAVE_UNISTD_H 1
| #define HAVE_DLFCN_H 1
| #define LT_OBJDIR ".libs/"
| #define HAVE_PTHREAD_PRIO_INHERIT 1
| #define HAVE_PTHREAD 1
| #define HAVE_DECL_STRERROR_R 1
| #define HAVE_STRERROR_R 1
| /* end confdefs.h.  */
| 
| int
| main ()
| {
| 
|   ;
|   return 0;
| }
configure:21429: result: no
configure:21441: checking for __attribute__((visibility))
configure:21463: g++ -std=c++11 -o conftest -g -O2 -Wall -Wextra -Wformat -Wformat-security -Wno-unused-parameter -I/usr/local/opt/openssl/include -DBOOST_SPIRIT_THREADSAFE -DHAVE_BUILD_INFO -D__STDC_FORMAT_MACROS -I/usr/local/opt/berkeley-db@4/include -DMAC_OSX -L/usr/local/opt/openssl/lib -Wl,-headerpad_max_install_names conftest.cpp  -L/usr/local/opt/berkeley-db@4/lib >&5
configure:21463: $? = 0
configure:21476: result: yes
configure:21492: checking for __attribute__((dllexport))
configure:21513: g++ -std=c++11 -o conftest -g -O2 -Wall -Wextra -Wformat -Wformat-security -Wno-unused-parameter -I/usr/local/opt/openssl/include -DBOOST_SPIRIT_THREADSAFE -DHAVE_BUILD_INFO -D__STDC_FORMAT_MACROS -I/usr/local/opt/berkeley-db@4/include -DMAC_OSX -L/usr/local/opt/openssl/lib -Wl,-headerpad_max_install_names conftest.cpp  -L/usr/local/opt/berkeley-db@4/lib >&5
conftest.cpp:29:36: warning: unknown attribute 'dllexport' ignored [-Wunknown-attributes]
                    __attribute__((dllexport)) int foo( void ) { return 0; }
                                   ^
1 warning generated.
configure:21513: $? = 0
configure:21526: result: no
configure:21542: checking for __attribute__((dllimport))
configure:21563: g++ -std=c++11 -o conftest -g -O2 -Wall -Wextra -Wformat -Wformat-security -Wno-unused-parameter -I/usr/local/opt/openssl/include -DBOOST_SPIRIT_THREADSAFE -DHAVE_BUILD_INFO -D__STDC_FORMAT_MACROS -I/usr/local/opt/berkeley-db@4/include -DMAC_OSX -L/usr/local/opt/openssl/lib -Wl,-headerpad_max_install_names conftest.cpp  -L/usr/local/opt/berkeley-db@4/lib >&5
conftest.cpp:29:52: warning: unknown attribute 'dllimport' ignored [-Wunknown-attributes]
                    int foo( void ) __attribute__((dllimport));
                                                   ^
1 warning generated.
configure:21563: $? = 0
configure:21576: result: no
configure:21629: checking whether C++ compiler accepts -Wstack-protector
configure:21648: g++ -std=c++11 -c -g -O2 -Wall -Wextra -Wformat -Wformat-security -Wno-unused-parameter  -Wstack-protector -I/usr/local/opt/openssl/include -DBOOST_SPIRIT_THREADSAFE -DHAVE_BUILD_INFO -D__STDC_FORMAT_MACROS -I/usr/local/opt/berkeley-db@4/include -DMAC_OSX conftest.cpp >&5
configure:21648: $? = 0
configure:21656: result: yes
configure:21664: checking whether C++ compiler accepts -fstack-protector-all
configure:21683: g++ -std=c++11 -c -g -O2 -Wall -Wextra -Wformat -Wformat-security -Wno-unused-parameter  -fstack-protector-all -I/usr/local/opt/openssl/include -DBOOST_SPIRIT_THREADSAFE -DHAVE_BUILD_INFO -D__STDC_FORMAT_MACROS -I/usr/local/opt/berkeley-db@4/include -DMAC_OSX conftest.cpp >&5
configure:21683: $? = 0
configure:21691: result: yes
configure:21701: checking whether C++ preprocessor accepts -D_FORTIFY_SOURCE=2
configure:21720: g++ -std=c++11 -E -I/usr/local/opt/openssl/include -DBOOST_SPIRIT_THREADSAFE -DHAVE_BUILD_INFO -D__STDC_FORMAT_MACROS -I/usr/local/opt/berkeley-db@4/include -DMAC_OSX  -D_FORTIFY_SOURCE=2 conftest.cpp
configure:21720: $? = 0
configure:21728: result: yes
configure:21732: checking whether C++ preprocessor accepts -U_FORTIFY_SOURCE
configure:21751: g++ -std=c++11 -E -I/usr/local/opt/openssl/include -DBOOST_SPIRIT_THREADSAFE -DHAVE_BUILD_INFO -D__STDC_FORMAT_MACROS -I/usr/local/opt/berkeley-db@4/include -DMAC_OSX  -U_FORTIFY_SOURCE conftest.cpp
configure:21751: $? = 0
configure:21759: result: yes
configure:21776: checking whether the linker accepts -Wl,--dynamicbase
configure:21795: g++ -std=c++11 -o conftest -g -O2 -Wall -Wextra -Wformat -Wformat-security -Wno-unused-parameter -I/usr/local/opt/openssl/include -DBOOST_SPIRIT_THREADSAFE -DHAVE_BUILD_INFO -D__STDC_FORMAT_MACROS -I/usr/local/opt/berkeley-db@4/include -DMAC_OSX -L/usr/local/opt/openssl/lib -Wl,-headerpad_max_install_names  -Wl,--dynamicbase conftest.cpp  -L/usr/local/opt/berkeley-db@4/lib >&5
ld: unknown option: --dynamicbase
clang: error: linker command failed with exit code 1 (use -v to see invocation)
configure:21795: $? = 1
configure: failed program was:
| /* confdefs.h */
| #define PACKAGE_NAME "coinmegatrend Core"
| #define PACKAGE_TARNAME "coinmegatrend"
| #define PACKAGE_VERSION "1.0.0"
| #define PACKAGE_STRING "coinmegatrend Core 1.0.0"
| #define PACKAGE_BUGREPORT "www.coinmegatrend.org"
| #define PACKAGE_URL ""
| #define HAVE_CXX11 1
| #define STDC_HEADERS 1
| #define HAVE_SYS_TYPES_H 1
| #define HAVE_SYS_STAT_H 1
| #define HAVE_STDLIB_H 1
| #define HAVE_STRING_H 1
| #define HAVE_MEMORY_H 1
| #define HAVE_STRINGS_H 1
| #define HAVE_INTTYPES_H 1
| #define HAVE_STDINT_H 1
| #define HAVE_UNISTD_H 1
| #define HAVE_DLFCN_H 1
| #define LT_OBJDIR ".libs/"
| #define HAVE_PTHREAD_PRIO_INHERIT 1
| #define HAVE_PTHREAD 1
| #define HAVE_DECL_STRERROR_R 1
| #define HAVE_STRERROR_R 1
| #define HAVE_FUNC_ATTRIBUTE_VISIBILITY 1
| /* end confdefs.h.  */
| 
| int
| main ()
| {
| 
|   ;
|   return 0;
| }
configure:21804: result: no
configure:21812: checking whether the linker accepts -Wl,--nxcompat
configure:21831: g++ -std=c++11 -o conftest -g -O2 -Wall -Wextra -Wformat -Wformat-security -Wno-unused-parameter -I/usr/local/opt/openssl/include -DBOOST_SPIRIT_THREADSAFE -DHAVE_BUILD_INFO -D__STDC_FORMAT_MACROS -I/usr/local/opt/berkeley-db@4/include -DMAC_OSX -L/usr/local/opt/openssl/lib -Wl,-headerpad_max_install_names  -Wl,--nxcompat conftest.cpp  -L/usr/local/opt/berkeley-db@4/lib >&5
ld: unknown option: --nxcompat
clang: error: linker command failed with exit code 1 (use -v to see invocation)
configure:21831: $? = 1
configure: failed program was:
| /* confdefs.h */
| #define PACKAGE_NAME "coinmegatrend Core"
| #define PACKAGE_TARNAME "coinmegatrend"
| #define PACKAGE_VERSION "1.0.0"
| #define PACKAGE_STRING "coinmegatrend Core 1.0.0"
| #define PACKAGE_BUGREPORT "www.coinmegatrend.org"
| #define PACKAGE_URL ""
| #define HAVE_CXX11 1
| #define STDC_HEADERS 1
| #define HAVE_SYS_TYPES_H 1
| #define HAVE_SYS_STAT_H 1
| #define HAVE_STDLIB_H 1
| #define HAVE_STRING_H 1
| #define HAVE_MEMORY_H 1
| #define HAVE_STRINGS_H 1
| #define HAVE_INTTYPES_H 1
| #define HAVE_STDINT_H 1
| #define HAVE_UNISTD_H 1
| #define HAVE_DLFCN_H 1
| #define LT_OBJDIR ".libs/"
| #define HAVE_PTHREAD_PRIO_INHERIT 1
| #define HAVE_PTHREAD 1
| #define HAVE_DECL_STRERROR_R 1
| #define HAVE_STRERROR_R 1
| #define HAVE_FUNC_ATTRIBUTE_VISIBILITY 1
| /* end confdefs.h.  */
| 
| int
| main ()
| {
| 
|   ;
|   return 0;
| }
configure:21840: result: no
configure:21848: checking whether the linker accepts -Wl,-z,relro
configure:21867: g++ -std=c++11 -o conftest -g -O2 -Wall -Wextra -Wformat -Wformat-security -Wno-unused-parameter -I/usr/local/opt/openssl/include -DBOOST_SPIRIT_THREADSAFE -DHAVE_BUILD_INFO -D__STDC_FORMAT_MACROS -I/usr/local/opt/berkeley-db@4/include -DMAC_OSX -L/usr/local/opt/openssl/lib -Wl,-headerpad_max_install_names  -Wl,-z,relro conftest.cpp  -L/usr/local/opt/berkeley-db@4/lib >&5
ld: unknown option: -z
clang: error: linker command failed with exit code 1 (use -v to see invocation)
configure:21867: $? = 1
configure: failed program was:
| /* confdefs.h */
| #define PACKAGE_NAME "coinmegatrend Core"
| #define PACKAGE_TARNAME "coinmegatrend"
| #define PACKAGE_VERSION "1.0.0"
| #define PACKAGE_STRING "coinmegatrend Core 1.0.0"
| #define PACKAGE_BUGREPORT "www.coinmegatrend.org"
| #define PACKAGE_URL ""
| #define HAVE_CXX11 1
| #define STDC_HEADERS 1
| #define HAVE_SYS_TYPES_H 1
| #define HAVE_SYS_STAT_H 1
| #define HAVE_STDLIB_H 1
| #define HAVE_STRING_H 1
| #define HAVE_MEMORY_H 1
| #define HAVE_STRINGS_H 1
| #define HAVE_INTTYPES_H 1
| #define HAVE_STDINT_H 1
| #define HAVE_UNISTD_H 1
| #define HAVE_DLFCN_H 1
| #define LT_OBJDIR ".libs/"
| #define HAVE_PTHREAD_PRIO_INHERIT 1
| #define HAVE_PTHREAD 1
| #define HAVE_DECL_STRERROR_R 1
| #define HAVE_STRERROR_R 1
| #define HAVE_FUNC_ATTRIBUTE_VISIBILITY 1
| /* end confdefs.h.  */
| 
| int
| main ()
| {
| 
|   ;
|   return 0;
| }
configure:21876: result: no
configure:21884: checking whether the linker accepts -Wl,-z,now
configure:21903: g++ -std=c++11 -o conftest -g -O2 -Wall -Wextra -Wformat -Wformat-security -Wno-unused-parameter -I/usr/local/opt/openssl/include -DBOOST_SPIRIT_THREADSAFE -DHAVE_BUILD_INFO -D__STDC_FORMAT_MACROS -I/usr/local/opt/berkeley-db@4/include -DMAC_OSX -L/usr/local/opt/openssl/lib -Wl,-headerpad_max_install_names  -Wl,-z,now conftest.cpp  -L/usr/local/opt/berkeley-db@4/lib >&5
ld: unknown option: -z
clang: error: linker command failed with exit code 1 (use -v to see invocation)
configure:21903: $? = 1
configure: failed program was:
| /* confdefs.h */
| #define PACKAGE_NAME "coinmegatrend Core"
| #define PACKAGE_TARNAME "coinmegatrend"
| #define PACKAGE_VERSION "1.0.0"
| #define PACKAGE_STRING "coinmegatrend Core 1.0.0"
| #define PACKAGE_BUGREPORT "www.coinmegatrend.org"
| #define PACKAGE_URL ""
| #define HAVE_CXX11 1
| #define STDC_HEADERS 1
| #define HAVE_SYS_TYPES_H 1
| #define HAVE_SYS_STAT_H 1
| #define HAVE_STDLIB_H 1
| #define HAVE_STRING_H 1
| #define HAVE_MEMORY_H 1
| #define HAVE_STRINGS_H 1
| #define HAVE_INTTYPES_H 1
| #define HAVE_STDINT_H 1
| #define HAVE_UNISTD_H 1
| #define HAVE_DLFCN_H 1
| #define LT_OBJDIR ".libs/"
| #define HAVE_PTHREAD_PRIO_INHERIT 1
| #define HAVE_PTHREAD 1
| #define HAVE_DECL_STRERROR_R 1
| #define HAVE_STRERROR_R 1
| #define HAVE_FUNC_ATTRIBUTE_VISIBILITY 1
| /* end confdefs.h.  */
| 
| int
| main ()
| {
| 
|   ;
|   return 0;
| }
configure:21912: result: no
configure:21923: checking whether C++ compiler accepts -fPIC
configure:21942: g++ -std=c++11 -c -g -O2 -Wall -Wextra -Wformat -Wformat-security -Wno-unused-parameter  -fPIC -I/usr/local/opt/openssl/include -DBOOST_SPIRIT_THREADSAFE -DHAVE_BUILD_INFO -D__STDC_FORMAT_MACROS -I/usr/local/opt/berkeley-db@4/include -DMAC_OSX conftest.cpp >&5
configure:21942: $? = 0
configure:21950: result: yes
configure:21958: checking whether the linker accepts -pic
configure:21977: g++ -std=c++11 -o conftest -g -O2 -Wall -Wextra -Wformat -Wformat-security -Wno-unused-parameter -I/usr/local/opt/openssl/include -DBOOST_SPIRIT_THREADSAFE -DHAVE_BUILD_INFO -D__STDC_FORMAT_MACROS -I/usr/local/opt/berkeley-db@4/include -DMAC_OSX -L/usr/local/opt/openssl/lib -Wl,-headerpad_max_install_names  -pic conftest.cpp  -L/usr/local/opt/berkeley-db@4/lib >&5
clang: error: unknown argument: '-pic'
configure:21977: $? = 1
configure: failed program was:
| /* confdefs.h */
| #define PACKAGE_NAME "coinmegatrend Core"
| #define PACKAGE_TARNAME "coinmegatrend"
| #define PACKAGE_VERSION "1.0.0"
| #define PACKAGE_STRING "coinmegatrend Core 1.0.0"
| #define PACKAGE_BUGREPORT "www.coinmegatrend.org"
| #define PACKAGE_URL ""
| #define HAVE_CXX11 1
| #define STDC_HEADERS 1
| #define HAVE_SYS_TYPES_H 1
| #define HAVE_SYS_STAT_H 1
| #define HAVE_STDLIB_H 1
| #define HAVE_STRING_H 1
| #define HAVE_MEMORY_H 1
| #define HAVE_STRINGS_H 1
| #define HAVE_INTTYPES_H 1
| #define HAVE_STDINT_H 1
| #define HAVE_UNISTD_H 1
| #define HAVE_DLFCN_H 1
| #define LT_OBJDIR ".libs/"
| #define HAVE_PTHREAD_PRIO_INHERIT 1
| #define HAVE_PTHREAD 1
| #define HAVE_DECL_STRERROR_R 1
| #define HAVE_STRERROR_R 1
| #define HAVE_FUNC_ATTRIBUTE_VISIBILITY 1
| /* end confdefs.h.  */
| 
| int
| main ()
| {
| 
|   ;
|   return 0;
| }
configure:21986: result: no
configure:22049: checking whether the linker accepts -Wl,-dead_strip
configure:22068: g++ -std=c++11 -o conftest -g -O2 -Wall -Wextra -Wformat -Wformat-security -Wno-unused-parameter  -Wstack-protector -fstack-protector-all -fPIC -I/usr/local/opt/openssl/include -DBOOST_SPIRIT_THREADSAFE -DHAVE_BUILD_INFO -D__STDC_FORMAT_MACROS -I/usr/local/opt/berkeley-db@4/include -DMAC_OSX  -U_FORTIFY_SOURCE -D_FORTIFY_SOURCE=2 -L/usr/local/opt/openssl/lib -Wl,-headerpad_max_install_names   -Wl,-dead_strip conftest.cpp  -L/usr/local/opt/berkeley-db@4/lib >&5
configure:22068: $? = 0
configure:22077: result: yes
configure:22090: checking endian.h usability
configure:22090: g++ -std=c++11 -c -g -O2 -Wall -Wextra -Wformat -Wformat-security -Wno-unused-parameter  -Wstack-protector -fstack-protector-all -fPIC -I/usr/local/opt/openssl/include -DBOOST_SPIRIT_THREADSAFE -DHAVE_BUILD_INFO -D__STDC_FORMAT_MACROS -I/usr/local/opt/berkeley-db@4/include -DMAC_OSX  -U_FORTIFY_SOURCE -D_FORTIFY_SOURCE=2 conftest.cpp >&5
conftest.cpp:60:10: fatal error: 'endian.h' file not found
#include <endian.h>
         ^~~~~~~~~~
1 error generated.
configure:22090: $? = 1
configure: failed program was:
| /* confdefs.h */
| #define PACKAGE_NAME "coinmegatrend Core"
| #define PACKAGE_TARNAME "coinmegatrend"
| #define PACKAGE_VERSION "1.0.0"
| #define PACKAGE_STRING "coinmegatrend Core 1.0.0"
| #define PACKAGE_BUGREPORT "www.coinmegatrend.org"
| #define PACKAGE_URL ""
| #define HAVE_CXX11 1
| #define STDC_HEADERS 1
| #define HAVE_SYS_TYPES_H 1
| #define HAVE_SYS_STAT_H 1
| #define HAVE_STDLIB_H 1
| #define HAVE_STRING_H 1
| #define HAVE_MEMORY_H 1
| #define HAVE_STRINGS_H 1
| #define HAVE_INTTYPES_H 1
| #define HAVE_STDINT_H 1
| #define HAVE_UNISTD_H 1
| #define HAVE_DLFCN_H 1
| #define LT_OBJDIR ".libs/"
| #define HAVE_PTHREAD_PRIO_INHERIT 1
| #define HAVE_PTHREAD 1
| #define HAVE_DECL_STRERROR_R 1
| #define HAVE_STRERROR_R 1
| #define HAVE_FUNC_ATTRIBUTE_VISIBILITY 1
| /* end confdefs.h.  */
| #include <stdio.h>
| #ifdef HAVE_SYS_TYPES_H
| # include <sys/types.h>
| #endif
| #ifdef HAVE_SYS_STAT_H
| # include <sys/stat.h>
| #endif
| #ifdef STDC_HEADERS
| # include <stdlib.h>
| # include <stddef.h>
| #else
| # ifdef HAVE_STDLIB_H
| #  include <stdlib.h>
| # endif
| #endif
| #ifdef HAVE_STRING_H
| # if !defined STDC_HEADERS && defined HAVE_MEMORY_H
| #  include <memory.h>
| # endif
| # include <string.h>
| #endif
| #ifdef HAVE_STRINGS_H
| # include <strings.h>
| #endif
| #ifdef HAVE_INTTYPES_H
| # include <inttypes.h>
| #endif
| #ifdef HAVE_STDINT_H
| # include <stdint.h>
| #endif
| #ifdef HAVE_UNISTD_H
| # include <unistd.h>
| #endif
| #include <endian.h>
configure:22090: result: no
configure:22090: checking endian.h presence
configure:22090: g++ -std=c++11 -E -I/usr/local/opt/openssl/include -DBOOST_SPIRIT_THREADSAFE -DHAVE_BUILD_INFO -D__STDC_FORMAT_MACROS -I/usr/local/opt/berkeley-db@4/include -DMAC_OSX  -U_FORTIFY_SOURCE -D_FORTIFY_SOURCE=2 conftest.cpp
conftest.cpp:27:10: fatal error: 'endian.h' file not found
#include <endian.h>
         ^~~~~~~~~~
1 error generated.
configure:22090: $? = 1
configure: failed program was:
| /* confdefs.h */
| #define PACKAGE_NAME "coinmegatrend Core"
| #define PACKAGE_TARNAME "coinmegatrend"
| #define PACKAGE_VERSION "1.0.0"
| #define PACKAGE_STRING "coinmegatrend Core 1.0.0"
| #define PACKAGE_BUGREPORT "www.coinmegatrend.org"
| #define PACKAGE_URL ""
| #define HAVE_CXX11 1
| #define STDC_HEADERS 1
| #define HAVE_SYS_TYPES_H 1
| #define HAVE_SYS_STAT_H 1
| #define HAVE_STDLIB_H 1
| #define HAVE_STRING_H 1
| #define HAVE_MEMORY_H 1
| #define HAVE_STRINGS_H 1
| #define HAVE_INTTYPES_H 1
| #define HAVE_STDINT_H 1
| #define HAVE_UNISTD_H 1
| #define HAVE_DLFCN_H 1
| #define LT_OBJDIR ".libs/"
| #define HAVE_PTHREAD_PRIO_INHERIT 1
| #define HAVE_PTHREAD 1
| #define HAVE_DECL_STRERROR_R 1
| #define HAVE_STRERROR_R 1
| #define HAVE_FUNC_ATTRIBUTE_VISIBILITY 1
| /* end confdefs.h.  */
| #include <endian.h>
configure:22090: result: no
configure:22090: checking for endian.h
configure:22090: result: no
configure:22090: checking stdio.h usability
configure:22090: g++ -std=c++11 -c -g -O2 -Wall -Wextra -Wformat -Wformat-security -Wno-unused-parameter  -Wstack-protector -fstack-protector-all -fPIC -I/usr/local/opt/openssl/include -DBOOST_SPIRIT_THREADSAFE -DHAVE_BUILD_INFO -D__STDC_FORMAT_MACROS -I/usr/local/opt/berkeley-db@4/include -DMAC_OSX  -U_FORTIFY_SOURCE -D_FORTIFY_SOURCE=2 conftest.cpp >&5
configure:22090: $? = 0
configure:22090: result: yes
configure:22090: checking stdio.h presence
configure:22090: g++ -std=c++11 -E -I/usr/local/opt/openssl/include -DBOOST_SPIRIT_THREADSAFE -DHAVE_BUILD_INFO -D__STDC_FORMAT_MACROS -I/usr/local/opt/berkeley-db@4/include -DMAC_OSX  -U_FORTIFY_SOURCE -D_FORTIFY_SOURCE=2 conftest.cpp
configure:22090: $? = 0
configure:22090: result: yes
configure:22090: checking for stdio.h
configure:22090: result: yes
configure:22090: checking for stdlib.h
configure:22090: result: yes
configure:22090: checking for unistd.h
configure:22090: result: yes
configure:22090: checking for strings.h
configure:22090: result: yes
configure:22090: checking for sys/types.h
configure:22090: result: yes
configure:22090: checking for sys/stat.h
configure:22090: result: yes
configure:22090: checking sys/select.h usability
configure:22090: g++ -std=c++11 -c -g -O2 -Wall -Wextra -Wformat -Wformat-security -Wno-unused-parameter  -Wstack-protector -fstack-protector-all -fPIC -I/usr/local/opt/openssl/include -DBOOST_SPIRIT_THREADSAFE -DHAVE_BUILD_INFO -D__STDC_FORMAT_MACROS -I/usr/local/opt/berkeley-db@4/include -DMAC_OSX  -U_FORTIFY_SOURCE -D_FORTIFY_SOURCE=2 conftest.cpp >&5
configure:22090: $? = 0
configure:22090: result: yes
configure:22090: checking sys/select.h presence
configure:22090: g++ -std=c++11 -E -I/usr/local/opt/openssl/include -DBOOST_SPIRIT_THREADSAFE -DHAVE_BUILD_INFO -D__STDC_FORMAT_MACROS -I/usr/local/opt/berkeley-db@4/include -DMAC_OSX  -U_FORTIFY_SOURCE -D_FORTIFY_SOURCE=2 conftest.cpp
configure:22090: $? = 0
configure:22090: result: yes
configure:22090: checking for sys/select.h
configure:22090: result: yes
configure:22090: checking sys/prctl.h usability
configure:22090: g++ -std=c++11 -c -g -O2 -Wall -Wextra -Wformat -Wformat-security -Wno-unused-parameter  -Wstack-protector -fstack-protector-all -fPIC -I/usr/local/opt/openssl/include -DBOOST_SPIRIT_THREADSAFE -DHAVE_BUILD_INFO -D__STDC_FORMAT_MACROS -I/usr/local/opt/berkeley-db@4/include -DMAC_OSX  -U_FORTIFY_SOURCE -D_FORTIFY_SOURCE=2 conftest.cpp >&5
conftest.cpp:67:10: fatal error: 'sys/prctl.h' file not found
#include <sys/prctl.h>
         ^~~~~~~~~~~~~
1 error generated.
configure:22090: $? = 1
configure: failed program was:
| /* confdefs.h */
| #define PACKAGE_NAME "coinmegatrend Core"
| #define PACKAGE_TARNAME "coinmegatrend"
| #define PACKAGE_VERSION "1.0.0"
| #define PACKAGE_STRING "coinmegatrend Core 1.0.0"
| #define PACKAGE_BUGREPORT "www.coinmegatrend.org"
| #define PACKAGE_URL ""
| #define HAVE_CXX11 1
| #define STDC_HEADERS 1
| #define HAVE_SYS_TYPES_H 1
| #define HAVE_SYS_STAT_H 1
| #define HAVE_STDLIB_H 1
| #define HAVE_STRING_H 1
| #define HAVE_MEMORY_H 1
| #define HAVE_STRINGS_H 1
| #define HAVE_INTTYPES_H 1
| #define HAVE_STDINT_H 1
| #define HAVE_UNISTD_H 1
| #define HAVE_DLFCN_H 1
| #define LT_OBJDIR ".libs/"
| #define HAVE_PTHREAD_PRIO_INHERIT 1
| #define HAVE_PTHREAD 1
| #define HAVE_DECL_STRERROR_R 1
| #define HAVE_STRERROR_R 1
| #define HAVE_FUNC_ATTRIBUTE_VISIBILITY 1
| #define HAVE_STDIO_H 1
| #define HAVE_STDLIB_H 1
| #define HAVE_UNISTD_H 1
| #define HAVE_STRINGS_H 1
| #define HAVE_SYS_TYPES_H 1
| #define HAVE_SYS_STAT_H 1
| #define HAVE_SYS_SELECT_H 1
| /* end confdefs.h.  */
| #include <stdio.h>
| #ifdef HAVE_SYS_TYPES_H
| # include <sys/types.h>
| #endif
| #ifdef HAVE_SYS_STAT_H
| # include <sys/stat.h>
| #endif
| #ifdef STDC_HEADERS
| # include <stdlib.h>
| # include <stddef.h>
| #else
| # ifdef HAVE_STDLIB_H
| #  include <stdlib.h>
| # endif
| #endif
| #ifdef HAVE_STRING_H
| # if !defined STDC_HEADERS && defined HAVE_MEMORY_H
| #  include <memory.h>
| # endif
| # include <string.h>
| #endif
| #ifdef HAVE_STRINGS_H
| # include <strings.h>
| #endif
| #ifdef HAVE_INTTYPES_H
| # include <inttypes.h>
| #endif
| #ifdef HAVE_STDINT_H
| # include <stdint.h>
| #endif
| #ifdef HAVE_UNISTD_H
| # include <unistd.h>
| #endif
| #include <sys/prctl.h>
configure:22090: result: no
configure:22090: checking sys/prctl.h presence
configure:22090: g++ -std=c++11 -E -I/usr/local/opt/openssl/include -DBOOST_SPIRIT_THREADSAFE -DHAVE_BUILD_INFO -D__STDC_FORMAT_MACROS -I/usr/local/opt/berkeley-db@4/include -DMAC_OSX  -U_FORTIFY_SOURCE -D_FORTIFY_SOURCE=2 conftest.cpp
conftest.cpp:34:10: fatal error: 'sys/prctl.h' file not found
#include <sys/prctl.h>
         ^~~~~~~~~~~~~
1 error generated.
configure:22090: $? = 1
configure: failed program was:
| /* confdefs.h */
| #define PACKAGE_NAME "coinmegatrend Core"
| #define PACKAGE_TARNAME "coinmegatrend"
| #define PACKAGE_VERSION "1.0.0"
| #define PACKAGE_STRING "coinmegatrend Core 1.0.0"
| #define PACKAGE_BUGREPORT "www.coinmegatrend.org"
| #define PACKAGE_URL ""
| #define HAVE_CXX11 1
| #define STDC_HEADERS 1
| #define HAVE_SYS_TYPES_H 1
| #define HAVE_SYS_STAT_H 1
| #define HAVE_STDLIB_H 1
| #define HAVE_STRING_H 1
| #define HAVE_MEMORY_H 1
| #define HAVE_STRINGS_H 1
| #define HAVE_INTTYPES_H 1
| #define HAVE_STDINT_H 1
| #define HAVE_UNISTD_H 1
| #define HAVE_DLFCN_H 1
| #define LT_OBJDIR ".libs/"
| #define HAVE_PTHREAD_PRIO_INHERIT 1
| #define HAVE_PTHREAD 1
| #define HAVE_DECL_STRERROR_R 1
| #define HAVE_STRERROR_R 1
| #define HAVE_FUNC_ATTRIBUTE_VISIBILITY 1
| #define HAVE_STDIO_H 1
| #define HAVE_STDLIB_H 1
| #define HAVE_UNISTD_H 1
| #define HAVE_STRINGS_H 1
| #define HAVE_SYS_TYPES_H 1
| #define HAVE_SYS_STAT_H 1
| #define HAVE_SYS_SELECT_H 1
| /* end confdefs.h.  */
| #include <sys/prctl.h>
configure:22090: result: no
configure:22090: checking for sys/prctl.h
configure:22090: result: no
configure:22100: checking for library containing getaddrinfo_a
configure:22131: g++ -std=c++11 -o conftest -g -O2 -Wall -Wextra -Wformat -Wformat-security -Wno-unused-parameter  -Wstack-protector -fstack-protector-all -fPIC -I/usr/local/opt/openssl/include -DBOOST_SPIRIT_THREADSAFE -DHAVE_BUILD_INFO -D__STDC_FORMAT_MACROS -I/usr/local/opt/berkeley-db@4/include -DMAC_OSX  -U_FORTIFY_SOURCE -D_FORTIFY_SOURCE=2 -L/usr/local/opt/openssl/lib -Wl,-headerpad_max_install_names  -Wl,-dead_strip conftest.cpp  -L/usr/local/opt/berkeley-db@4/lib >&5
Undefined symbols for architecture x86_64:
  "_getaddrinfo_a", referenced from:
      _main in conftest-ccd0ba.o
ld: symbol(s) not found for architecture x86_64
clang: error: linker command failed with exit code 1 (use -v to see invocation)
configure:22131: $? = 1
configure: failed program was:
| /* confdefs.h */
| #define PACKAGE_NAME "coinmegatrend Core"
| #define PACKAGE_TARNAME "coinmegatrend"
| #define PACKAGE_VERSION "1.0.0"
| #define PACKAGE_STRING "coinmegatrend Core 1.0.0"
| #define PACKAGE_BUGREPORT "www.coinmegatrend.org"
| #define PACKAGE_URL ""
| #define HAVE_CXX11 1
| #define STDC_HEADERS 1
| #define HAVE_SYS_TYPES_H 1
| #define HAVE_SYS_STAT_H 1
| #define HAVE_STDLIB_H 1
| #define HAVE_STRING_H 1
| #define HAVE_MEMORY_H 1
| #define HAVE_STRINGS_H 1
| #define HAVE_INTTYPES_H 1
| #define HAVE_STDINT_H 1
| #define HAVE_UNISTD_H 1
| #define HAVE_DLFCN_H 1
| #define LT_OBJDIR ".libs/"
| #define HAVE_PTHREAD_PRIO_INHERIT 1
| #define HAVE_PTHREAD 1
| #define HAVE_DECL_STRERROR_R 1
| #define HAVE_STRERROR_R 1
| #define HAVE_FUNC_ATTRIBUTE_VISIBILITY 1
| #define HAVE_STDIO_H 1
| #define HAVE_STDLIB_H 1
| #define HAVE_UNISTD_H 1
| #define HAVE_STRINGS_H 1
| #define HAVE_SYS_TYPES_H 1
| #define HAVE_SYS_STAT_H 1
| #define HAVE_SYS_SELECT_H 1
| /* end confdefs.h.  */
| 
| /* Override any GCC internal prototype to avoid an error.
|    Use char because int might match the return type of a GCC
|    builtin and then its argument prototype would still apply.  */
| #ifdef __cplusplus
| extern "C"
| #endif
| char getaddrinfo_a ();
| int
| main ()
| {
| return getaddrinfo_a ();
|   ;
|   return 0;
| }
configure:22131: g++ -std=c++11 -o conftest -g -O2 -Wall -Wextra -Wformat -Wformat-security -Wno-unused-parameter  -Wstack-protector -fstack-protector-all -fPIC -I/usr/local/opt/openssl/include -DBOOST_SPIRIT_THREADSAFE -DHAVE_BUILD_INFO -D__STDC_FORMAT_MACROS -I/usr/local/opt/berkeley-db@4/include -DMAC_OSX  -U_FORTIFY_SOURCE -D_FORTIFY_SOURCE=2 -L/usr/local/opt/openssl/lib -Wl,-headerpad_max_install_names  -Wl,-dead_strip conftest.cpp -lanl   -L/usr/local/opt/berkeley-db@4/lib >&5
ld: library not found for -lanl
clang: error: linker command failed with exit code 1 (use -v to see invocation)
configure:22131: $? = 1
configure: failed program was:
| /* confdefs.h */
| #define PACKAGE_NAME "coinmegatrend Core"
| #define PACKAGE_TARNAME "coinmegatrend"
| #define PACKAGE_VERSION "1.0.0"
| #define PACKAGE_STRING "coinmegatrend Core 1.0.0"
| #define PACKAGE_BUGREPORT "www.coinmegatrend.org"
| #define PACKAGE_URL ""
| #define HAVE_CXX11 1
| #define STDC_HEADERS 1
| #define HAVE_SYS_TYPES_H 1
| #define HAVE_SYS_STAT_H 1
| #define HAVE_STDLIB_H 1
| #define HAVE_STRING_H 1
| #define HAVE_MEMORY_H 1
| #define HAVE_STRINGS_H 1
| #define HAVE_INTTYPES_H 1
| #define HAVE_STDINT_H 1
| #define HAVE_UNISTD_H 1
| #define HAVE_DLFCN_H 1
| #define LT_OBJDIR ".libs/"
| #define HAVE_PTHREAD_PRIO_INHERIT 1
| #define HAVE_PTHREAD 1
| #define HAVE_DECL_STRERROR_R 1
| #define HAVE_STRERROR_R 1
| #define HAVE_FUNC_ATTRIBUTE_VISIBILITY 1
| #define HAVE_STDIO_H 1
| #define HAVE_STDLIB_H 1
| #define HAVE_UNISTD_H 1
| #define HAVE_STRINGS_H 1
| #define HAVE_SYS_TYPES_H 1
| #define HAVE_SYS_STAT_H 1
| #define HAVE_SYS_SELECT_H 1
| /* end confdefs.h.  */
| 
| /* Override any GCC internal prototype to avoid an error.
|    Use char because int might match the return type of a GCC
|    builtin and then its argument prototype would still apply.  */
| #ifdef __cplusplus
| extern "C"
| #endif
| char getaddrinfo_a ();
| int
| main ()
| {
| return getaddrinfo_a ();
|   ;
|   return 0;
| }
configure:22148: result: no
configure:22158: checking for library containing inet_pton
configure:22189: g++ -std=c++11 -o conftest -g -O2 -Wall -Wextra -Wformat -Wformat-security -Wno-unused-parameter  -Wstack-protector -fstack-protector-all -fPIC -I/usr/local/opt/openssl/include -DBOOST_SPIRIT_THREADSAFE -DHAVE_BUILD_INFO -D__STDC_FORMAT_MACROS -I/usr/local/opt/berkeley-db@4/include -DMAC_OSX  -U_FORTIFY_SOURCE -D_FORTIFY_SOURCE=2 -L/usr/local/opt/openssl/lib -Wl,-headerpad_max_install_names  -Wl,-dead_strip conftest.cpp  -L/usr/local/opt/berkeley-db@4/lib >&5
configure:22189: $? = 0
configure:22206: result: none required
configure:22217: checking whether strnlen is declared
configure:22217: g++ -std=c++11 -c -g -O2 -Wall -Wextra -Wformat -Wformat-security -Wno-unused-parameter  -Wstack-protector -fstack-protector-all -fPIC -I/usr/local/opt/openssl/include -DBOOST_SPIRIT_THREADSAFE -DHAVE_BUILD_INFO -D__STDC_FORMAT_MACROS -I/usr/local/opt/berkeley-db@4/include -DMAC_OSX  -U_FORTIFY_SOURCE -D_FORTIFY_SOURCE=2 conftest.cpp >&5
configure:22217: $? = 0
configure:22217: result: yes
configure:22229: checking whether le32toh is declared
configure:22229: g++ -std=c++11 -c -g -O2 -Wall -Wextra -Wformat -Wformat-security -Wno-unused-parameter  -Wstack-protector -fstack-protector-all -fPIC -I/usr/local/opt/openssl/include -DBOOST_SPIRIT_THREADSAFE -DHAVE_BUILD_INFO -D__STDC_FORMAT_MACROS -I/usr/local/opt/berkeley-db@4/include -DMAC_OSX  -U_FORTIFY_SOURCE -D_FORTIFY_SOURCE=2 conftest.cpp >&5
conftest.cpp:45:10: error: use of undeclared identifier 'le32toh'
  (void) le32toh;
         ^
1 error generated.
configure:22229: $? = 1
configure: failed program was:
| /* confdefs.h */
| #define PACKAGE_NAME "coinmegatrend Core"
| #define PACKAGE_TARNAME "coinmegatrend"
| #define PACKAGE_VERSION "1.0.0"
| #define PACKAGE_STRING "coinmegatrend Core 1.0.0"
| #define PACKAGE_BUGREPORT "www.coinmegatrend.org"
| #define PACKAGE_URL ""
| #define HAVE_CXX11 1
| #define STDC_HEADERS 1
| #define HAVE_SYS_TYPES_H 1
| #define HAVE_SYS_STAT_H 1
| #define HAVE_STDLIB_H 1
| #define HAVE_STRING_H 1
| #define HAVE_MEMORY_H 1
| #define HAVE_STRINGS_H 1
| #define HAVE_INTTYPES_H 1
| #define HAVE_STDINT_H 1
| #define HAVE_UNISTD_H 1
| #define HAVE_DLFCN_H 1
| #define LT_OBJDIR ".libs/"
| #define HAVE_PTHREAD_PRIO_INHERIT 1
| #define HAVE_PTHREAD 1
| #define HAVE_DECL_STRERROR_R 1
| #define HAVE_STRERROR_R 1
| #define HAVE_FUNC_ATTRIBUTE_VISIBILITY 1
| #define HAVE_STDIO_H 1
| #define HAVE_STDLIB_H 1
| #define HAVE_UNISTD_H 1
| #define HAVE_STRINGS_H 1
| #define HAVE_SYS_TYPES_H 1
| #define HAVE_SYS_STAT_H 1
| #define HAVE_SYS_SELECT_H 1
| #define HAVE_INET_PTON 1
| #define HAVE_DECL_STRNLEN 1
| /* end confdefs.h.  */
| #if HAVE_ENDIAN_H
|                  #include <endian.h>
|                  #endif
| 
| int
| main ()
| {
| #ifndef le32toh
| #ifdef __cplusplus
|   (void) le32toh;
| #else
|   (void) le32toh;
| #endif
| #endif
| 
|   ;
|   return 0;
| }
configure:22229: result: no
configure:22242: checking whether le64toh is declared
configure:22242: g++ -std=c++11 -c -g -O2 -Wall -Wextra -Wformat -Wformat-security -Wno-unused-parameter  -Wstack-protector -fstack-protector-all -fPIC -I/usr/local/opt/openssl/include -DBOOST_SPIRIT_THREADSAFE -DHAVE_BUILD_INFO -D__STDC_FORMAT_MACROS -I/usr/local/opt/berkeley-db@4/include -DMAC_OSX  -U_FORTIFY_SOURCE -D_FORTIFY_SOURCE=2 conftest.cpp >&5
conftest.cpp:46:10: error: use of undeclared identifier 'le64toh'
  (void) le64toh;
         ^
1 error generated.
configure:22242: $? = 1
configure: failed program was:
| /* confdefs.h */
| #define PACKAGE_NAME "coinmegatrend Core"
| #define PACKAGE_TARNAME "coinmegatrend"
| #define PACKAGE_VERSION "1.0.0"
| #define PACKAGE_STRING "coinmegatrend Core 1.0.0"
| #define PACKAGE_BUGREPORT "www.coinmegatrend.org"
| #define PACKAGE_URL ""
| #define HAVE_CXX11 1
| #define STDC_HEADERS 1
| #define HAVE_SYS_TYPES_H 1
| #define HAVE_SYS_STAT_H 1
| #define HAVE_STDLIB_H 1
| #define HAVE_STRING_H 1
| #define HAVE_MEMORY_H 1
| #define HAVE_STRINGS_H 1
| #define HAVE_INTTYPES_H 1
| #define HAVE_STDINT_H 1
| #define HAVE_UNISTD_H 1
| #define HAVE_DLFCN_H 1
| #define LT_OBJDIR ".libs/"
| #define HAVE_PTHREAD_PRIO_INHERIT 1
| #define HAVE_PTHREAD 1
| #define HAVE_DECL_STRERROR_R 1
| #define HAVE_STRERROR_R 1
| #define HAVE_FUNC_ATTRIBUTE_VISIBILITY 1
| #define HAVE_STDIO_H 1
| #define HAVE_STDLIB_H 1
| #define HAVE_UNISTD_H 1
| #define HAVE_STRINGS_H 1
| #define HAVE_SYS_TYPES_H 1
| #define HAVE_SYS_STAT_H 1
| #define HAVE_SYS_SELECT_H 1
| #define HAVE_INET_PTON 1
| #define HAVE_DECL_STRNLEN 1
| #define HAVE_DECL_LE32TOH 0
| /* end confdefs.h.  */
| #if HAVE_ENDIAN_H
|                  #include <endian.h>
|                  #endif
| 
| int
| main ()
| {
| #ifndef le64toh
| #ifdef __cplusplus
|   (void) le64toh;
| #else
|   (void) le64toh;
| #endif
| #endif
| 
|   ;
|   return 0;
| }
configure:22242: result: no
configure:22255: checking whether htole32 is declared
configure:22255: g++ -std=c++11 -c -g -O2 -Wall -Wextra -Wformat -Wformat-security -Wno-unused-parameter  -Wstack-protector -fstack-protector-all -fPIC -I/usr/local/opt/openssl/include -DBOOST_SPIRIT_THREADSAFE -DHAVE_BUILD_INFO -D__STDC_FORMAT_MACROS -I/usr/local/opt/berkeley-db@4/include -DMAC_OSX  -U_FORTIFY_SOURCE -D_FORTIFY_SOURCE=2 conftest.cpp >&5
conftest.cpp:47:10: error: use of undeclared identifier 'htole32'
  (void) htole32;
         ^
1 error generated.
configure:22255: $? = 1
configure: failed program was:
| /* confdefs.h */
| #define PACKAGE_NAME "coinmegatrend Core"
| #define PACKAGE_TARNAME "coinmegatrend"
| #define PACKAGE_VERSION "1.0.0"
| #define PACKAGE_STRING "coinmegatrend Core 1.0.0"
| #define PACKAGE_BUGREPORT "www.coinmegatrend.org"
| #define PACKAGE_URL ""
| #define HAVE_CXX11 1
| #define STDC_HEADERS 1
| #define HAVE_SYS_TYPES_H 1
| #define HAVE_SYS_STAT_H 1
| #define HAVE_STDLIB_H 1
| #define HAVE_STRING_H 1
| #define HAVE_MEMORY_H 1
| #define HAVE_STRINGS_H 1
| #define HAVE_INTTYPES_H 1
| #define HAVE_STDINT_H 1
| #define HAVE_UNISTD_H 1
| #define HAVE_DLFCN_H 1
| #define LT_OBJDIR ".libs/"
| #define HAVE_PTHREAD_PRIO_INHERIT 1
| #define HAVE_PTHREAD 1
| #define HAVE_DECL_STRERROR_R 1
| #define HAVE_STRERROR_R 1
| #define HAVE_FUNC_ATTRIBUTE_VISIBILITY 1
| #define HAVE_STDIO_H 1
| #define HAVE_STDLIB_H 1
| #define HAVE_UNISTD_H 1
| #define HAVE_STRINGS_H 1
| #define HAVE_SYS_TYPES_H 1
| #define HAVE_SYS_STAT_H 1
| #define HAVE_SYS_SELECT_H 1
| #define HAVE_INET_PTON 1
| #define HAVE_DECL_STRNLEN 1
| #define HAVE_DECL_LE32TOH 0
| #define HAVE_DECL_LE64TOH 0
| /* end confdefs.h.  */
| #if HAVE_ENDIAN_H
|                  #include <endian.h>
|                  #endif
| 
| int
| main ()
| {
| #ifndef htole32
| #ifdef __cplusplus
|   (void) htole32;
| #else
|   (void) htole32;
| #endif
| #endif
| 
|   ;
|   return 0;
| }
configure:22255: result: no
configure:22268: checking whether htole64 is declared
configure:22268: g++ -std=c++11 -c -g -O2 -Wall -Wextra -Wformat -Wformat-security -Wno-unused-parameter  -Wstack-protector -fstack-protector-all -fPIC -I/usr/local/opt/openssl/include -DBOOST_SPIRIT_THREADSAFE -DHAVE_BUILD_INFO -D__STDC_FORMAT_MACROS -I/usr/local/opt/berkeley-db@4/include -DMAC_OSX  -U_FORTIFY_SOURCE -D_FORTIFY_SOURCE=2 conftest.cpp >&5
conftest.cpp:48:10: error: use of undeclared identifier 'htole64'
  (void) htole64;
         ^
1 error generated.
configure:22268: $? = 1
configure: failed program was:
| /* confdefs.h */
| #define PACKAGE_NAME "coinmegatrend Core"
| #define PACKAGE_TARNAME "coinmegatrend"
| #define PACKAGE_VERSION "1.0.0"
| #define PACKAGE_STRING "coinmegatrend Core 1.0.0"
| #define PACKAGE_BUGREPORT "www.coinmegatrend.org"
| #define PACKAGE_URL ""
| #define HAVE_CXX11 1
| #define STDC_HEADERS 1
| #define HAVE_SYS_TYPES_H 1
| #define HAVE_SYS_STAT_H 1
| #define HAVE_STDLIB_H 1
| #define HAVE_STRING_H 1
| #define HAVE_MEMORY_H 1
| #define HAVE_STRINGS_H 1
| #define HAVE_INTTYPES_H 1
| #define HAVE_STDINT_H 1
| #define HAVE_UNISTD_H 1
| #define HAVE_DLFCN_H 1
| #define LT_OBJDIR ".libs/"
| #define HAVE_PTHREAD_PRIO_INHERIT 1
| #define HAVE_PTHREAD 1
| #define HAVE_DECL_STRERROR_R 1
| #define HAVE_STRERROR_R 1
| #define HAVE_FUNC_ATTRIBUTE_VISIBILITY 1
| #define HAVE_STDIO_H 1
| #define HAVE_STDLIB_H 1
| #define HAVE_UNISTD_H 1
| #define HAVE_STRINGS_H 1
| #define HAVE_SYS_TYPES_H 1
| #define HAVE_SYS_STAT_H 1
| #define HAVE_SYS_SELECT_H 1
| #define HAVE_INET_PTON 1
| #define HAVE_DECL_STRNLEN 1
| #define HAVE_DECL_LE32TOH 0
| #define HAVE_DECL_LE64TOH 0
| #define HAVE_DECL_HTOLE32 0
| /* end confdefs.h.  */
| #if HAVE_ENDIAN_H
|                  #include <endian.h>
|                  #endif
| 
| int
| main ()
| {
| #ifndef htole64
| #ifdef __cplusplus
|   (void) htole64;
| #else
|   (void) htole64;
| #endif
| #endif
| 
|   ;
|   return 0;
| }
configure:22268: result: no
configure:22281: checking whether be32toh is declared
configure:22281: g++ -std=c++11 -c -g -O2 -Wall -Wextra -Wformat -Wformat-security -Wno-unused-parameter  -Wstack-protector -fstack-protector-all -fPIC -I/usr/local/opt/openssl/include -DBOOST_SPIRIT_THREADSAFE -DHAVE_BUILD_INFO -D__STDC_FORMAT_MACROS -I/usr/local/opt/berkeley-db@4/include -DMAC_OSX  -U_FORTIFY_SOURCE -D_FORTIFY_SOURCE=2 conftest.cpp >&5
conftest.cpp:49:10: error: use of undeclared identifier 'be32toh'
  (void) be32toh;
         ^
1 error generated.
configure:22281: $? = 1
configure: failed program was:
| /* confdefs.h */
| #define PACKAGE_NAME "coinmegatrend Core"
| #define PACKAGE_TARNAME "coinmegatrend"
| #define PACKAGE_VERSION "1.0.0"
| #define PACKAGE_STRING "coinmegatrend Core 1.0.0"
| #define PACKAGE_BUGREPORT "www.coinmegatrend.org"
| #define PACKAGE_URL ""
| #define HAVE_CXX11 1
| #define STDC_HEADERS 1
| #define HAVE_SYS_TYPES_H 1
| #define HAVE_SYS_STAT_H 1
| #define HAVE_STDLIB_H 1
| #define HAVE_STRING_H 1
| #define HAVE_MEMORY_H 1
| #define HAVE_STRINGS_H 1
| #define HAVE_INTTYPES_H 1
| #define HAVE_STDINT_H 1
| #define HAVE_UNISTD_H 1
| #define HAVE_DLFCN_H 1
| #define LT_OBJDIR ".libs/"
| #define HAVE_PTHREAD_PRIO_INHERIT 1
| #define HAVE_PTHREAD 1
| #define HAVE_DECL_STRERROR_R 1
| #define HAVE_STRERROR_R 1
| #define HAVE_FUNC_ATTRIBUTE_VISIBILITY 1
| #define HAVE_STDIO_H 1
| #define HAVE_STDLIB_H 1
| #define HAVE_UNISTD_H 1
| #define HAVE_STRINGS_H 1
| #define HAVE_SYS_TYPES_H 1
| #define HAVE_SYS_STAT_H 1
| #define HAVE_SYS_SELECT_H 1
| #define HAVE_INET_PTON 1
| #define HAVE_DECL_STRNLEN 1
| #define HAVE_DECL_LE32TOH 0
| #define HAVE_DECL_LE64TOH 0
| #define HAVE_DECL_HTOLE32 0
| #define HAVE_DECL_HTOLE64 0
| /* end confdefs.h.  */
| #if HAVE_ENDIAN_H
|                  #include <endian.h>
|                  #endif
| 
| int
| main ()
| {
| #ifndef be32toh
| #ifdef __cplusplus
|   (void) be32toh;
| #else
|   (void) be32toh;
| #endif
| #endif
| 
|   ;
|   return 0;
| }
configure:22281: result: no
configure:22294: checking whether be64toh is declared
configure:22294: g++ -std=c++11 -c -g -O2 -Wall -Wextra -Wformat -Wformat-security -Wno-unused-parameter  -Wstack-protector -fstack-protector-all -fPIC -I/usr/local/opt/openssl/include -DBOOST_SPIRIT_THREADSAFE -DHAVE_BUILD_INFO -D__STDC_FORMAT_MACROS -I/usr/local/opt/berkeley-db@4/include -DMAC_OSX  -U_FORTIFY_SOURCE -D_FORTIFY_SOURCE=2 conftest.cpp >&5
conftest.cpp:50:10: error: use of undeclared identifier 'be64toh'
  (void) be64toh;
         ^
1 error generated.
configure:22294: $? = 1
configure: failed program was:
| /* confdefs.h */
| #define PACKAGE_NAME "coinmegatrend Core"
| #define PACKAGE_TARNAME "coinmegatrend"
| #define PACKAGE_VERSION "1.0.0"
| #define PACKAGE_STRING "coinmegatrend Core 1.0.0"
| #define PACKAGE_BUGREPORT "www.coinmegatrend.org"
| #define PACKAGE_URL ""
| #define HAVE_CXX11 1
| #define STDC_HEADERS 1
| #define HAVE_SYS_TYPES_H 1
| #define HAVE_SYS_STAT_H 1
| #define HAVE_STDLIB_H 1
| #define HAVE_STRING_H 1
| #define HAVE_MEMORY_H 1
| #define HAVE_STRINGS_H 1
| #define HAVE_INTTYPES_H 1
| #define HAVE_STDINT_H 1
| #define HAVE_UNISTD_H 1
| #define HAVE_DLFCN_H 1
| #define LT_OBJDIR ".libs/"
| #define HAVE_PTHREAD_PRIO_INHERIT 1
| #define HAVE_PTHREAD 1
| #define HAVE_DECL_STRERROR_R 1
| #define HAVE_STRERROR_R 1
| #define HAVE_FUNC_ATTRIBUTE_VISIBILITY 1
| #define HAVE_STDIO_H 1
| #define HAVE_STDLIB_H 1
| #define HAVE_UNISTD_H 1
| #define HAVE_STRINGS_H 1
| #define HAVE_SYS_TYPES_H 1
| #define HAVE_SYS_STAT_H 1
| #define HAVE_SYS_SELECT_H 1
| #define HAVE_INET_PTON 1
| #define HAVE_DECL_STRNLEN 1
| #define HAVE_DECL_LE32TOH 0
| #define HAVE_DECL_LE64TOH 0
| #define HAVE_DECL_HTOLE32 0
| #define HAVE_DECL_HTOLE64 0
| #define HAVE_DECL_BE32TOH 0
| /* end confdefs.h.  */
| #if HAVE_ENDIAN_H
|                  #include <endian.h>
|                  #endif
| 
| int
| main ()
| {
| #ifndef be64toh
| #ifdef __cplusplus
|   (void) be64toh;
| #else
|   (void) be64toh;
| #endif
| #endif
| 
|   ;
|   return 0;
| }
configure:22294: result: no
configure:22307: checking whether htobe32 is declared
configure:22307: g++ -std=c++11 -c -g -O2 -Wall -Wextra -Wformat -Wformat-security -Wno-unused-parameter  -Wstack-protector -fstack-protector-all -fPIC -I/usr/local/opt/openssl/include -DBOOST_SPIRIT_THREADSAFE -DHAVE_BUILD_INFO -D__STDC_FORMAT_MACROS -I/usr/local/opt/berkeley-db@4/include -DMAC_OSX  -U_FORTIFY_SOURCE -D_FORTIFY_SOURCE=2 conftest.cpp >&5
conftest.cpp:51:10: error: use of undeclared identifier 'htobe32'
  (void) htobe32;
         ^
1 error generated.
configure:22307: $? = 1
configure: failed program was:
| /* confdefs.h */
| #define PACKAGE_NAME "coinmegatrend Core"
| #define PACKAGE_TARNAME "coinmegatrend"
| #define PACKAGE_VERSION "1.0.0"
| #define PACKAGE_STRING "coinmegatrend Core 1.0.0"
| #define PACKAGE_BUGREPORT "www.coinmegatrend.org"
| #define PACKAGE_URL ""
| #define HAVE_CXX11 1
| #define STDC_HEADERS 1
| #define HAVE_SYS_TYPES_H 1
| #define HAVE_SYS_STAT_H 1
| #define HAVE_STDLIB_H 1
| #define HAVE_STRING_H 1
| #define HAVE_MEMORY_H 1
| #define HAVE_STRINGS_H 1
| #define HAVE_INTTYPES_H 1
| #define HAVE_STDINT_H 1
| #define HAVE_UNISTD_H 1
| #define HAVE_DLFCN_H 1
| #define LT_OBJDIR ".libs/"
| #define HAVE_PTHREAD_PRIO_INHERIT 1
| #define HAVE_PTHREAD 1
| #define HAVE_DECL_STRERROR_R 1
| #define HAVE_STRERROR_R 1
| #define HAVE_FUNC_ATTRIBUTE_VISIBILITY 1
| #define HAVE_STDIO_H 1
| #define HAVE_STDLIB_H 1
| #define HAVE_UNISTD_H 1
| #define HAVE_STRINGS_H 1
| #define HAVE_SYS_TYPES_H 1
| #define HAVE_SYS_STAT_H 1
| #define HAVE_SYS_SELECT_H 1
| #define HAVE_INET_PTON 1
| #define HAVE_DECL_STRNLEN 1
| #define HAVE_DECL_LE32TOH 0
| #define HAVE_DECL_LE64TOH 0
| #define HAVE_DECL_HTOLE32 0
| #define HAVE_DECL_HTOLE64 0
| #define HAVE_DECL_BE32TOH 0
| #define HAVE_DECL_BE64TOH 0
| /* end confdefs.h.  */
| #if HAVE_ENDIAN_H
|                  #include <endian.h>
|                  #endif
| 
| int
| main ()
| {
| #ifndef htobe32
| #ifdef __cplusplus
|   (void) htobe32;
| #else
|   (void) htobe32;
| #endif
| #endif
| 
|   ;
|   return 0;
| }
configure:22307: result: no
configure:22320: checking whether htobe64 is declared
configure:22320: g++ -std=c++11 -c -g -O2 -Wall -Wextra -Wformat -Wformat-security -Wno-unused-parameter  -Wstack-protector -fstack-protector-all -fPIC -I/usr/local/opt/openssl/include -DBOOST_SPIRIT_THREADSAFE -DHAVE_BUILD_INFO -D__STDC_FORMAT_MACROS -I/usr/local/opt/berkeley-db@4/include -DMAC_OSX  -U_FORTIFY_SOURCE -D_FORTIFY_SOURCE=2 conftest.cpp >&5
conftest.cpp:52:10: error: use of undeclared identifier 'htobe64'
  (void) htobe64;
         ^
1 error generated.
configure:22320: $? = 1
configure: failed program was:
| /* confdefs.h */
| #define PACKAGE_NAME "coinmegatrend Core"
| #define PACKAGE_TARNAME "coinmegatrend"
| #define PACKAGE_VERSION "1.0.0"
| #define PACKAGE_STRING "coinmegatrend Core 1.0.0"
| #define PACKAGE_BUGREPORT "www.coinmegatrend.org"
| #define PACKAGE_URL ""
| #define HAVE_CXX11 1
| #define STDC_HEADERS 1
| #define HAVE_SYS_TYPES_H 1
| #define HAVE_SYS_STAT_H 1
| #define HAVE_STDLIB_H 1
| #define HAVE_STRING_H 1
| #define HAVE_MEMORY_H 1
| #define HAVE_STRINGS_H 1
| #define HAVE_INTTYPES_H 1
| #define HAVE_STDINT_H 1
| #define HAVE_UNISTD_H 1
| #define HAVE_DLFCN_H 1
| #define LT_OBJDIR ".libs/"
| #define HAVE_PTHREAD_PRIO_INHERIT 1
| #define HAVE_PTHREAD 1
| #define HAVE_DECL_STRERROR_R 1
| #define HAVE_STRERROR_R 1
| #define HAVE_FUNC_ATTRIBUTE_VISIBILITY 1
| #define HAVE_STDIO_H 1
| #define HAVE_STDLIB_H 1
| #define HAVE_UNISTD_H 1
| #define HAVE_STRINGS_H 1
| #define HAVE_SYS_TYPES_H 1
| #define HAVE_SYS_STAT_H 1
| #define HAVE_SYS_SELECT_H 1
| #define HAVE_INET_PTON 1
| #define HAVE_DECL_STRNLEN 1
| #define HAVE_DECL_LE32TOH 0
| #define HAVE_DECL_LE64TOH 0
| #define HAVE_DECL_HTOLE32 0
| #define HAVE_DECL_HTOLE64 0
| #define HAVE_DECL_BE32TOH 0
| #define HAVE_DECL_BE64TOH 0
| #define HAVE_DECL_HTOBE32 0
| /* end confdefs.h.  */
| #if HAVE_ENDIAN_H
|                  #include <endian.h>
|                  #endif
| 
| int
| main ()
| {
| #ifndef htobe64
| #ifdef __cplusplus
|   (void) htobe64;
| #else
|   (void) htobe64;
| #endif
| #endif
| 
|   ;
|   return 0;
| }
configure:22320: result: no
configure:22335: checking for MSG_NOSIGNAL
configure:22348: g++ -std=c++11 -c -g -O2 -Wall -Wextra -Wformat -Wformat-security -Wno-unused-parameter  -Wstack-protector -fstack-protector-all -fPIC -I/usr/local/opt/openssl/include -DBOOST_SPIRIT_THREADSAFE -DHAVE_BUILD_INFO -D__STDC_FORMAT_MACROS -I/usr/local/opt/berkeley-db@4/include -DMAC_OSX  -U_FORTIFY_SOURCE -D_FORTIFY_SOURCE=2 conftest.cpp >&5
conftest.cpp:48:10: error: use of undeclared identifier 'MSG_NOSIGNAL'
 int f = MSG_NOSIGNAL;
         ^
1 error generated.
configure:22348: $? = 1
configure: failed program was:
| /* confdefs.h */
| #define PACKAGE_NAME "coinmegatrend Core"
| #define PACKAGE_TARNAME "coinmegatrend"
| #define PACKAGE_VERSION "1.0.0"
| #define PACKAGE_STRING "coinmegatrend Core 1.0.0"
| #define PACKAGE_BUGREPORT "www.coinmegatrend.org"
| #define PACKAGE_URL ""
| #define HAVE_CXX11 1
| #define STDC_HEADERS 1
| #define HAVE_SYS_TYPES_H 1
| #define HAVE_SYS_STAT_H 1
| #define HAVE_STDLIB_H 1
| #define HAVE_STRING_H 1
| #define HAVE_MEMORY_H 1
| #define HAVE_STRINGS_H 1
| #define HAVE_INTTYPES_H 1
| #define HAVE_STDINT_H 1
| #define HAVE_UNISTD_H 1
| #define HAVE_DLFCN_H 1
| #define LT_OBJDIR ".libs/"
| #define HAVE_PTHREAD_PRIO_INHERIT 1
| #define HAVE_PTHREAD 1
| #define HAVE_DECL_STRERROR_R 1
| #define HAVE_STRERROR_R 1
| #define HAVE_FUNC_ATTRIBUTE_VISIBILITY 1
| #define HAVE_STDIO_H 1
| #define HAVE_STDLIB_H 1
| #define HAVE_UNISTD_H 1
| #define HAVE_STRINGS_H 1
| #define HAVE_SYS_TYPES_H 1
| #define HAVE_SYS_STAT_H 1
| #define HAVE_SYS_SELECT_H 1
| #define HAVE_INET_PTON 1
| #define HAVE_DECL_STRNLEN 1
| #define HAVE_DECL_LE32TOH 0
| #define HAVE_DECL_LE64TOH 0
| #define HAVE_DECL_HTOLE32 0
| #define HAVE_DECL_HTOLE64 0
| #define HAVE_DECL_BE32TOH 0
| #define HAVE_DECL_BE64TOH 0
| #define HAVE_DECL_HTOBE32 0
| #define HAVE_DECL_HTOBE64 0
| /* end confdefs.h.  */
| #include <sys/socket.h>
| int
| main ()
| {
|  int f = MSG_NOSIGNAL;
|   ;
|   return 0;
| }
configure:22354: result: no
configure:22360: checking for library containing clock_gettime
configure:22391: g++ -std=c++11 -o conftest -g -O2 -Wall -Wextra -Wformat -Wformat-security -Wno-unused-parameter  -Wstack-protector -fstack-protector-all -fPIC -I/usr/local/opt/openssl/include -DBOOST_SPIRIT_THREADSAFE -DHAVE_BUILD_INFO -D__STDC_FORMAT_MACROS -I/usr/local/opt/berkeley-db@4/include -DMAC_OSX  -U_FORTIFY_SOURCE -D_FORTIFY_SOURCE=2 -L/usr/local/opt/openssl/lib -Wl,-headerpad_max_install_names  -Wl,-dead_strip conftest.cpp  -L/usr/local/opt/berkeley-db@4/lib >&5
configure:22391: $? = 0
configure:22408: result: none required
configure:22417: checking for visibility attribute
configure:22426: g++ -std=c++11 -o conftest -g -O2 -Wall -Wextra -Wformat -Wformat-security -Wno-unused-parameter  -Wstack-protector -fstack-protector-all -fPIC -I/usr/local/opt/openssl/include -DBOOST_SPIRIT_THREADSAFE -DHAVE_BUILD_INFO -D__STDC_FORMAT_MACROS -I/usr/local/opt/berkeley-db@4/include -DMAC_OSX  -U_FORTIFY_SOURCE -D_FORTIFY_SOURCE=2 -L/usr/local/opt/openssl/lib -Wl,-headerpad_max_install_names  -Wl,-dead_strip conftest.cpp  -L/usr/local/opt/berkeley-db@4/lib >&5
configure:22426: $? = 0
configure:22431: result: yes
configure:22451: checking whether C++ compiler accepts -fvisibility=hidden
configure:22470: g++ -std=c++11 -c -g -O2 -Wall -Wextra -Wformat -Wformat-security -Wno-unused-parameter  -Wstack-protector -fstack-protector-all -fPIC  -fvisibility=hidden -I/usr/local/opt/openssl/include -DBOOST_SPIRIT_THREADSAFE -DHAVE_BUILD_INFO -D__STDC_FORMAT_MACROS -I/usr/local/opt/berkeley-db@4/include -DMAC_OSX  -U_FORTIFY_SOURCE -D_FORTIFY_SOURCE=2 conftest.cpp >&5
configure:22470: $? = 0
configure:22478: result: yes
configure:22512: checking for Berkeley DB C++ headers
configure:22543: g++ -std=c++11 -c -g -O2 -Wall -Wextra -Wformat -Wformat-security -Wno-unused-parameter  -Wstack-protector -fstack-protector-all -fPIC -I/usr/local/opt/openssl/include -DBOOST_SPIRIT_THREADSAFE -DHAVE_BUILD_INFO -D__STDC_FORMAT_MACROS -I/usr/local/opt/berkeley-db@4/include -DMAC_OSX  -U_FORTIFY_SOURCE -D_FORTIFY_SOURCE=2 conftest.cpp >&5
conftest.cpp:46:16: fatal error: 'bdb4.8/db_cxx.h' file not found
      #include <bdb4.8/db_cxx.h>
               ^~~~~~~~~~~~~~~~~
1 error generated.
configure:22543: $? = 1
configure: failed program was:
| /* confdefs.h */
| #define PACKAGE_NAME "coinmegatrend Core"
| #define PACKAGE_TARNAME "coinmegatrend"
| #define PACKAGE_VERSION "1.0.0"
| #define PACKAGE_STRING "coinmegatrend Core 1.0.0"
| #define PACKAGE_BUGREPORT "www.coinmegatrend.org"
| #define PACKAGE_URL ""
| #define HAVE_CXX11 1
| #define STDC_HEADERS 1
| #define HAVE_SYS_TYPES_H 1
| #define HAVE_SYS_STAT_H 1
| #define HAVE_STDLIB_H 1
| #define HAVE_STRING_H 1
| #define HAVE_MEMORY_H 1
| #define HAVE_STRINGS_H 1
| #define HAVE_INTTYPES_H 1
| #define HAVE_STDINT_H 1
| #define HAVE_UNISTD_H 1
| #define HAVE_DLFCN_H 1
| #define LT_OBJDIR ".libs/"
| #define HAVE_PTHREAD_PRIO_INHERIT 1
| #define HAVE_PTHREAD 1
| #define HAVE_DECL_STRERROR_R 1
| #define HAVE_STRERROR_R 1
| #define HAVE_FUNC_ATTRIBUTE_VISIBILITY 1
| #define HAVE_STDIO_H 1
| #define HAVE_STDLIB_H 1
| #define HAVE_UNISTD_H 1
| #define HAVE_STRINGS_H 1
| #define HAVE_SYS_TYPES_H 1
| #define HAVE_SYS_STAT_H 1
| #define HAVE_SYS_SELECT_H 1
| #define HAVE_INET_PTON 1
| #define HAVE_DECL_STRNLEN 1
| #define HAVE_DECL_LE32TOH 0
| #define HAVE_DECL_LE64TOH 0
| #define HAVE_DECL_HTOLE32 0
| #define HAVE_DECL_HTOLE64 0
| #define HAVE_DECL_BE32TOH 0
| #define HAVE_DECL_BE64TOH 0
| #define HAVE_DECL_HTOBE32 0
| #define HAVE_DECL_HTOBE64 0
| #define HAVE_VISIBILITY_ATTRIBUTE 1
| /* end confdefs.h.  */
| 
|       #include <bdb4.8/db_cxx.h>
| 
| int
| main ()
| {
| 
|       #if !((DB_VERSION_MAJOR == 4 && DB_VERSION_MINOR >= 8) || DB_VERSION_MAJOR > 4)
|         #error "failed to find bdb 4.8+"
|       #endif
| 
|   ;
|   return 0;
| }
configure:22543: g++ -std=c++11 -c -g -O2 -Wall -Wextra -Wformat -Wformat-security -Wno-unused-parameter  -Wstack-protector -fstack-protector-all -fPIC -I/usr/local/opt/openssl/include -DBOOST_SPIRIT_THREADSAFE -DHAVE_BUILD_INFO -D__STDC_FORMAT_MACROS -I/usr/local/opt/berkeley-db@4/include -DMAC_OSX  -U_FORTIFY_SOURCE -D_FORTIFY_SOURCE=2 conftest.cpp >&5
conftest.cpp:46:16: fatal error: 'libdb4.8/db_cxx.h' file not found
      #include <libdb4.8/db_cxx.h>
               ^~~~~~~~~~~~~~~~~~~
1 error generated.
configure:22543: $? = 1
configure: failed program was:
| /* confdefs.h */
| #define PACKAGE_NAME "coinmegatrend Core"
| #define PACKAGE_TARNAME "coinmegatrend"
| #define PACKAGE_VERSION "1.0.0"
| #define PACKAGE_STRING "coinmegatrend Core 1.0.0"
| #define PACKAGE_BUGREPORT "www.coinmegatrend.org"
| #define PACKAGE_URL ""
| #define HAVE_CXX11 1
| #define STDC_HEADERS 1
| #define HAVE_SYS_TYPES_H 1
| #define HAVE_SYS_STAT_H 1
| #define HAVE_STDLIB_H 1
| #define HAVE_STRING_H 1
| #define HAVE_MEMORY_H 1
| #define HAVE_STRINGS_H 1
| #define HAVE_INTTYPES_H 1
| #define HAVE_STDINT_H 1
| #define HAVE_UNISTD_H 1
| #define HAVE_DLFCN_H 1
| #define LT_OBJDIR ".libs/"
| #define HAVE_PTHREAD_PRIO_INHERIT 1
| #define HAVE_PTHREAD 1
| #define HAVE_DECL_STRERROR_R 1
| #define HAVE_STRERROR_R 1
| #define HAVE_FUNC_ATTRIBUTE_VISIBILITY 1
| #define HAVE_STDIO_H 1
| #define HAVE_STDLIB_H 1
| #define HAVE_UNISTD_H 1
| #define HAVE_STRINGS_H 1
| #define HAVE_SYS_TYPES_H 1
| #define HAVE_SYS_STAT_H 1
| #define HAVE_SYS_SELECT_H 1
| #define HAVE_INET_PTON 1
| #define HAVE_DECL_STRNLEN 1
| #define HAVE_DECL_LE32TOH 0
| #define HAVE_DECL_LE64TOH 0
| #define HAVE_DECL_HTOLE32 0
| #define HAVE_DECL_HTOLE64 0
| #define HAVE_DECL_BE32TOH 0
| #define HAVE_DECL_BE64TOH 0
| #define HAVE_DECL_HTOBE32 0
| #define HAVE_DECL_HTOBE64 0
| #define HAVE_VISIBILITY_ATTRIBUTE 1
| /* end confdefs.h.  */
| 
|       #include <libdb4.8/db_cxx.h>
| 
| int
| main ()
| {
| 
|       #if !((DB_VERSION_MAJOR == 4 && DB_VERSION_MINOR >= 8) || DB_VERSION_MAJOR > 4)
|         #error "failed to find bdb 4.8+"
|       #endif
| 
|   ;
|   return 0;
| }
configure:22543: g++ -std=c++11 -c -g -O2 -Wall -Wextra -Wformat -Wformat-security -Wno-unused-parameter  -Wstack-protector -fstack-protector-all -fPIC -I/usr/local/opt/openssl/include -DBOOST_SPIRIT_THREADSAFE -DHAVE_BUILD_INFO -D__STDC_FORMAT_MACROS -I/usr/local/opt/berkeley-db@4/include -DMAC_OSX  -U_FORTIFY_SOURCE -D_FORTIFY_SOURCE=2 conftest.cpp >&5
conftest.cpp:46:16: fatal error: 'db4.8/db_cxx.h' file not found
      #include <db4.8/db_cxx.h>
               ^~~~~~~~~~~~~~~~
1 error generated.
configure:22543: $? = 1
configure: failed program was:
| /* confdefs.h */
| #define PACKAGE_NAME "coinmegatrend Core"
| #define PACKAGE_TARNAME "coinmegatrend"
| #define PACKAGE_VERSION "1.0.0"
| #define PACKAGE_STRING "coinmegatrend Core 1.0.0"
| #define PACKAGE_BUGREPORT "www.coinmegatrend.org"
| #define PACKAGE_URL ""
| #define HAVE_CXX11 1
| #define STDC_HEADERS 1
| #define HAVE_SYS_TYPES_H 1
| #define HAVE_SYS_STAT_H 1
| #define HAVE_STDLIB_H 1
| #define HAVE_STRING_H 1
| #define HAVE_MEMORY_H 1
| #define HAVE_STRINGS_H 1
| #define HAVE_INTTYPES_H 1
| #define HAVE_STDINT_H 1
| #define HAVE_UNISTD_H 1
| #define HAVE_DLFCN_H 1
| #define LT_OBJDIR ".libs/"
| #define HAVE_PTHREAD_PRIO_INHERIT 1
| #define HAVE_PTHREAD 1
| #define HAVE_DECL_STRERROR_R 1
| #define HAVE_STRERROR_R 1
| #define HAVE_FUNC_ATTRIBUTE_VISIBILITY 1
| #define HAVE_STDIO_H 1
| #define HAVE_STDLIB_H 1
| #define HAVE_UNISTD_H 1
| #define HAVE_STRINGS_H 1
| #define HAVE_SYS_TYPES_H 1
| #define HAVE_SYS_STAT_H 1
| #define HAVE_SYS_SELECT_H 1
| #define HAVE_INET_PTON 1
| #define HAVE_DECL_STRNLEN 1
| #define HAVE_DECL_LE32TOH 0
| #define HAVE_DECL_LE64TOH 0
| #define HAVE_DECL_HTOLE32 0
| #define HAVE_DECL_HTOLE64 0
| #define HAVE_DECL_BE32TOH 0
| #define HAVE_DECL_BE64TOH 0
| #define HAVE_DECL_HTOBE32 0
| #define HAVE_DECL_HTOBE64 0
| #define HAVE_VISIBILITY_ATTRIBUTE 1
| /* end confdefs.h.  */
| 
|       #include <db4.8/db_cxx.h>
| 
| int
| main ()
| {
| 
|       #if !((DB_VERSION_MAJOR == 4 && DB_VERSION_MINOR >= 8) || DB_VERSION_MAJOR > 4)
|         #error "failed to find bdb 4.8+"
|       #endif
| 
|   ;
|   return 0;
| }
configure:22543: g++ -std=c++11 -c -g -O2 -Wall -Wextra -Wformat -Wformat-security -Wno-unused-parameter  -Wstack-protector -fstack-protector-all -fPIC -I/usr/local/opt/openssl/include -DBOOST_SPIRIT_THREADSAFE -DHAVE_BUILD_INFO -D__STDC_FORMAT_MACROS -I/usr/local/opt/berkeley-db@4/include -DMAC_OSX  -U_FORTIFY_SOURCE -D_FORTIFY_SOURCE=2 conftest.cpp >&5
conftest.cpp:46:16: fatal error: 'bdb48/db_cxx.h' file not found
      #include <bdb48/db_cxx.h>
               ^~~~~~~~~~~~~~~~
1 error generated.
configure:22543: $? = 1
configure: failed program was:
| /* confdefs.h */
| #define PACKAGE_NAME "coinmegatrend Core"
| #define PACKAGE_TARNAME "coinmegatrend"
| #define PACKAGE_VERSION "1.0.0"
| #define PACKAGE_STRING "coinmegatrend Core 1.0.0"
| #define PACKAGE_BUGREPORT "www.coinmegatrend.org"
| #define PACKAGE_URL ""
| #define HAVE_CXX11 1
| #define STDC_HEADERS 1
| #define HAVE_SYS_TYPES_H 1
| #define HAVE_SYS_STAT_H 1
| #define HAVE_STDLIB_H 1
| #define HAVE_STRING_H 1
| #define HAVE_MEMORY_H 1
| #define HAVE_STRINGS_H 1
| #define HAVE_INTTYPES_H 1
| #define HAVE_STDINT_H 1
| #define HAVE_UNISTD_H 1
| #define HAVE_DLFCN_H 1
| #define LT_OBJDIR ".libs/"
| #define HAVE_PTHREAD_PRIO_INHERIT 1
| #define HAVE_PTHREAD 1
| #define HAVE_DECL_STRERROR_R 1
| #define HAVE_STRERROR_R 1
| #define HAVE_FUNC_ATTRIBUTE_VISIBILITY 1
| #define HAVE_STDIO_H 1
| #define HAVE_STDLIB_H 1
| #define HAVE_UNISTD_H 1
| #define HAVE_STRINGS_H 1
| #define HAVE_SYS_TYPES_H 1
| #define HAVE_SYS_STAT_H 1
| #define HAVE_SYS_SELECT_H 1
| #define HAVE_INET_PTON 1
| #define HAVE_DECL_STRNLEN 1
| #define HAVE_DECL_LE32TOH 0
| #define HAVE_DECL_LE64TOH 0
| #define HAVE_DECL_HTOLE32 0
| #define HAVE_DECL_HTOLE64 0
| #define HAVE_DECL_BE32TOH 0
| #define HAVE_DECL_BE64TOH 0
| #define HAVE_DECL_HTOBE32 0
| #define HAVE_DECL_HTOBE64 0
| #define HAVE_VISIBILITY_ATTRIBUTE 1
| /* end confdefs.h.  */
| 
|       #include <bdb48/db_cxx.h>
| 
| int
| main ()
| {
| 
|       #if !((DB_VERSION_MAJOR == 4 && DB_VERSION_MINOR >= 8) || DB_VERSION_MAJOR > 4)
|         #error "failed to find bdb 4.8+"
|       #endif
| 
|   ;
|   return 0;
| }
configure:22543: g++ -std=c++11 -c -g -O2 -Wall -Wextra -Wformat -Wformat-security -Wno-unused-parameter  -Wstack-protector -fstack-protector-all -fPIC -I/usr/local/opt/openssl/include -DBOOST_SPIRIT_THREADSAFE -DHAVE_BUILD_INFO -D__STDC_FORMAT_MACROS -I/usr/local/opt/berkeley-db@4/include -DMAC_OSX  -U_FORTIFY_SOURCE -D_FORTIFY_SOURCE=2 conftest.cpp >&5
conftest.cpp:46:16: fatal error: 'libdb48/db_cxx.h' file not found
      #include <libdb48/db_cxx.h>
               ^~~~~~~~~~~~~~~~~~
1 error generated.
configure:22543: $? = 1
configure: failed program was:
| /* confdefs.h */
| #define PACKAGE_NAME "coinmegatrend Core"
| #define PACKAGE_TARNAME "coinmegatrend"
| #define PACKAGE_VERSION "1.0.0"
| #define PACKAGE_STRING "coinmegatrend Core 1.0.0"
| #define PACKAGE_BUGREPORT "www.coinmegatrend.org"
| #define PACKAGE_URL ""
| #define HAVE_CXX11 1
| #define STDC_HEADERS 1
| #define HAVE_SYS_TYPES_H 1
| #define HAVE_SYS_STAT_H 1
| #define HAVE_STDLIB_H 1
| #define HAVE_STRING_H 1
| #define HAVE_MEMORY_H 1
| #define HAVE_STRINGS_H 1
| #define HAVE_INTTYPES_H 1
| #define HAVE_STDINT_H 1
| #define HAVE_UNISTD_H 1
| #define HAVE_DLFCN_H 1
| #define LT_OBJDIR ".libs/"
| #define HAVE_PTHREAD_PRIO_INHERIT 1
| #define HAVE_PTHREAD 1
| #define HAVE_DECL_STRERROR_R 1
| #define HAVE_STRERROR_R 1
| #define HAVE_FUNC_ATTRIBUTE_VISIBILITY 1
| #define HAVE_STDIO_H 1
| #define HAVE_STDLIB_H 1
| #define HAVE_UNISTD_H 1
| #define HAVE_STRINGS_H 1
| #define HAVE_SYS_TYPES_H 1
| #define HAVE_SYS_STAT_H 1
| #define HAVE_SYS_SELECT_H 1
| #define HAVE_INET_PTON 1
| #define HAVE_DECL_STRNLEN 1
| #define HAVE_DECL_LE32TOH 0
| #define HAVE_DECL_LE64TOH 0
| #define HAVE_DECL_HTOLE32 0
| #define HAVE_DECL_HTOLE64 0
| #define HAVE_DECL_BE32TOH 0
| #define HAVE_DECL_BE64TOH 0
| #define HAVE_DECL_HTOBE32 0
| #define HAVE_DECL_HTOBE64 0
| #define HAVE_VISIBILITY_ATTRIBUTE 1
| /* end confdefs.h.  */
| 
|       #include <libdb48/db_cxx.h>
| 
| int
| main ()
| {
| 
|       #if !((DB_VERSION_MAJOR == 4 && DB_VERSION_MINOR >= 8) || DB_VERSION_MAJOR > 4)
|         #error "failed to find bdb 4.8+"
|       #endif
| 
|   ;
|   return 0;
| }
configure:22543: g++ -std=c++11 -c -g -O2 -Wall -Wextra -Wformat -Wformat-security -Wno-unused-parameter  -Wstack-protector -fstack-protector-all -fPIC -I/usr/local/opt/openssl/include -DBOOST_SPIRIT_THREADSAFE -DHAVE_BUILD_INFO -D__STDC_FORMAT_MACROS -I/usr/local/opt/berkeley-db@4/include -DMAC_OSX  -U_FORTIFY_SOURCE -D_FORTIFY_SOURCE=2 conftest.cpp >&5
conftest.cpp:46:16: fatal error: 'db48/db_cxx.h' file not found
      #include <db48/db_cxx.h>
               ^~~~~~~~~~~~~~~
1 error generated.
configure:22543: $? = 1
configure: failed program was:
| /* confdefs.h */
| #define PACKAGE_NAME "coinmegatrend Core"
| #define PACKAGE_TARNAME "coinmegatrend"
| #define PACKAGE_VERSION "1.0.0"
| #define PACKAGE_STRING "coinmegatrend Core 1.0.0"
| #define PACKAGE_BUGREPORT "www.coinmegatrend.org"
| #define PACKAGE_URL ""
| #define HAVE_CXX11 1
| #define STDC_HEADERS 1
| #define HAVE_SYS_TYPES_H 1
| #define HAVE_SYS_STAT_H 1
| #define HAVE_STDLIB_H 1
| #define HAVE_STRING_H 1
| #define HAVE_MEMORY_H 1
| #define HAVE_STRINGS_H 1
| #define HAVE_INTTYPES_H 1
| #define HAVE_STDINT_H 1
| #define HAVE_UNISTD_H 1
| #define HAVE_DLFCN_H 1
| #define LT_OBJDIR ".libs/"
| #define HAVE_PTHREAD_PRIO_INHERIT 1
| #define HAVE_PTHREAD 1
| #define HAVE_DECL_STRERROR_R 1
| #define HAVE_STRERROR_R 1
| #define HAVE_FUNC_ATTRIBUTE_VISIBILITY 1
| #define HAVE_STDIO_H 1
| #define HAVE_STDLIB_H 1
| #define HAVE_UNISTD_H 1
| #define HAVE_STRINGS_H 1
| #define HAVE_SYS_TYPES_H 1
| #define HAVE_SYS_STAT_H 1
| #define HAVE_SYS_SELECT_H 1
| #define HAVE_INET_PTON 1
| #define HAVE_DECL_STRNLEN 1
| #define HAVE_DECL_LE32TOH 0
| #define HAVE_DECL_LE64TOH 0
| #define HAVE_DECL_HTOLE32 0
| #define HAVE_DECL_HTOLE64 0
| #define HAVE_DECL_BE32TOH 0
| #define HAVE_DECL_BE64TOH 0
| #define HAVE_DECL_HTOBE32 0
| #define HAVE_DECL_HTOBE64 0
| #define HAVE_VISIBILITY_ATTRIBUTE 1
| /* end confdefs.h.  */
| 
|       #include <db48/db_cxx.h>
| 
| int
| main ()
| {
| 
|       #if !((DB_VERSION_MAJOR == 4 && DB_VERSION_MINOR >= 8) || DB_VERSION_MAJOR > 4)
|         #error "failed to find bdb 4.8+"
|       #endif
| 
|   ;
|   return 0;
| }
configure:22543: g++ -std=c++11 -c -g -O2 -Wall -Wextra -Wformat -Wformat-security -Wno-unused-parameter  -Wstack-protector -fstack-protector-all -fPIC -I/usr/local/opt/openssl/include -DBOOST_SPIRIT_THREADSAFE -DHAVE_BUILD_INFO -D__STDC_FORMAT_MACROS -I/usr/local/opt/berkeley-db@4/include -DMAC_OSX  -U_FORTIFY_SOURCE -D_FORTIFY_SOURCE=2 conftest.cpp >&5
conftest.cpp:46:16: fatal error: 'bdb4/db_cxx.h' file not found
      #include <bdb4/db_cxx.h>
               ^~~~~~~~~~~~~~~
1 error generated.
configure:22543: $? = 1
configure: failed program was:
| /* confdefs.h */
| #define PACKAGE_NAME "coinmegatrend Core"
| #define PACKAGE_TARNAME "coinmegatrend"
| #define PACKAGE_VERSION "1.0.0"
| #define PACKAGE_STRING "coinmegatrend Core 1.0.0"
| #define PACKAGE_BUGREPORT "www.coinmegatrend.org"
| #define PACKAGE_URL ""
| #define HAVE_CXX11 1
| #define STDC_HEADERS 1
| #define HAVE_SYS_TYPES_H 1
| #define HAVE_SYS_STAT_H 1
| #define HAVE_STDLIB_H 1
| #define HAVE_STRING_H 1
| #define HAVE_MEMORY_H 1
| #define HAVE_STRINGS_H 1
| #define HAVE_INTTYPES_H 1
| #define HAVE_STDINT_H 1
| #define HAVE_UNISTD_H 1
| #define HAVE_DLFCN_H 1
| #define LT_OBJDIR ".libs/"
| #define HAVE_PTHREAD_PRIO_INHERIT 1
| #define HAVE_PTHREAD 1
| #define HAVE_DECL_STRERROR_R 1
| #define HAVE_STRERROR_R 1
| #define HAVE_FUNC_ATTRIBUTE_VISIBILITY 1
| #define HAVE_STDIO_H 1
| #define HAVE_STDLIB_H 1
| #define HAVE_UNISTD_H 1
| #define HAVE_STRINGS_H 1
| #define HAVE_SYS_TYPES_H 1
| #define HAVE_SYS_STAT_H 1
| #define HAVE_SYS_SELECT_H 1
| #define HAVE_INET_PTON 1
| #define HAVE_DECL_STRNLEN 1
| #define HAVE_DECL_LE32TOH 0
| #define HAVE_DECL_LE64TOH 0
| #define HAVE_DECL_HTOLE32 0
| #define HAVE_DECL_HTOLE64 0
| #define HAVE_DECL_BE32TOH 0
| #define HAVE_DECL_BE64TOH 0
| #define HAVE_DECL_HTOBE32 0
| #define HAVE_DECL_HTOBE64 0
| #define HAVE_VISIBILITY_ATTRIBUTE 1
| /* end confdefs.h.  */
| 
|       #include <bdb4/db_cxx.h>
| 
| int
| main ()
| {
| 
|       #if !((DB_VERSION_MAJOR == 4 && DB_VERSION_MINOR >= 8) || DB_VERSION_MAJOR > 4)
|         #error "failed to find bdb 4.8+"
|       #endif
| 
|   ;
|   return 0;
| }
configure:22543: g++ -std=c++11 -c -g -O2 -Wall -Wextra -Wformat -Wformat-security -Wno-unused-parameter  -Wstack-protector -fstack-protector-all -fPIC -I/usr/local/opt/openssl/include -DBOOST_SPIRIT_THREADSAFE -DHAVE_BUILD_INFO -D__STDC_FORMAT_MACROS -I/usr/local/opt/berkeley-db@4/include -DMAC_OSX  -U_FORTIFY_SOURCE -D_FORTIFY_SOURCE=2 conftest.cpp >&5
conftest.cpp:46:16: fatal error: 'libdb4/db_cxx.h' file not found
      #include <libdb4/db_cxx.h>
               ^~~~~~~~~~~~~~~~~
1 error generated.
configure:22543: $? = 1
configure: failed program was:
| /* confdefs.h */
| #define PACKAGE_NAME "coinmegatrend Core"
| #define PACKAGE_TARNAME "coinmegatrend"
| #define PACKAGE_VERSION "1.0.0"
| #define PACKAGE_STRING "coinmegatrend Core 1.0.0"
| #define PACKAGE_BUGREPORT "www.coinmegatrend.org"
| #define PACKAGE_URL ""
| #define HAVE_CXX11 1
| #define STDC_HEADERS 1
| #define HAVE_SYS_TYPES_H 1
| #define HAVE_SYS_STAT_H 1
| #define HAVE_STDLIB_H 1
| #define HAVE_STRING_H 1
| #define HAVE_MEMORY_H 1
| #define HAVE_STRINGS_H 1
| #define HAVE_INTTYPES_H 1
| #define HAVE_STDINT_H 1
| #define HAVE_UNISTD_H 1
| #define HAVE_DLFCN_H 1
| #define LT_OBJDIR ".libs/"
| #define HAVE_PTHREAD_PRIO_INHERIT 1
| #define HAVE_PTHREAD 1
| #define HAVE_DECL_STRERROR_R 1
| #define HAVE_STRERROR_R 1
| #define HAVE_FUNC_ATTRIBUTE_VISIBILITY 1
| #define HAVE_STDIO_H 1
| #define HAVE_STDLIB_H 1
| #define HAVE_UNISTD_H 1
| #define HAVE_STRINGS_H 1
| #define HAVE_SYS_TYPES_H 1
| #define HAVE_SYS_STAT_H 1
| #define HAVE_SYS_SELECT_H 1
| #define HAVE_INET_PTON 1
| #define HAVE_DECL_STRNLEN 1
| #define HAVE_DECL_LE32TOH 0
| #define HAVE_DECL_LE64TOH 0
| #define HAVE_DECL_HTOLE32 0
| #define HAVE_DECL_HTOLE64 0
| #define HAVE_DECL_BE32TOH 0
| #define HAVE_DECL_BE64TOH 0
| #define HAVE_DECL_HTOBE32 0
| #define HAVE_DECL_HTOBE64 0
| #define HAVE_VISIBILITY_ATTRIBUTE 1
| /* end confdefs.h.  */
| 
|       #include <libdb4/db_cxx.h>
| 
| int
| main ()
| {
| 
|       #if !((DB_VERSION_MAJOR == 4 && DB_VERSION_MINOR >= 8) || DB_VERSION_MAJOR > 4)
|         #error "failed to find bdb 4.8+"
|       #endif
| 
|   ;
|   return 0;
| }
configure:22543: g++ -std=c++11 -c -g -O2 -Wall -Wextra -Wformat -Wformat-security -Wno-unused-parameter  -Wstack-protector -fstack-protector-all -fPIC -I/usr/local/opt/openssl/include -DBOOST_SPIRIT_THREADSAFE -DHAVE_BUILD_INFO -D__STDC_FORMAT_MACROS -I/usr/local/opt/berkeley-db@4/include -DMAC_OSX  -U_FORTIFY_SOURCE -D_FORTIFY_SOURCE=2 conftest.cpp >&5
conftest.cpp:46:16: fatal error: 'db4/db_cxx.h' file not found
      #include <db4/db_cxx.h>
               ^~~~~~~~~~~~~~
1 error generated.
configure:22543: $? = 1
configure: failed program was:
| /* confdefs.h */
| #define PACKAGE_NAME "coinmegatrend Core"
| #define PACKAGE_TARNAME "coinmegatrend"
| #define PACKAGE_VERSION "1.0.0"
| #define PACKAGE_STRING "coinmegatrend Core 1.0.0"
| #define PACKAGE_BUGREPORT "www.coinmegatrend.org"
| #define PACKAGE_URL ""
| #define HAVE_CXX11 1
| #define STDC_HEADERS 1
| #define HAVE_SYS_TYPES_H 1
| #define HAVE_SYS_STAT_H 1
| #define HAVE_STDLIB_H 1
| #define HAVE_STRING_H 1
| #define HAVE_MEMORY_H 1
| #define HAVE_STRINGS_H 1
| #define HAVE_INTTYPES_H 1
| #define HAVE_STDINT_H 1
| #define HAVE_UNISTD_H 1
| #define HAVE_DLFCN_H 1
| #define LT_OBJDIR ".libs/"
| #define HAVE_PTHREAD_PRIO_INHERIT 1
| #define HAVE_PTHREAD 1
| #define HAVE_DECL_STRERROR_R 1
| #define HAVE_STRERROR_R 1
| #define HAVE_FUNC_ATTRIBUTE_VISIBILITY 1
| #define HAVE_STDIO_H 1
| #define HAVE_STDLIB_H 1
| #define HAVE_UNISTD_H 1
| #define HAVE_STRINGS_H 1
| #define HAVE_SYS_TYPES_H 1
| #define HAVE_SYS_STAT_H 1
| #define HAVE_SYS_SELECT_H 1
| #define HAVE_INET_PTON 1
| #define HAVE_DECL_STRNLEN 1
| #define HAVE_DECL_LE32TOH 0
| #define HAVE_DECL_LE64TOH 0
| #define HAVE_DECL_HTOLE32 0
| #define HAVE_DECL_HTOLE64 0
| #define HAVE_DECL_BE32TOH 0
| #define HAVE_DECL_BE64TOH 0
| #define HAVE_DECL_HTOBE32 0
| #define HAVE_DECL_HTOBE64 0
| #define HAVE_VISIBILITY_ATTRIBUTE 1
| /* end confdefs.h.  */
| 
|       #include <db4/db_cxx.h>
| 
| int
| main ()
| {
| 
|       #if !((DB_VERSION_MAJOR == 4 && DB_VERSION_MINOR >= 8) || DB_VERSION_MAJOR > 4)
|         #error "failed to find bdb 4.8+"
|       #endif
| 
|   ;
|   return 0;
| }
configure:22543: g++ -std=c++11 -c -g -O2 -Wall -Wextra -Wformat -Wformat-security -Wno-unused-parameter  -Wstack-protector -fstack-protector-all -fPIC -I/usr/local/opt/openssl/include -DBOOST_SPIRIT_THREADSAFE -DHAVE_BUILD_INFO -D__STDC_FORMAT_MACROS -I/usr/local/opt/berkeley-db@4/include -DMAC_OSX  -U_FORTIFY_SOURCE -D_FORTIFY_SOURCE=2 conftest.cpp >&5
conftest.cpp:46:16: fatal error: 'bdb5/db_cxx.h' file not found
      #include <bdb5/db_cxx.h>
               ^~~~~~~~~~~~~~~
1 error generated.
configure:22543: $? = 1
configure: failed program was:
| /* confdefs.h */
| #define PACKAGE_NAME "coinmegatrend Core"
| #define PACKAGE_TARNAME "coinmegatrend"
| #define PACKAGE_VERSION "1.0.0"
| #define PACKAGE_STRING "coinmegatrend Core 1.0.0"
| #define PACKAGE_BUGREPORT "www.coinmegatrend.org"
| #define PACKAGE_URL ""
| #define HAVE_CXX11 1
| #define STDC_HEADERS 1
| #define HAVE_SYS_TYPES_H 1
| #define HAVE_SYS_STAT_H 1
| #define HAVE_STDLIB_H 1
| #define HAVE_STRING_H 1
| #define HAVE_MEMORY_H 1
| #define HAVE_STRINGS_H 1
| #define HAVE_INTTYPES_H 1
| #define HAVE_STDINT_H 1
| #define HAVE_UNISTD_H 1
| #define HAVE_DLFCN_H 1
| #define LT_OBJDIR ".libs/"
| #define HAVE_PTHREAD_PRIO_INHERIT 1
| #define HAVE_PTHREAD 1
| #define HAVE_DECL_STRERROR_R 1
| #define HAVE_STRERROR_R 1
| #define HAVE_FUNC_ATTRIBUTE_VISIBILITY 1
| #define HAVE_STDIO_H 1
| #define HAVE_STDLIB_H 1
| #define HAVE_UNISTD_H 1
| #define HAVE_STRINGS_H 1
| #define HAVE_SYS_TYPES_H 1
| #define HAVE_SYS_STAT_H 1
| #define HAVE_SYS_SELECT_H 1
| #define HAVE_INET_PTON 1
| #define HAVE_DECL_STRNLEN 1
| #define HAVE_DECL_LE32TOH 0
| #define HAVE_DECL_LE64TOH 0
| #define HAVE_DECL_HTOLE32 0
| #define HAVE_DECL_HTOLE64 0
| #define HAVE_DECL_BE32TOH 0
| #define HAVE_DECL_BE64TOH 0
| #define HAVE_DECL_HTOBE32 0
| #define HAVE_DECL_HTOBE64 0
| #define HAVE_VISIBILITY_ATTRIBUTE 1
| /* end confdefs.h.  */
| 
|       #include <bdb5/db_cxx.h>
| 
| int
| main ()
| {
| 
|       #if !((DB_VERSION_MAJOR == 4 && DB_VERSION_MINOR >= 8) || DB_VERSION_MAJOR > 4)
|         #error "failed to find bdb 4.8+"
|       #endif
| 
|   ;
|   return 0;
| }
configure:22543: g++ -std=c++11 -c -g -O2 -Wall -Wextra -Wformat -Wformat-security -Wno-unused-parameter  -Wstack-protector -fstack-protector-all -fPIC -I/usr/local/opt/openssl/include -DBOOST_SPIRIT_THREADSAFE -DHAVE_BUILD_INFO -D__STDC_FORMAT_MACROS -I/usr/local/opt/berkeley-db@4/include -DMAC_OSX  -U_FORTIFY_SOURCE -D_FORTIFY_SOURCE=2 conftest.cpp >&5
conftest.cpp:46:16: fatal error: 'libdb5/db_cxx.h' file not found
      #include <libdb5/db_cxx.h>
               ^~~~~~~~~~~~~~~~~
1 error generated.
configure:22543: $? = 1
configure: failed program was:
| /* confdefs.h */
| #define PACKAGE_NAME "coinmegatrend Core"
| #define PACKAGE_TARNAME "coinmegatrend"
| #define PACKAGE_VERSION "1.0.0"
| #define PACKAGE_STRING "coinmegatrend Core 1.0.0"
| #define PACKAGE_BUGREPORT "www.coinmegatrend.org"
| #define PACKAGE_URL ""
| #define HAVE_CXX11 1
| #define STDC_HEADERS 1
| #define HAVE_SYS_TYPES_H 1
| #define HAVE_SYS_STAT_H 1
| #define HAVE_STDLIB_H 1
| #define HAVE_STRING_H 1
| #define HAVE_MEMORY_H 1
| #define HAVE_STRINGS_H 1
| #define HAVE_INTTYPES_H 1
| #define HAVE_STDINT_H 1
| #define HAVE_UNISTD_H 1
| #define HAVE_DLFCN_H 1
| #define LT_OBJDIR ".libs/"
| #define HAVE_PTHREAD_PRIO_INHERIT 1
| #define HAVE_PTHREAD 1
| #define HAVE_DECL_STRERROR_R 1
| #define HAVE_STRERROR_R 1
| #define HAVE_FUNC_ATTRIBUTE_VISIBILITY 1
| #define HAVE_STDIO_H 1
| #define HAVE_STDLIB_H 1
| #define HAVE_UNISTD_H 1
| #define HAVE_STRINGS_H 1
| #define HAVE_SYS_TYPES_H 1
| #define HAVE_SYS_STAT_H 1
| #define HAVE_SYS_SELECT_H 1
| #define HAVE_INET_PTON 1
| #define HAVE_DECL_STRNLEN 1
| #define HAVE_DECL_LE32TOH 0
| #define HAVE_DECL_LE64TOH 0
| #define HAVE_DECL_HTOLE32 0
| #define HAVE_DECL_HTOLE64 0
| #define HAVE_DECL_BE32TOH 0
| #define HAVE_DECL_BE64TOH 0
| #define HAVE_DECL_HTOBE32 0
| #define HAVE_DECL_HTOBE64 0
| #define HAVE_VISIBILITY_ATTRIBUTE 1
| /* end confdefs.h.  */
| 
|       #include <libdb5/db_cxx.h>
| 
| int
| main ()
| {
| 
|       #if !((DB_VERSION_MAJOR == 4 && DB_VERSION_MINOR >= 8) || DB_VERSION_MAJOR > 4)
|         #error "failed to find bdb 4.8+"
|       #endif
| 
|   ;
|   return 0;
| }
configure:22543: g++ -std=c++11 -c -g -O2 -Wall -Wextra -Wformat -Wformat-security -Wno-unused-parameter  -Wstack-protector -fstack-protector-all -fPIC -I/usr/local/opt/openssl/include -DBOOST_SPIRIT_THREADSAFE -DHAVE_BUILD_INFO -D__STDC_FORMAT_MACROS -I/usr/local/opt/berkeley-db@4/include -DMAC_OSX  -U_FORTIFY_SOURCE -D_FORTIFY_SOURCE=2 conftest.cpp >&5
conftest.cpp:46:16: fatal error: 'db5/db_cxx.h' file not found
      #include <db5/db_cxx.h>
               ^~~~~~~~~~~~~~
1 error generated.
configure:22543: $? = 1
configure: failed program was:
| /* confdefs.h */
| #define PACKAGE_NAME "coinmegatrend Core"
| #define PACKAGE_TARNAME "coinmegatrend"
| #define PACKAGE_VERSION "1.0.0"
| #define PACKAGE_STRING "coinmegatrend Core 1.0.0"
| #define PACKAGE_BUGREPORT "www.coinmegatrend.org"
| #define PACKAGE_URL ""
| #define HAVE_CXX11 1
| #define STDC_HEADERS 1
| #define HAVE_SYS_TYPES_H 1
| #define HAVE_SYS_STAT_H 1
| #define HAVE_STDLIB_H 1
| #define HAVE_STRING_H 1
| #define HAVE_MEMORY_H 1
| #define HAVE_STRINGS_H 1
| #define HAVE_INTTYPES_H 1
| #define HAVE_STDINT_H 1
| #define HAVE_UNISTD_H 1
| #define HAVE_DLFCN_H 1
| #define LT_OBJDIR ".libs/"
| #define HAVE_PTHREAD_PRIO_INHERIT 1
| #define HAVE_PTHREAD 1
| #define HAVE_DECL_STRERROR_R 1
| #define HAVE_STRERROR_R 1
| #define HAVE_FUNC_ATTRIBUTE_VISIBILITY 1
| #define HAVE_STDIO_H 1
| #define HAVE_STDLIB_H 1
| #define HAVE_UNISTD_H 1
| #define HAVE_STRINGS_H 1
| #define HAVE_SYS_TYPES_H 1
| #define HAVE_SYS_STAT_H 1
| #define HAVE_SYS_SELECT_H 1
| #define HAVE_INET_PTON 1
| #define HAVE_DECL_STRNLEN 1
| #define HAVE_DECL_LE32TOH 0
| #define HAVE_DECL_LE64TOH 0
| #define HAVE_DECL_HTOLE32 0
| #define HAVE_DECL_HTOLE64 0
| #define HAVE_DECL_BE32TOH 0
| #define HAVE_DECL_BE64TOH 0
| #define HAVE_DECL_HTOBE32 0
| #define HAVE_DECL_HTOBE64 0
| #define HAVE_VISIBILITY_ATTRIBUTE 1
| /* end confdefs.h.  */
| 
|       #include <db5/db_cxx.h>
| 
| int
| main ()
| {
| 
|       #if !((DB_VERSION_MAJOR == 4 && DB_VERSION_MINOR >= 8) || DB_VERSION_MAJOR > 4)
|         #error "failed to find bdb 4.8+"
|       #endif
| 
|   ;
|   return 0;
| }
configure:22543: g++ -std=c++11 -c -g -O2 -Wall -Wextra -Wformat -Wformat-security -Wno-unused-parameter  -Wstack-protector -fstack-protector-all -fPIC -I/usr/local/opt/openssl/include -DBOOST_SPIRIT_THREADSAFE -DHAVE_BUILD_INFO -D__STDC_FORMAT_MACROS -I/usr/local/opt/berkeley-db@4/include -DMAC_OSX  -U_FORTIFY_SOURCE -D_FORTIFY_SOURCE=2 conftest.cpp >&5
conftest.cpp:46:16: fatal error: 'bdb/db_cxx.h' file not found
      #include <bdb/db_cxx.h>
               ^~~~~~~~~~~~~~
1 error generated.
configure:22543: $? = 1
configure: failed program was:
| /* confdefs.h */
| #define PACKAGE_NAME "coinmegatrend Core"
| #define PACKAGE_TARNAME "coinmegatrend"
| #define PACKAGE_VERSION "1.0.0"
| #define PACKAGE_STRING "coinmegatrend Core 1.0.0"
| #define PACKAGE_BUGREPORT "www.coinmegatrend.org"
| #define PACKAGE_URL ""
| #define HAVE_CXX11 1
| #define STDC_HEADERS 1
| #define HAVE_SYS_TYPES_H 1
| #define HAVE_SYS_STAT_H 1
| #define HAVE_STDLIB_H 1
| #define HAVE_STRING_H 1
| #define HAVE_MEMORY_H 1
| #define HAVE_STRINGS_H 1
| #define HAVE_INTTYPES_H 1
| #define HAVE_STDINT_H 1
| #define HAVE_UNISTD_H 1
| #define HAVE_DLFCN_H 1
| #define LT_OBJDIR ".libs/"
| #define HAVE_PTHREAD_PRIO_INHERIT 1
| #define HAVE_PTHREAD 1
| #define HAVE_DECL_STRERROR_R 1
| #define HAVE_STRERROR_R 1
| #define HAVE_FUNC_ATTRIBUTE_VISIBILITY 1
| #define HAVE_STDIO_H 1
| #define HAVE_STDLIB_H 1
| #define HAVE_UNISTD_H 1
| #define HAVE_STRINGS_H 1
| #define HAVE_SYS_TYPES_H 1
| #define HAVE_SYS_STAT_H 1
| #define HAVE_SYS_SELECT_H 1
| #define HAVE_INET_PTON 1
| #define HAVE_DECL_STRNLEN 1
| #define HAVE_DECL_LE32TOH 0
| #define HAVE_DECL_LE64TOH 0
| #define HAVE_DECL_HTOLE32 0
| #define HAVE_DECL_HTOLE64 0
| #define HAVE_DECL_BE32TOH 0
| #define HAVE_DECL_BE64TOH 0
| #define HAVE_DECL_HTOBE32 0
| #define HAVE_DECL_HTOBE64 0
| #define HAVE_VISIBILITY_ATTRIBUTE 1
| /* end confdefs.h.  */
| 
|       #include <bdb/db_cxx.h>
| 
| int
| main ()
| {
| 
|       #if !((DB_VERSION_MAJOR == 4 && DB_VERSION_MINOR >= 8) || DB_VERSION_MAJOR > 4)
|         #error "failed to find bdb 4.8+"
|       #endif
| 
|   ;
|   return 0;
| }
configure:22543: g++ -std=c++11 -c -g -O2 -Wall -Wextra -Wformat -Wformat-security -Wno-unused-parameter  -Wstack-protector -fstack-protector-all -fPIC -I/usr/local/opt/openssl/include -DBOOST_SPIRIT_THREADSAFE -DHAVE_BUILD_INFO -D__STDC_FORMAT_MACROS -I/usr/local/opt/berkeley-db@4/include -DMAC_OSX  -U_FORTIFY_SOURCE -D_FORTIFY_SOURCE=2 conftest.cpp >&5
conftest.cpp:46:16: fatal error: 'libdb/db_cxx.h' file not found
      #include <libdb/db_cxx.h>
               ^~~~~~~~~~~~~~~~
1 error generated.
configure:22543: $? = 1
configure: failed program was:
| /* confdefs.h */
| #define PACKAGE_NAME "coinmegatrend Core"
| #define PACKAGE_TARNAME "coinmegatrend"
| #define PACKAGE_VERSION "1.0.0"
| #define PACKAGE_STRING "coinmegatrend Core 1.0.0"
| #define PACKAGE_BUGREPORT "www.coinmegatrend.org"
| #define PACKAGE_URL ""
| #define HAVE_CXX11 1
| #define STDC_HEADERS 1
| #define HAVE_SYS_TYPES_H 1
| #define HAVE_SYS_STAT_H 1
| #define HAVE_STDLIB_H 1
| #define HAVE_STRING_H 1
| #define HAVE_MEMORY_H 1
| #define HAVE_STRINGS_H 1
| #define HAVE_INTTYPES_H 1
| #define HAVE_STDINT_H 1
| #define HAVE_UNISTD_H 1
| #define HAVE_DLFCN_H 1
| #define LT_OBJDIR ".libs/"
| #define HAVE_PTHREAD_PRIO_INHERIT 1
| #define HAVE_PTHREAD 1
| #define HAVE_DECL_STRERROR_R 1
| #define HAVE_STRERROR_R 1
| #define HAVE_FUNC_ATTRIBUTE_VISIBILITY 1
| #define HAVE_STDIO_H 1
| #define HAVE_STDLIB_H 1
| #define HAVE_UNISTD_H 1
| #define HAVE_STRINGS_H 1
| #define HAVE_SYS_TYPES_H 1
| #define HAVE_SYS_STAT_H 1
| #define HAVE_SYS_SELECT_H 1
| #define HAVE_INET_PTON 1
| #define HAVE_DECL_STRNLEN 1
| #define HAVE_DECL_LE32TOH 0
| #define HAVE_DECL_LE64TOH 0
| #define HAVE_DECL_HTOLE32 0
| #define HAVE_DECL_HTOLE64 0
| #define HAVE_DECL_BE32TOH 0
| #define HAVE_DECL_BE64TOH 0
| #define HAVE_DECL_HTOBE32 0
| #define HAVE_DECL_HTOBE64 0
| #define HAVE_VISIBILITY_ATTRIBUTE 1
| /* end confdefs.h.  */
| 
|       #include <libdb/db_cxx.h>
| 
| int
| main ()
| {
| 
|       #if !((DB_VERSION_MAJOR == 4 && DB_VERSION_MINOR >= 8) || DB_VERSION_MAJOR > 4)
|         #error "failed to find bdb 4.8+"
|       #endif
| 
|   ;
|   return 0;
| }
configure:22543: g++ -std=c++11 -c -g -O2 -Wall -Wextra -Wformat -Wformat-security -Wno-unused-parameter  -Wstack-protector -fstack-protector-all -fPIC -I/usr/local/opt/openssl/include -DBOOST_SPIRIT_THREADSAFE -DHAVE_BUILD_INFO -D__STDC_FORMAT_MACROS -I/usr/local/opt/berkeley-db@4/include -DMAC_OSX  -U_FORTIFY_SOURCE -D_FORTIFY_SOURCE=2 conftest.cpp >&5
conftest.cpp:46:16: fatal error: 'db/db_cxx.h' file not found
      #include <db/db_cxx.h>
               ^~~~~~~~~~~~~
1 error generated.
configure:22543: $? = 1
configure: failed program was:
| /* confdefs.h */
| #define PACKAGE_NAME "coinmegatrend Core"
| #define PACKAGE_TARNAME "coinmegatrend"
| #define PACKAGE_VERSION "1.0.0"
| #define PACKAGE_STRING "coinmegatrend Core 1.0.0"
| #define PACKAGE_BUGREPORT "www.coinmegatrend.org"
| #define PACKAGE_URL ""
| #define HAVE_CXX11 1
| #define STDC_HEADERS 1
| #define HAVE_SYS_TYPES_H 1
| #define HAVE_SYS_STAT_H 1
| #define HAVE_STDLIB_H 1
| #define HAVE_STRING_H 1
| #define HAVE_MEMORY_H 1
| #define HAVE_STRINGS_H 1
| #define HAVE_INTTYPES_H 1
| #define HAVE_STDINT_H 1
| #define HAVE_UNISTD_H 1
| #define HAVE_DLFCN_H 1
| #define LT_OBJDIR ".libs/"
| #define HAVE_PTHREAD_PRIO_INHERIT 1
| #define HAVE_PTHREAD 1
| #define HAVE_DECL_STRERROR_R 1
| #define HAVE_STRERROR_R 1
| #define HAVE_FUNC_ATTRIBUTE_VISIBILITY 1
| #define HAVE_STDIO_H 1
| #define HAVE_STDLIB_H 1
| #define HAVE_UNISTD_H 1
| #define HAVE_STRINGS_H 1
| #define HAVE_SYS_TYPES_H 1
| #define HAVE_SYS_STAT_H 1
| #define HAVE_SYS_SELECT_H 1
| #define HAVE_INET_PTON 1
| #define HAVE_DECL_STRNLEN 1
| #define HAVE_DECL_LE32TOH 0
| #define HAVE_DECL_LE64TOH 0
| #define HAVE_DECL_HTOLE32 0
| #define HAVE_DECL_HTOLE64 0
| #define HAVE_DECL_BE32TOH 0
| #define HAVE_DECL_BE64TOH 0
| #define HAVE_DECL_HTOBE32 0
| #define HAVE_DECL_HTOBE64 0
| #define HAVE_VISIBILITY_ATTRIBUTE 1
| /* end confdefs.h.  */
| 
|       #include <db/db_cxx.h>
| 
| int
| main ()
| {
| 
|       #if !((DB_VERSION_MAJOR == 4 && DB_VERSION_MINOR >= 8) || DB_VERSION_MAJOR > 4)
|         #error "failed to find bdb 4.8+"
|       #endif
| 
|   ;
|   return 0;
| }
configure:22543: g++ -std=c++11 -c -g -O2 -Wall -Wextra -Wformat -Wformat-security -Wno-unused-parameter  -Wstack-protector -fstack-protector-all -fPIC -I/usr/local/opt/openssl/include -DBOOST_SPIRIT_THREADSAFE -DHAVE_BUILD_INFO -D__STDC_FORMAT_MACROS -I/usr/local/opt/berkeley-db@4/include -DMAC_OSX  -U_FORTIFY_SOURCE -D_FORTIFY_SOURCE=2 conftest.cpp >&5
configure:22543: $? = 0
configure:22572: g++ -std=c++11 -c -g -O2 -Wall -Wextra -Wformat -Wformat-security -Wno-unused-parameter  -Wstack-protector -fstack-protector-all -fPIC -I/usr/local/opt/openssl/include -DBOOST_SPIRIT_THREADSAFE -DHAVE_BUILD_INFO -D__STDC_FORMAT_MACROS -I/usr/local/opt/berkeley-db@4/include -DMAC_OSX  -U_FORTIFY_SOURCE -D_FORTIFY_SOURCE=2 conftest.cpp >&5
configure:22572: $? = 0
configure:22615: result: default
configure:22634: checking for main in -ldb_cxx-4.8
configure:22653: g++ -std=c++11 -o conftest -g -O2 -Wall -Wextra -Wformat -Wformat-security -Wno-unused-parameter  -Wstack-protector -fstack-protector-all -fPIC -I/usr/local/opt/openssl/include -DBOOST_SPIRIT_THREADSAFE -DHAVE_BUILD_INFO -D__STDC_FORMAT_MACROS -I/usr/local/opt/berkeley-db@4/include -DMAC_OSX  -U_FORTIFY_SOURCE -D_FORTIFY_SOURCE=2 -L/usr/local/opt/openssl/lib -Wl,-headerpad_max_install_names  -Wl,-dead_strip conftest.cpp -ldb_cxx-4.8   -L/usr/local/opt/berkeley-db@4/lib >&5
conftest.cpp:49:1: warning: all paths through this function will call itself [-Winfinite-recursion]
{
^
1 warning generated.
configure:22653: $? = 0
configure:22663: result: yes
configure:22684: checking miniupnpc/miniwget.h usability
configure:22684: g++ -std=c++11 -c -g -O2 -Wall -Wextra -Wformat -Wformat-security -Wno-unused-parameter  -Wstack-protector -fstack-protector-all -fPIC -I/usr/local/opt/openssl/include -DBOOST_SPIRIT_THREADSAFE -DHAVE_BUILD_INFO -D__STDC_FORMAT_MACROS -I/usr/local/opt/berkeley-db@4/include -DMAC_OSX  -U_FORTIFY_SOURCE -D_FORTIFY_SOURCE=2 conftest.cpp >&5
conftest.cpp:78:10: fatal error: 'miniupnpc/miniwget.h' file not found
#include <miniupnpc/miniwget.h>
         ^~~~~~~~~~~~~~~~~~~~~~
1 error generated.
configure:22684: $? = 1
configure: failed program was:
| /* confdefs.h */
| #define PACKAGE_NAME "coinmegatrend Core"
| #define PACKAGE_TARNAME "coinmegatrend"
| #define PACKAGE_VERSION "1.0.0"
| #define PACKAGE_STRING "coinmegatrend Core 1.0.0"
| #define PACKAGE_BUGREPORT "www.coinmegatrend.org"
| #define PACKAGE_URL ""
| #define HAVE_CXX11 1
| #define STDC_HEADERS 1
| #define HAVE_SYS_TYPES_H 1
| #define HAVE_SYS_STAT_H 1
| #define HAVE_STDLIB_H 1
| #define HAVE_STRING_H 1
| #define HAVE_MEMORY_H 1
| #define HAVE_STRINGS_H 1
| #define HAVE_INTTYPES_H 1
| #define HAVE_STDINT_H 1
| #define HAVE_UNISTD_H 1
| #define HAVE_DLFCN_H 1
| #define LT_OBJDIR ".libs/"
| #define HAVE_PTHREAD_PRIO_INHERIT 1
| #define HAVE_PTHREAD 1
| #define HAVE_DECL_STRERROR_R 1
| #define HAVE_STRERROR_R 1
| #define HAVE_FUNC_ATTRIBUTE_VISIBILITY 1
| #define HAVE_STDIO_H 1
| #define HAVE_STDLIB_H 1
| #define HAVE_UNISTD_H 1
| #define HAVE_STRINGS_H 1
| #define HAVE_SYS_TYPES_H 1
| #define HAVE_SYS_STAT_H 1
| #define HAVE_SYS_SELECT_H 1
| #define HAVE_INET_PTON 1
| #define HAVE_DECL_STRNLEN 1
| #define HAVE_DECL_LE32TOH 0
| #define HAVE_DECL_LE64TOH 0
| #define HAVE_DECL_HTOLE32 0
| #define HAVE_DECL_HTOLE64 0
| #define HAVE_DECL_BE32TOH 0
| #define HAVE_DECL_BE64TOH 0
| #define HAVE_DECL_HTOBE32 0
| #define HAVE_DECL_HTOBE64 0
| #define HAVE_VISIBILITY_ATTRIBUTE 1
| /* end confdefs.h.  */
| #include <stdio.h>
| #ifdef HAVE_SYS_TYPES_H
| # include <sys/types.h>
| #endif
| #ifdef HAVE_SYS_STAT_H
| # include <sys/stat.h>
| #endif
| #ifdef STDC_HEADERS
| # include <stdlib.h>
| # include <stddef.h>
| #else
| # ifdef HAVE_STDLIB_H
| #  include <stdlib.h>
| # endif
| #endif
| #ifdef HAVE_STRING_H
| # if !defined STDC_HEADERS && defined HAVE_MEMORY_H
| #  include <memory.h>
| # endif
| # include <string.h>
| #endif
| #ifdef HAVE_STRINGS_H
| # include <strings.h>
| #endif
| #ifdef HAVE_INTTYPES_H
| # include <inttypes.h>
| #endif
| #ifdef HAVE_STDINT_H
| # include <stdint.h>
| #endif
| #ifdef HAVE_UNISTD_H
| # include <unistd.h>
| #endif
| #include <miniupnpc/miniwget.h>
configure:22684: result: no
configure:22684: checking miniupnpc/miniwget.h presence
configure:22684: g++ -std=c++11 -E -I/usr/local/opt/openssl/include -DBOOST_SPIRIT_THREADSAFE -DHAVE_BUILD_INFO -D__STDC_FORMAT_MACROS -I/usr/local/opt/berkeley-db@4/include -DMAC_OSX  -U_FORTIFY_SOURCE -D_FORTIFY_SOURCE=2 conftest.cpp
conftest.cpp:45:10: fatal error: 'miniupnpc/miniwget.h' file not found
#include <miniupnpc/miniwget.h>
         ^~~~~~~~~~~~~~~~~~~~~~
1 error generated.
configure:22684: $? = 1
configure: failed program was:
| /* confdefs.h */
| #define PACKAGE_NAME "coinmegatrend Core"
| #define PACKAGE_TARNAME "coinmegatrend"
| #define PACKAGE_VERSION "1.0.0"
| #define PACKAGE_STRING "coinmegatrend Core 1.0.0"
| #define PACKAGE_BUGREPORT "www.coinmegatrend.org"
| #define PACKAGE_URL ""
| #define HAVE_CXX11 1
| #define STDC_HEADERS 1
| #define HAVE_SYS_TYPES_H 1
| #define HAVE_SYS_STAT_H 1
| #define HAVE_STDLIB_H 1
| #define HAVE_STRING_H 1
| #define HAVE_MEMORY_H 1
| #define HAVE_STRINGS_H 1
| #define HAVE_INTTYPES_H 1
| #define HAVE_STDINT_H 1
| #define HAVE_UNISTD_H 1
| #define HAVE_DLFCN_H 1
| #define LT_OBJDIR ".libs/"
| #define HAVE_PTHREAD_PRIO_INHERIT 1
| #define HAVE_PTHREAD 1
| #define HAVE_DECL_STRERROR_R 1
| #define HAVE_STRERROR_R 1
| #define HAVE_FUNC_ATTRIBUTE_VISIBILITY 1
| #define HAVE_STDIO_H 1
| #define HAVE_STDLIB_H 1
| #define HAVE_UNISTD_H 1
| #define HAVE_STRINGS_H 1
| #define HAVE_SYS_TYPES_H 1
| #define HAVE_SYS_STAT_H 1
| #define HAVE_SYS_SELECT_H 1
| #define HAVE_INET_PTON 1
| #define HAVE_DECL_STRNLEN 1
| #define HAVE_DECL_LE32TOH 0
| #define HAVE_DECL_LE64TOH 0
| #define HAVE_DECL_HTOLE32 0
| #define HAVE_DECL_HTOLE64 0
| #define HAVE_DECL_BE32TOH 0
| #define HAVE_DECL_BE64TOH 0
| #define HAVE_DECL_HTOBE32 0
| #define HAVE_DECL_HTOBE64 0
| #define HAVE_VISIBILITY_ATTRIBUTE 1
| /* end confdefs.h.  */
| #include <miniupnpc/miniwget.h>
configure:22684: result: no
configure:22684: checking for miniupnpc/miniwget.h
configure:22684: result: no
configure:22684: checking miniupnpc/miniupnpc.h usability
configure:22684: g++ -std=c++11 -c -g -O2 -Wall -Wextra -Wformat -Wformat-security -Wno-unused-parameter  -Wstack-protector -fstack-protector-all -fPIC -I/usr/local/opt/openssl/include -DBOOST_SPIRIT_THREADSAFE -DHAVE_BUILD_INFO -D__STDC_FORMAT_MACROS -I/usr/local/opt/berkeley-db@4/include -DMAC_OSX  -U_FORTIFY_SOURCE -D_FORTIFY_SOURCE=2 conftest.cpp >&5
conftest.cpp:78:10: fatal error: 'miniupnpc/miniupnpc.h' file not found
#include <miniupnpc/miniupnpc.h>
         ^~~~~~~~~~~~~~~~~~~~~~~
1 error generated.
configure:22684: $? = 1
configure: failed program was:
| /* confdefs.h */
| #define PACKAGE_NAME "coinmegatrend Core"
| #define PACKAGE_TARNAME "coinmegatrend"
| #define PACKAGE_VERSION "1.0.0"
| #define PACKAGE_STRING "coinmegatrend Core 1.0.0"
| #define PACKAGE_BUGREPORT "www.coinmegatrend.org"
| #define PACKAGE_URL ""
| #define HAVE_CXX11 1
| #define STDC_HEADERS 1
| #define HAVE_SYS_TYPES_H 1
| #define HAVE_SYS_STAT_H 1
| #define HAVE_STDLIB_H 1
| #define HAVE_STRING_H 1
| #define HAVE_MEMORY_H 1
| #define HAVE_STRINGS_H 1
| #define HAVE_INTTYPES_H 1
| #define HAVE_STDINT_H 1
| #define HAVE_UNISTD_H 1
| #define HAVE_DLFCN_H 1
| #define LT_OBJDIR ".libs/"
| #define HAVE_PTHREAD_PRIO_INHERIT 1
| #define HAVE_PTHREAD 1
| #define HAVE_DECL_STRERROR_R 1
| #define HAVE_STRERROR_R 1
| #define HAVE_FUNC_ATTRIBUTE_VISIBILITY 1
| #define HAVE_STDIO_H 1
| #define HAVE_STDLIB_H 1
| #define HAVE_UNISTD_H 1
| #define HAVE_STRINGS_H 1
| #define HAVE_SYS_TYPES_H 1
| #define HAVE_SYS_STAT_H 1
| #define HAVE_SYS_SELECT_H 1
| #define HAVE_INET_PTON 1
| #define HAVE_DECL_STRNLEN 1
| #define HAVE_DECL_LE32TOH 0
| #define HAVE_DECL_LE64TOH 0
| #define HAVE_DECL_HTOLE32 0
| #define HAVE_DECL_HTOLE64 0
| #define HAVE_DECL_BE32TOH 0
| #define HAVE_DECL_BE64TOH 0
| #define HAVE_DECL_HTOBE32 0
| #define HAVE_DECL_HTOBE64 0
| #define HAVE_VISIBILITY_ATTRIBUTE 1
| /* end confdefs.h.  */
| #include <stdio.h>
| #ifdef HAVE_SYS_TYPES_H
| # include <sys/types.h>
| #endif
| #ifdef HAVE_SYS_STAT_H
| # include <sys/stat.h>
| #endif
| #ifdef STDC_HEADERS
| # include <stdlib.h>
| # include <stddef.h>
| #else
| # ifdef HAVE_STDLIB_H
| #  include <stdlib.h>
| # endif
| #endif
| #ifdef HAVE_STRING_H
| # if !defined STDC_HEADERS && defined HAVE_MEMORY_H
| #  include <memory.h>
| # endif
| # include <string.h>
| #endif
| #ifdef HAVE_STRINGS_H
| # include <strings.h>
| #endif
| #ifdef HAVE_INTTYPES_H
| # include <inttypes.h>
| #endif
| #ifdef HAVE_STDINT_H
| # include <stdint.h>
| #endif
| #ifdef HAVE_UNISTD_H
| # include <unistd.h>
| #endif
| #include <miniupnpc/miniupnpc.h>
configure:22684: result: no
configure:22684: checking miniupnpc/miniupnpc.h presence
configure:22684: g++ -std=c++11 -E -I/usr/local/opt/openssl/include -DBOOST_SPIRIT_THREADSAFE -DHAVE_BUILD_INFO -D__STDC_FORMAT_MACROS -I/usr/local/opt/berkeley-db@4/include -DMAC_OSX  -U_FORTIFY_SOURCE -D_FORTIFY_SOURCE=2 conftest.cpp
conftest.cpp:45:10: fatal error: 'miniupnpc/miniupnpc.h' file not found
#include <miniupnpc/miniupnpc.h>
         ^~~~~~~~~~~~~~~~~~~~~~~
1 error generated.
configure:22684: $? = 1
configure: failed program was:
| /* confdefs.h */
| #define PACKAGE_NAME "coinmegatrend Core"
| #define PACKAGE_TARNAME "coinmegatrend"
| #define PACKAGE_VERSION "1.0.0"
| #define PACKAGE_STRING "coinmegatrend Core 1.0.0"
| #define PACKAGE_BUGREPORT "www.coinmegatrend.org"
| #define PACKAGE_URL ""
| #define HAVE_CXX11 1
| #define STDC_HEADERS 1
| #define HAVE_SYS_TYPES_H 1
| #define HAVE_SYS_STAT_H 1
| #define HAVE_STDLIB_H 1
| #define HAVE_STRING_H 1
| #define HAVE_MEMORY_H 1
| #define HAVE_STRINGS_H 1
| #define HAVE_INTTYPES_H 1
| #define HAVE_STDINT_H 1
| #define HAVE_UNISTD_H 1
| #define HAVE_DLFCN_H 1
| #define LT_OBJDIR ".libs/"
| #define HAVE_PTHREAD_PRIO_INHERIT 1
| #define HAVE_PTHREAD 1
| #define HAVE_DECL_STRERROR_R 1
| #define HAVE_STRERROR_R 1
| #define HAVE_FUNC_ATTRIBUTE_VISIBILITY 1
| #define HAVE_STDIO_H 1
| #define HAVE_STDLIB_H 1
| #define HAVE_UNISTD_H 1
| #define HAVE_STRINGS_H 1
| #define HAVE_SYS_TYPES_H 1
| #define HAVE_SYS_STAT_H 1
| #define HAVE_SYS_SELECT_H 1
| #define HAVE_INET_PTON 1
| #define HAVE_DECL_STRNLEN 1
| #define HAVE_DECL_LE32TOH 0
| #define HAVE_DECL_LE64TOH 0
| #define HAVE_DECL_HTOLE32 0
| #define HAVE_DECL_HTOLE64 0
| #define HAVE_DECL_BE32TOH 0
| #define HAVE_DECL_BE64TOH 0
| #define HAVE_DECL_HTOBE32 0
| #define HAVE_DECL_HTOBE64 0
| #define HAVE_VISIBILITY_ATTRIBUTE 1
| /* end confdefs.h.  */
| #include <miniupnpc/miniupnpc.h>
configure:22684: result: no
configure:22684: checking for miniupnpc/miniupnpc.h
configure:22684: result: no
configure:22684: checking miniupnpc/upnpcommands.h usability
configure:22684: g++ -std=c++11 -c -g -O2 -Wall -Wextra -Wformat -Wformat-security -Wno-unused-parameter  -Wstack-protector -fstack-protector-all -fPIC -I/usr/local/opt/openssl/include -DBOOST_SPIRIT_THREADSAFE -DHAVE_BUILD_INFO -D__STDC_FORMAT_MACROS -I/usr/local/opt/berkeley-db@4/include -DMAC_OSX  -U_FORTIFY_SOURCE -D_FORTIFY_SOURCE=2 conftest.cpp >&5
conftest.cpp:78:10: fatal error: 'miniupnpc/upnpcommands.h' file not found
#include <miniupnpc/upnpcommands.h>
         ^~~~~~~~~~~~~~~~~~~~~~~~~~
1 error generated.
configure:22684: $? = 1
configure: failed program was:
| /* confdefs.h */
| #define PACKAGE_NAME "coinmegatrend Core"
| #define PACKAGE_TARNAME "coinmegatrend"
| #define PACKAGE_VERSION "1.0.0"
| #define PACKAGE_STRING "coinmegatrend Core 1.0.0"
| #define PACKAGE_BUGREPORT "www.coinmegatrend.org"
| #define PACKAGE_URL ""
| #define HAVE_CXX11 1
| #define STDC_HEADERS 1
| #define HAVE_SYS_TYPES_H 1
| #define HAVE_SYS_STAT_H 1
| #define HAVE_STDLIB_H 1
| #define HAVE_STRING_H 1
| #define HAVE_MEMORY_H 1
| #define HAVE_STRINGS_H 1
| #define HAVE_INTTYPES_H 1
| #define HAVE_STDINT_H 1
| #define HAVE_UNISTD_H 1
| #define HAVE_DLFCN_H 1
| #define LT_OBJDIR ".libs/"
| #define HAVE_PTHREAD_PRIO_INHERIT 1
| #define HAVE_PTHREAD 1
| #define HAVE_DECL_STRERROR_R 1
| #define HAVE_STRERROR_R 1
| #define HAVE_FUNC_ATTRIBUTE_VISIBILITY 1
| #define HAVE_STDIO_H 1
| #define HAVE_STDLIB_H 1
| #define HAVE_UNISTD_H 1
| #define HAVE_STRINGS_H 1
| #define HAVE_SYS_TYPES_H 1
| #define HAVE_SYS_STAT_H 1
| #define HAVE_SYS_SELECT_H 1
| #define HAVE_INET_PTON 1
| #define HAVE_DECL_STRNLEN 1
| #define HAVE_DECL_LE32TOH 0
| #define HAVE_DECL_LE64TOH 0
| #define HAVE_DECL_HTOLE32 0
| #define HAVE_DECL_HTOLE64 0
| #define HAVE_DECL_BE32TOH 0
| #define HAVE_DECL_BE64TOH 0
| #define HAVE_DECL_HTOBE32 0
| #define HAVE_DECL_HTOBE64 0
| #define HAVE_VISIBILITY_ATTRIBUTE 1
| /* end confdefs.h.  */
| #include <stdio.h>
| #ifdef HAVE_SYS_TYPES_H
| # include <sys/types.h>
| #endif
| #ifdef HAVE_SYS_STAT_H
| # include <sys/stat.h>
| #endif
| #ifdef STDC_HEADERS
| # include <stdlib.h>
| # include <stddef.h>
| #else
| # ifdef HAVE_STDLIB_H
| #  include <stdlib.h>
| # endif
| #endif
| #ifdef HAVE_STRING_H
| # if !defined STDC_HEADERS && defined HAVE_MEMORY_H
| #  include <memory.h>
| # endif
| # include <string.h>
| #endif
| #ifdef HAVE_STRINGS_H
| # include <strings.h>
| #endif
| #ifdef HAVE_INTTYPES_H
| # include <inttypes.h>
| #endif
| #ifdef HAVE_STDINT_H
| # include <stdint.h>
| #endif
| #ifdef HAVE_UNISTD_H
| # include <unistd.h>
| #endif
| #include <miniupnpc/upnpcommands.h>
configure:22684: result: no
configure:22684: checking miniupnpc/upnpcommands.h presence
configure:22684: g++ -std=c++11 -E -I/usr/local/opt/openssl/include -DBOOST_SPIRIT_THREADSAFE -DHAVE_BUILD_INFO -D__STDC_FORMAT_MACROS -I/usr/local/opt/berkeley-db@4/include -DMAC_OSX  -U_FORTIFY_SOURCE -D_FORTIFY_SOURCE=2 conftest.cpp
conftest.cpp:45:10: fatal error: 'miniupnpc/upnpcommands.h' file not found
#include <miniupnpc/upnpcommands.h>
         ^~~~~~~~~~~~~~~~~~~~~~~~~~
1 error generated.
configure:22684: $? = 1
configure: failed program was:
| /* confdefs.h */
| #define PACKAGE_NAME "coinmegatrend Core"
| #define PACKAGE_TARNAME "coinmegatrend"
| #define PACKAGE_VERSION "1.0.0"
| #define PACKAGE_STRING "coinmegatrend Core 1.0.0"
| #define PACKAGE_BUGREPORT "www.coinmegatrend.org"
| #define PACKAGE_URL ""
| #define HAVE_CXX11 1
| #define STDC_HEADERS 1
| #define HAVE_SYS_TYPES_H 1
| #define HAVE_SYS_STAT_H 1
| #define HAVE_STDLIB_H 1
| #define HAVE_STRING_H 1
| #define HAVE_MEMORY_H 1
| #define HAVE_STRINGS_H 1
| #define HAVE_INTTYPES_H 1
| #define HAVE_STDINT_H 1
| #define HAVE_UNISTD_H 1
| #define HAVE_DLFCN_H 1
| #define LT_OBJDIR ".libs/"
| #define HAVE_PTHREAD_PRIO_INHERIT 1
| #define HAVE_PTHREAD 1
| #define HAVE_DECL_STRERROR_R 1
| #define HAVE_STRERROR_R 1
| #define HAVE_FUNC_ATTRIBUTE_VISIBILITY 1
| #define HAVE_STDIO_H 1
| #define HAVE_STDLIB_H 1
| #define HAVE_UNISTD_H 1
| #define HAVE_STRINGS_H 1
| #define HAVE_SYS_TYPES_H 1
| #define HAVE_SYS_STAT_H 1
| #define HAVE_SYS_SELECT_H 1
| #define HAVE_INET_PTON 1
| #define HAVE_DECL_STRNLEN 1
| #define HAVE_DECL_LE32TOH 0
| #define HAVE_DECL_LE64TOH 0
| #define HAVE_DECL_HTOLE32 0
| #define HAVE_DECL_HTOLE64 0
| #define HAVE_DECL_BE32TOH 0
| #define HAVE_DECL_BE64TOH 0
| #define HAVE_DECL_HTOBE32 0
| #define HAVE_DECL_HTOBE64 0
| #define HAVE_VISIBILITY_ATTRIBUTE 1
| /* end confdefs.h.  */
| #include <miniupnpc/upnpcommands.h>
configure:22684: result: no
configure:22684: checking for miniupnpc/upnpcommands.h
configure:22684: result: no
configure:22684: checking miniupnpc/upnperrors.h usability
configure:22684: g++ -std=c++11 -c -g -O2 -Wall -Wextra -Wformat -Wformat-security -Wno-unused-parameter  -Wstack-protector -fstack-protector-all -fPIC -I/usr/local/opt/openssl/include -DBOOST_SPIRIT_THREADSAFE -DHAVE_BUILD_INFO -D__STDC_FORMAT_MACROS -I/usr/local/opt/berkeley-db@4/include -DMAC_OSX  -U_FORTIFY_SOURCE -D_FORTIFY_SOURCE=2 conftest.cpp >&5
conftest.cpp:78:10: fatal error: 'miniupnpc/upnperrors.h' file not found
#include <miniupnpc/upnperrors.h>
         ^~~~~~~~~~~~~~~~~~~~~~~~
1 error generated.
configure:22684: $? = 1
configure: failed program was:
| /* confdefs.h */
| #define PACKAGE_NAME "coinmegatrend Core"
| #define PACKAGE_TARNAME "coinmegatrend"
| #define PACKAGE_VERSION "1.0.0"
| #define PACKAGE_STRING "coinmegatrend Core 1.0.0"
| #define PACKAGE_BUGREPORT "www.coinmegatrend.org"
| #define PACKAGE_URL ""
| #define HAVE_CXX11 1
| #define STDC_HEADERS 1
| #define HAVE_SYS_TYPES_H 1
| #define HAVE_SYS_STAT_H 1
| #define HAVE_STDLIB_H 1
| #define HAVE_STRING_H 1
| #define HAVE_MEMORY_H 1
| #define HAVE_STRINGS_H 1
| #define HAVE_INTTYPES_H 1
| #define HAVE_STDINT_H 1
| #define HAVE_UNISTD_H 1
| #define HAVE_DLFCN_H 1
| #define LT_OBJDIR ".libs/"
| #define HAVE_PTHREAD_PRIO_INHERIT 1
| #define HAVE_PTHREAD 1
| #define HAVE_DECL_STRERROR_R 1
| #define HAVE_STRERROR_R 1
| #define HAVE_FUNC_ATTRIBUTE_VISIBILITY 1
| #define HAVE_STDIO_H 1
| #define HAVE_STDLIB_H 1
| #define HAVE_UNISTD_H 1
| #define HAVE_STRINGS_H 1
| #define HAVE_SYS_TYPES_H 1
| #define HAVE_SYS_STAT_H 1
| #define HAVE_SYS_SELECT_H 1
| #define HAVE_INET_PTON 1
| #define HAVE_DECL_STRNLEN 1
| #define HAVE_DECL_LE32TOH 0
| #define HAVE_DECL_LE64TOH 0
| #define HAVE_DECL_HTOLE32 0
| #define HAVE_DECL_HTOLE64 0
| #define HAVE_DECL_BE32TOH 0
| #define HAVE_DECL_BE64TOH 0
| #define HAVE_DECL_HTOBE32 0
| #define HAVE_DECL_HTOBE64 0
| #define HAVE_VISIBILITY_ATTRIBUTE 1
| /* end confdefs.h.  */
| #include <stdio.h>
| #ifdef HAVE_SYS_TYPES_H
| # include <sys/types.h>
| #endif
| #ifdef HAVE_SYS_STAT_H
| # include <sys/stat.h>
| #endif
| #ifdef STDC_HEADERS
| # include <stdlib.h>
| # include <stddef.h>
| #else
| # ifdef HAVE_STDLIB_H
| #  include <stdlib.h>
| # endif
| #endif
| #ifdef HAVE_STRING_H
| # if !defined STDC_HEADERS && defined HAVE_MEMORY_H
| #  include <memory.h>
| # endif
| # include <string.h>
| #endif
| #ifdef HAVE_STRINGS_H
| # include <strings.h>
| #endif
| #ifdef HAVE_INTTYPES_H
| # include <inttypes.h>
| #endif
| #ifdef HAVE_STDINT_H
| # include <stdint.h>
| #endif
| #ifdef HAVE_UNISTD_H
| # include <unistd.h>
| #endif
| #include <miniupnpc/upnperrors.h>
configure:22684: result: no
configure:22684: checking miniupnpc/upnperrors.h presence
configure:22684: g++ -std=c++11 -E -I/usr/local/opt/openssl/include -DBOOST_SPIRIT_THREADSAFE -DHAVE_BUILD_INFO -D__STDC_FORMAT_MACROS -I/usr/local/opt/berkeley-db@4/include -DMAC_OSX  -U_FORTIFY_SOURCE -D_FORTIFY_SOURCE=2 conftest.cpp
conftest.cpp:45:10: fatal error: 'miniupnpc/upnperrors.h' file not found
#include <miniupnpc/upnperrors.h>
         ^~~~~~~~~~~~~~~~~~~~~~~~
1 error generated.
configure:22684: $? = 1
configure: failed program was:
| /* confdefs.h */
| #define PACKAGE_NAME "coinmegatrend Core"
| #define PACKAGE_TARNAME "coinmegatrend"
| #define PACKAGE_VERSION "1.0.0"
| #define PACKAGE_STRING "coinmegatrend Core 1.0.0"
| #define PACKAGE_BUGREPORT "www.coinmegatrend.org"
| #define PACKAGE_URL ""
| #define HAVE_CXX11 1
| #define STDC_HEADERS 1
| #define HAVE_SYS_TYPES_H 1
| #define HAVE_SYS_STAT_H 1
| #define HAVE_STDLIB_H 1
| #define HAVE_STRING_H 1
| #define HAVE_MEMORY_H 1
| #define HAVE_STRINGS_H 1
| #define HAVE_INTTYPES_H 1
| #define HAVE_STDINT_H 1
| #define HAVE_UNISTD_H 1
| #define HAVE_DLFCN_H 1
| #define LT_OBJDIR ".libs/"
| #define HAVE_PTHREAD_PRIO_INHERIT 1
| #define HAVE_PTHREAD 1
| #define HAVE_DECL_STRERROR_R 1
| #define HAVE_STRERROR_R 1
| #define HAVE_FUNC_ATTRIBUTE_VISIBILITY 1
| #define HAVE_STDIO_H 1
| #define HAVE_STDLIB_H 1
| #define HAVE_UNISTD_H 1
| #define HAVE_STRINGS_H 1
| #define HAVE_SYS_TYPES_H 1
| #define HAVE_SYS_STAT_H 1
| #define HAVE_SYS_SELECT_H 1
| #define HAVE_INET_PTON 1
| #define HAVE_DECL_STRNLEN 1
| #define HAVE_DECL_LE32TOH 0
| #define HAVE_DECL_LE64TOH 0
| #define HAVE_DECL_HTOLE32 0
| #define HAVE_DECL_HTOLE64 0
| #define HAVE_DECL_BE32TOH 0
| #define HAVE_DECL_BE64TOH 0
| #define HAVE_DECL_HTOBE32 0
| #define HAVE_DECL_HTOBE64 0
| #define HAVE_VISIBILITY_ATTRIBUTE 1
| /* end confdefs.h.  */
| #include <miniupnpc/upnperrors.h>
configure:22684: result: no
configure:22684: checking for miniupnpc/upnperrors.h
configure:22684: result: no
configure:22827: checking for Qt5Core Qt5Gui Qt5Network Qt5Widgets
configure:22834: $PKG_CONFIG --exists --print-errors "$qt5_modules"
configure:22837: $? = 0
configure:22851: $PKG_CONFIG --exists --print-errors "$qt5_modules"
configure:22854: $? = 0
configure:22892: result: yes
configure:23144: checking for Qt5Test
configure:23151: $PKG_CONFIG --exists --print-errors "${QT_LIB_PREFIX}Test"
configure:23154: $? = 0
configure:23168: $PKG_CONFIG --exists --print-errors "${QT_LIB_PREFIX}Test"
configure:23171: $? = 0
configure:23209: result: yes
configure:23216: checking for Qt5DBus
configure:23223: $PKG_CONFIG --exists --print-errors "${QT_LIB_PREFIX}DBus"
configure:23226: $? = 0
configure:23240: $PKG_CONFIG --exists --print-errors "${QT_LIB_PREFIX}DBus"
configure:23243: $? = 0
configure:23281: result: yes
configure:24248: checking for static Qt
configure:24271: g++ -std=c++11 -c  -g -O2 -Wall -Wextra -Wformat -Wformat-security -Wno-unused-parameter  -Wstack-protector -fstack-protector-all -fPIC -DQT_NETWORK_LIB -DQT_WIDGETS_LIB -DQT_GUI_LIB -DQT_CORE_LIB -I/usr/local/Cellar/qt/5.11.1/include/QtNetwork -I/usr/local/Cellar/qt/5.11.1/include -I/usr/local/Cellar/qt/5.11.1/include/QtWidgets -I/usr/local/Cellar/qt/5.11.1/include -I/usr/local/Cellar/qt/5.11.1/include/QtGui -I/usr/local/Cellar/qt/5.11.1/include -I/usr/local/Cellar/qt/5.11.1/include/QtCore -I/usr/local/Cellar/qt/5.11.1/include -I/usr/local/opt/openssl/include -DBOOST_SPIRIT_THREADSAFE -DHAVE_BUILD_INFO -D__STDC_FORMAT_MACROS -I/usr/local/opt/berkeley-db@4/include -DMAC_OSX  -U_FORTIFY_SOURCE -D_FORTIFY_SOURCE=2 conftest.cpp >&5
conftest.cpp:53:7: error: unknown type name 'choke'
      choke me
      ^
1 error generated.
configure:24271: $? = 1
configure: failed program was:
| /* confdefs.h */
| #define PACKAGE_NAME "coinmegatrend Core"
| #define PACKAGE_TARNAME "coinmegatrend"
| #define PACKAGE_VERSION "1.0.0"
| #define PACKAGE_STRING "coinmegatrend Core 1.0.0"
| #define PACKAGE_BUGREPORT "www.coinmegatrend.org"
| #define PACKAGE_URL ""
| #define HAVE_CXX11 1
| #define STDC_HEADERS 1
| #define HAVE_SYS_TYPES_H 1
| #define HAVE_SYS_STAT_H 1
| #define HAVE_STDLIB_H 1
| #define HAVE_STRING_H 1
| #define HAVE_MEMORY_H 1
| #define HAVE_STRINGS_H 1
| #define HAVE_INTTYPES_H 1
| #define HAVE_STDINT_H 1
| #define HAVE_UNISTD_H 1
| #define HAVE_DLFCN_H 1
| #define LT_OBJDIR ".libs/"
| #define HAVE_PTHREAD_PRIO_INHERIT 1
| #define HAVE_PTHREAD 1
| #define HAVE_DECL_STRERROR_R 1
| #define HAVE_STRERROR_R 1
| #define HAVE_FUNC_ATTRIBUTE_VISIBILITY 1
| #define HAVE_STDIO_H 1
| #define HAVE_STDLIB_H 1
| #define HAVE_UNISTD_H 1
| #define HAVE_STRINGS_H 1
| #define HAVE_SYS_TYPES_H 1
| #define HAVE_SYS_STAT_H 1
| #define HAVE_SYS_SELECT_H 1
| #define HAVE_INET_PTON 1
| #define HAVE_DECL_STRNLEN 1
| #define HAVE_DECL_LE32TOH 0
| #define HAVE_DECL_LE64TOH 0
| #define HAVE_DECL_HTOLE32 0
| #define HAVE_DECL_HTOLE64 0
| #define HAVE_DECL_BE32TOH 0
| #define HAVE_DECL_BE64TOH 0
| #define HAVE_DECL_HTOBE32 0
| #define HAVE_DECL_HTOBE64 0
| #define HAVE_VISIBILITY_ATTRIBUTE 1
| /* end confdefs.h.  */
| #include <QtCore>
| int
| main ()
| {
| 
|       #if defined(QT_STATIC)
|       return 0;
|       #else
|       choke me
|       #endif
| 
|   ;
|   return 0;
| }
configure:24279: result: no
configure:25095: checking whether -fPIE can be used with this Qt config
configure:25116: g++ -std=c++11 -c  -g -O2 -Wall -Wextra -Wformat -Wformat-security -Wno-unused-parameter  -Wstack-protector -fstack-protector-all -fPIC -DQT_NETWORK_LIB -DQT_WIDGETS_LIB -DQT_GUI_LIB -DQT_CORE_LIB -I/usr/local/Cellar/qt/5.11.1/include/QtNetwork -I/usr/local/Cellar/qt/5.11.1/include -I/usr/local/Cellar/qt/5.11.1/include/QtWidgets -I/usr/local/Cellar/qt/5.11.1/include -I/usr/local/Cellar/qt/5.11.1/include/QtGui -I/usr/local/Cellar/qt/5.11.1/include -I/usr/local/Cellar/qt/5.11.1/include/QtCore -I/usr/local/Cellar/qt/5.11.1/include -I/usr/local/opt/openssl/include -DBOOST_SPIRIT_THREADSAFE -DHAVE_BUILD_INFO -D__STDC_FORMAT_MACROS -I/usr/local/opt/berkeley-db@4/include -DMAC_OSX  -U_FORTIFY_SOURCE -D_FORTIFY_SOURCE=2 -DHAVE_QT5 conftest.cpp >&5
configure:25116: $? = 0
configure:25117: result: yes
configure:25185: checking for moc-qt5
configure:25218: result: no
configure:25185: checking for moc5
configure:25218: result: no
configure:25185: checking for moc
configure:25203: found /usr/local/Cellar/qt/5.11.1/bin/moc
configure:25215: result: /usr/local/Cellar/qt/5.11.1/bin/moc
configure:25304: checking for uic-qt5
configure:25337: result: no
configure:25304: checking for uic5
configure:25337: result: no
configure:25304: checking for uic
configure:25322: found /usr/local/Cellar/qt/5.11.1/bin/uic
configure:25334: result: /usr/local/Cellar/qt/5.11.1/bin/uic
configure:25423: checking for rcc-qt5
configure:25456: result: no
configure:25423: checking for rcc5
configure:25456: result: no
configure:25423: checking for rcc
configure:25441: found /usr/local/Cellar/qt/5.11.1/bin/rcc
configure:25453: result: /usr/local/Cellar/qt/5.11.1/bin/rcc
configure:25542: checking for lrelease-qt5
configure:25575: result: no
configure:25542: checking for lrelease5
configure:25575: result: no
configure:25542: checking for lrelease
configure:25560: found /usr/local/Cellar/qt/5.11.1/bin/lrelease
configure:25572: result: /usr/local/Cellar/qt/5.11.1/bin/lrelease
configure:25661: checking for lupdate-qt5
configure:25694: result: no
configure:25661: checking for lupdate5
configure:25694: result: no
configure:25661: checking for lupdate
configure:25679: found /usr/local/Cellar/qt/5.11.1/bin/lupdate
configure:25691: result: /usr/local/Cellar/qt/5.11.1/bin/lupdate
configure:25781: checking whether the linker accepts -framework Foundation -framework ApplicationServices -framework AppKit
configure:25800: g++ -std=c++11 -o conftest -g -O2 -Wall -Wextra -Wformat -Wformat-security -Wno-unused-parameter  -Wstack-protector -fstack-protector-all -fPIC -I/usr/local/opt/openssl/include -DBOOST_SPIRIT_THREADSAFE -DHAVE_BUILD_INFO -D__STDC_FORMAT_MACROS -I/usr/local/opt/berkeley-db@4/include -DMAC_OSX  -U_FORTIFY_SOURCE -D_FORTIFY_SOURCE=2 -DHAVE_QT5 -L/usr/local/opt/openssl/lib -Wl,-headerpad_max_install_names  -Wl,-dead_strip  -framework Foundation -framework ApplicationServices -framework AppKit conftest.cpp  -L/usr/local/opt/berkeley-db@4/lib >&5
configure:25800: $? = 0
configure:25810: result: yes
configure:25876: checking whether to build coinmegatrend Core GUI
configure:25906: result: yes (Qt5)
configure:25929: checking if the trading dialog should be enabled
configure:25932: result: yes
configure:25996: checking for boostlib >= 1.20.0
configure:26081: g++ -std=c++11 -c -g -O2 -Wall -Wextra -Wformat -Wformat-security -Wno-unused-parameter  -Wstack-protector -fstack-protector-all -fPIC -I/usr/local/opt/openssl/include -DBOOST_SPIRIT_THREADSAFE -DHAVE_BUILD_INFO -D__STDC_FORMAT_MACROS -I/usr/local/opt/berkeley-db@4/include -DMAC_OSX  -U_FORTIFY_SOURCE -D_FORTIFY_SOURCE=2 -DHAVE_QT5 -I/usr/local/include conftest.cpp >&5
configure:26081: $? = 0
configure:26083: result: yes
configure:26267: checking whether the Boost::System library is available
configure:26291: g++ -std=c++11 -c -g -O2 -Wall -Wextra -Wformat -Wformat-security -Wno-unused-parameter  -Wstack-protector -fstack-protector-all -fPIC -I/usr/local/opt/openssl/include -DBOOST_SPIRIT_THREADSAFE -DHAVE_BUILD_INFO -D__STDC_FORMAT_MACROS -I/usr/local/opt/berkeley-db@4/include -DMAC_OSX  -U_FORTIFY_SOURCE -D_FORTIFY_SOURCE=2 -DHAVE_QT5 -I/usr/local/include conftest.cpp >&5
conftest.cpp:51:1: warning: expression result unused [-Wunused-value]
boost::system::system_category
^~~~~~~~~~~~~~~~~~~~~~~~~~~~~~
1 warning generated.
configure:26291: $? = 0
configure:26306: result: yes
configure:26322: checking for exit in -lboost_system
configure:26347: g++ -std=c++11 -o conftest -g -O2 -Wall -Wextra -Wformat -Wformat-security -Wno-unused-parameter  -Wstack-protector -fstack-protector-all -fPIC -I/usr/local/opt/openssl/include -DBOOST_SPIRIT_THREADSAFE -DHAVE_BUILD_INFO -D__STDC_FORMAT_MACROS -I/usr/local/opt/berkeley-db@4/include -DMAC_OSX  -U_FORTIFY_SOURCE -D_FORTIFY_SOURCE=2 -DHAVE_QT5 -I/usr/local/include -L/usr/local/opt/openssl/lib -Wl,-headerpad_max_install_names  -Wl,-dead_strip -L/usr/local/lib conftest.cpp -lboost_system   -L/usr/local/opt/berkeley-db@4/lib >&5
configure:26347: $? = 0
configure:26357: result: yes
configure:26512: checking whether the Boost::Filesystem library is available
configure:26536: g++ -std=c++11 -c -g -O2 -Wall -Wextra -Wformat -Wformat-security -Wno-unused-parameter  -Wstack-protector -fstack-protector-all -fPIC -I/usr/local/opt/openssl/include -DBOOST_SPIRIT_THREADSAFE -DHAVE_BUILD_INFO -D__STDC_FORMAT_MACROS -I/usr/local/opt/berkeley-db@4/include -DMAC_OSX  -U_FORTIFY_SOURCE -D_FORTIFY_SOURCE=2 -DHAVE_QT5 -I/usr/local/include conftest.cpp >&5
configure:26536: $? = 0
configure:26550: result: yes
configure:26562: checking for exit in -lboost_filesystem
configure:26587: g++ -std=c++11 -o conftest -g -O2 -Wall -Wextra -Wformat -Wformat-security -Wno-unused-parameter  -Wstack-protector -fstack-protector-all -fPIC -I/usr/local/opt/openssl/include -DBOOST_SPIRIT_THREADSAFE -DHAVE_BUILD_INFO -D__STDC_FORMAT_MACROS -I/usr/local/opt/berkeley-db@4/include -DMAC_OSX  -U_FORTIFY_SOURCE -D_FORTIFY_SOURCE=2 -DHAVE_QT5 -I/usr/local/include -L/usr/local/opt/openssl/lib -Wl,-headerpad_max_install_names  -Wl,-dead_strip -L/usr/local/lib conftest.cpp -lboost_filesystem   -L/usr/local/opt/berkeley-db@4/lib -lboost_system >&5
configure:26587: $? = 0
configure:26597: result: yes
configure:26747: checking whether the Boost::Program_Options library is available
configure:26771: g++ -std=c++11 -c -g -O2 -Wall -Wextra -Wformat -Wformat-security -Wno-unused-parameter  -Wstack-protector -fstack-protector-all -fPIC -I/usr/local/opt/openssl/include -DBOOST_SPIRIT_THREADSAFE -DHAVE_BUILD_INFO -D__STDC_FORMAT_MACROS -I/usr/local/opt/berkeley-db@4/include -DMAC_OSX  -U_FORTIFY_SOURCE -D_FORTIFY_SOURCE=2 -DHAVE_QT5 -I/usr/local/include conftest.cpp >&5
In file included from conftest.cpp:49:
In file included from /usr/local/include/boost/program_options.hpp:15:
In file included from /usr/local/include/boost/program_options/options_description.hpp:13:
In file included from /usr/local/include/boost/program_options/value_semantic.hpp:14:
In file included from /usr/local/include/boost/lexical_cast.hpp:30:
In file included from /usr/local/include/boost/range/iterator_range_core.hpp:38:
In file included from /usr/local/include/boost/range/functions.hpp:20:
In file included from /usr/local/include/boost/range/size.hpp:21:
In file included from /usr/local/include/boost/range/size_type.hpp:20:
In file included from /usr/local/include/boost/range/concepts.hpp:19:
/usr/local/include/boost/concept_check.hpp:51:7: warning: unused typedef 'boost_concept_check51' [-Wunused-local-typedef]
      BOOST_CONCEPT_ASSERT((Model));
      ^
/usr/local/include/boost/concept/assert.hpp:43:5: note: expanded from macro 'BOOST_CONCEPT_ASSERT'
    BOOST_CONCEPT_ASSERT_FN(void(*)ModelInParens)
    ^
/usr/local/include/boost/concept/detail/general.hpp:79:7: note: expanded from macro 'BOOST_CONCEPT_ASSERT_FN'
      BOOST_PP_CAT(boost_concept_check,__LINE__)             \
      ^
/usr/local/include/boost/preprocessor/cat.hpp:22:32: note: expanded from macro 'BOOST_PP_CAT'
#    define BOOST_PP_CAT(a, b) BOOST_PP_CAT_I(a, b)
                               ^
/usr/local/include/boost/preprocessor/cat.hpp:29:34: note: expanded from macro 'BOOST_PP_CAT_I'
#    define BOOST_PP_CAT_I(a, b) a ## b
                                 ^
<scratch space>:32:1: note: expanded from here
boost_concept_check51
^
In file included from conftest.cpp:49:
In file included from /usr/local/include/boost/program_options.hpp:15:
In file included from /usr/local/include/boost/program_options/options_description.hpp:13:
In file included from /usr/local/include/boost/program_options/value_semantic.hpp:14:
In file included from /usr/local/include/boost/lexical_cast.hpp:30:
In file included from /usr/local/include/boost/range/iterator_range_core.hpp:38:
In file included from /usr/local/include/boost/range/functions.hpp:20:
In file included from /usr/local/include/boost/range/size.hpp:21:
In file included from /usr/local/include/boost/range/size_type.hpp:20:
In file included from /usr/local/include/boost/range/concepts.hpp:19:
/usr/local/include/boost/concept_check.hpp:451:11: warning: unused typedef 'boost_concept_check451' [-Wunused-local-typedef]
          BOOST_CONCEPT_ASSERT((Convertible<result_type, Return>));
          ^
/usr/local/include/boost/concept/assert.hpp:43:5: note: expanded from macro 'BOOST_CONCEPT_ASSERT'
    BOOST_CONCEPT_ASSERT_FN(void(*)ModelInParens)
    ^
/usr/local/include/boost/concept/detail/general.hpp:79:7: note: expanded from macro 'BOOST_CONCEPT_ASSERT_FN'
      BOOST_PP_CAT(boost_concept_check,__LINE__)             \
      ^
/usr/local/include/boost/preprocessor/cat.hpp:22:32: note: expanded from macro 'BOOST_PP_CAT'
#    define BOOST_PP_CAT(a, b) BOOST_PP_CAT_I(a, b)
                               ^
/usr/local/include/boost/preprocessor/cat.hpp:29:34: note: expanded from macro 'BOOST_PP_CAT_I'
#    define BOOST_PP_CAT_I(a, b) a ## b
                                 ^
<scratch space>:161:1: note: expanded from here
boost_concept_check451
^
In file included from conftest.cpp:49:
In file included from /usr/local/include/boost/program_options.hpp:15:
In file included from /usr/local/include/boost/program_options/options_description.hpp:13:
In file included from /usr/local/include/boost/program_options/value_semantic.hpp:14:
In file included from /usr/local/include/boost/lexical_cast.hpp:30:
In file included from /usr/local/include/boost/range/iterator_range_core.hpp:38:
In file included from /usr/local/include/boost/range/functions.hpp:20:
In file included from /usr/local/include/boost/range/size.hpp:21:
In file included from /usr/local/include/boost/range/size_type.hpp:20:
In file included from /usr/local/include/boost/range/concepts.hpp:19:
/usr/local/include/boost/concept_check.hpp:464:11: warning: unused typedef 'boost_concept_check464' [-Wunused-local-typedef]
          BOOST_CONCEPT_ASSERT((Convertible<Arg, argument_type>));
          ^
/usr/local/include/boost/concept/assert.hpp:43:5: note: expanded from macro 'BOOST_CONCEPT_ASSERT'
    BOOST_CONCEPT_ASSERT_FN(void(*)ModelInParens)
    ^
/usr/local/include/boost/concept/detail/general.hpp:79:7: note: expanded from macro 'BOOST_CONCEPT_ASSERT_FN'
      BOOST_PP_CAT(boost_concept_check,__LINE__)             \
      ^
/usr/local/include/boost/preprocessor/cat.hpp:22:32: note: expanded from macro 'BOOST_PP_CAT'
#    define BOOST_PP_CAT(a, b) BOOST_PP_CAT_I(a, b)
                               ^
/usr/local/include/boost/preprocessor/cat.hpp:29:34: note: expanded from macro 'BOOST_PP_CAT_I'
#    define BOOST_PP_CAT_I(a, b) a ## b
                                 ^
<scratch space>:126:1: note: expanded from here
boost_concept_check464
^
In file included from conftest.cpp:49:
In file included from /usr/local/include/boost/program_options.hpp:15:
In file included from /usr/local/include/boost/program_options/options_description.hpp:13:
In file included from /usr/local/include/boost/program_options/value_semantic.hpp:14:
In file included from /usr/local/include/boost/lexical_cast.hpp:30:
In file included from /usr/local/include/boost/range/iterator_range_core.hpp:38:
In file included from /usr/local/include/boost/range/functions.hpp:20:
In file included from /usr/local/include/boost/range/size.hpp:21:
In file included from /usr/local/include/boost/range/size_type.hpp:20:
In file included from /usr/local/include/boost/range/concepts.hpp:19:
/usr/local/include/boost/concept_check.hpp:463:11: warning: unused typedef 'boost_concept_check463' [-Wunused-local-typedef]
          BOOST_CONCEPT_ASSERT((Convertible<result_type, Return>));
          ^
/usr/local/include/boost/concept/assert.hpp:43:5: note: expanded from macro 'BOOST_CONCEPT_ASSERT'
    BOOST_CONCEPT_ASSERT_FN(void(*)ModelInParens)
    ^
/usr/local/include/boost/concept/detail/general.hpp:79:7: note: expanded from macro 'BOOST_CONCEPT_ASSERT_FN'
      BOOST_PP_CAT(boost_concept_check,__LINE__)             \
      ^
/usr/local/include/boost/preprocessor/cat.hpp:22:32: note: expanded from macro 'BOOST_PP_CAT'
#    define BOOST_PP_CAT(a, b) BOOST_PP_CAT_I(a, b)
                               ^
/usr/local/include/boost/preprocessor/cat.hpp:29:34: note: expanded from macro 'BOOST_PP_CAT_I'
#    define BOOST_PP_CAT_I(a, b) a ## b
                                 ^
<scratch space>:124:1: note: expanded from here
boost_concept_check463
^
In file included from conftest.cpp:49:
In file included from /usr/local/include/boost/program_options.hpp:15:
In file included from /usr/local/include/boost/program_options/options_description.hpp:13:
In file included from /usr/local/include/boost/program_options/value_semantic.hpp:14:
In file included from /usr/local/include/boost/lexical_cast.hpp:30:
In file included from /usr/local/include/boost/range/iterator_range_core.hpp:38:
In file included from /usr/local/include/boost/range/functions.hpp:20:
In file included from /usr/local/include/boost/range/size.hpp:21:
In file included from /usr/local/include/boost/range/size_type.hpp:20:
In file included from /usr/local/include/boost/range/concepts.hpp:19:
/usr/local/include/boost/concept_check.hpp:483:11: warning: unused typedef 'boost_concept_check483' [-Wunused-local-typedef]
          BOOST_CONCEPT_ASSERT((Convertible<First, first_argument_type>));
          ^
/usr/local/include/boost/concept/assert.hpp:43:5: note: expanded from macro 'BOOST_CONCEPT_ASSERT'
    BOOST_CONCEPT_ASSERT_FN(void(*)ModelInParens)
    ^
/usr/local/include/boost/concept/detail/general.hpp:79:7: note: expanded from macro 'BOOST_CONCEPT_ASSERT_FN'
      BOOST_PP_CAT(boost_concept_check,__LINE__)             \
      ^
/usr/local/include/boost/preprocessor/cat.hpp:22:32: note: expanded from macro 'BOOST_PP_CAT'
#    define BOOST_PP_CAT(a, b) BOOST_PP_CAT_I(a, b)
                               ^
/usr/local/include/boost/preprocessor/cat.hpp:29:34: note: expanded from macro 'BOOST_PP_CAT_I'
#    define BOOST_PP_CAT_I(a, b) a ## b
                                 ^
<scratch space>:126:1: note: expanded from here
boost_concept_check483
^
In file included from conftest.cpp:49:
In file included from /usr/local/include/boost/program_options.hpp:15:
In file included from /usr/local/include/boost/program_options/options_description.hpp:13:
In file included from /usr/local/include/boost/program_options/value_semantic.hpp:14:
In file included from /usr/local/include/boost/lexical_cast.hpp:30:
In file included from /usr/local/include/boost/range/iterator_range_core.hpp:38:
In file included from /usr/local/include/boost/range/functions.hpp:20:
In file included from /usr/local/include/boost/range/size.hpp:21:
In file included from /usr/local/include/boost/range/size_type.hpp:20:
In file included from /usr/local/include/boost/range/concepts.hpp:19:
/usr/local/include/boost/concept_check.hpp:482:11: warning: unused typedef 'boost_concept_check482' [-Wunused-local-typedef]
          BOOST_CONCEPT_ASSERT((Convertible<result_type, Return>));
          ^
/usr/local/include/boost/concept/assert.hpp:43:5: note: expanded from macro 'BOOST_CONCEPT_ASSERT'
    BOOST_CONCEPT_ASSERT_FN(void(*)ModelInParens)
    ^
/usr/local/include/boost/concept/detail/general.hpp:79:7: note: expanded from macro 'BOOST_CONCEPT_ASSERT_FN'
      BOOST_PP_CAT(boost_concept_check,__LINE__)             \
      ^
/usr/local/include/boost/preprocessor/cat.hpp:22:32: note: expanded from macro 'BOOST_PP_CAT'
#    define BOOST_PP_CAT(a, b) BOOST_PP_CAT_I(a, b)
                               ^
/usr/local/include/boost/preprocessor/cat.hpp:29:34: note: expanded from macro 'BOOST_PP_CAT_I'
#    define BOOST_PP_CAT_I(a, b) a ## b
                                 ^
<scratch space>:124:1: note: expanded from here
boost_concept_check482
^
In file included from conftest.cpp:49:
In file included from /usr/local/include/boost/program_options.hpp:15:
In file included from /usr/local/include/boost/program_options/options_description.hpp:13:
In file included from /usr/local/include/boost/program_options/value_semantic.hpp:14:
In file included from /usr/local/include/boost/lexical_cast.hpp:30:
In file included from /usr/local/include/boost/range/iterator_range_core.hpp:38:
In file included from /usr/local/include/boost/range/functions.hpp:20:
In file included from /usr/local/include/boost/range/size.hpp:21:
In file included from /usr/local/include/boost/range/size_type.hpp:20:
In file included from /usr/local/include/boost/range/concepts.hpp:19:
/usr/local/include/boost/concept_check.hpp:484:11: warning: unused typedef 'boost_concept_check484' [-Wunused-local-typedef]
          BOOST_CONCEPT_ASSERT((Convertible<Second, second_argument_type>));
          ^
/usr/local/include/boost/concept/assert.hpp:43:5: note: expanded from macro 'BOOST_CONCEPT_ASSERT'
    BOOST_CONCEPT_ASSERT_FN(void(*)ModelInParens)
    ^
/usr/local/include/boost/concept/detail/general.hpp:79:7: note: expanded from macro 'BOOST_CONCEPT_ASSERT_FN'
      BOOST_PP_CAT(boost_concept_check,__LINE__)             \
      ^
/usr/local/include/boost/preprocessor/cat.hpp:22:32: note: expanded from macro 'BOOST_PP_CAT'
#    define BOOST_PP_CAT(a, b) BOOST_PP_CAT_I(a, b)
                               ^
/usr/local/include/boost/preprocessor/cat.hpp:29:34: note: expanded from macro 'BOOST_PP_CAT_I'
#    define BOOST_PP_CAT_I(a, b) a ## b
                                 ^
<scratch space>:128:1: note: expanded from here
boost_concept_check484
^
In file included from conftest.cpp:49:
In file included from /usr/local/include/boost/program_options.hpp:15:
In file included from /usr/local/include/boost/program_options/options_description.hpp:13:
In file included from /usr/local/include/boost/program_options/value_semantic.hpp:14:
In file included from /usr/local/include/boost/lexical_cast.hpp:30:
In file included from /usr/local/include/boost/range/iterator_range_core.hpp:38:
In file included from /usr/local/include/boost/range/functions.hpp:20:
In file included from /usr/local/include/boost/range/size.hpp:21:
In file included from /usr/local/include/boost/range/size_type.hpp:20:
In file included from /usr/local/include/boost/range/concepts.hpp:19:
/usr/local/include/boost/concept_check.hpp:516:9: warning: unused typedef 'boost_concept_check516' [-Wunused-local-typedef]
        BOOST_CONCEPT_ASSERT((Convertible<iterator_category, std::input_iterator_tag>));
        ^
/usr/local/include/boost/concept/assert.hpp:43:5: note: expanded from macro 'BOOST_CONCEPT_ASSERT'
    BOOST_CONCEPT_ASSERT_FN(void(*)ModelInParens)
    ^
/usr/local/include/boost/concept/detail/general.hpp:79:7: note: expanded from macro 'BOOST_CONCEPT_ASSERT_FN'
      BOOST_PP_CAT(boost_concept_check,__LINE__)             \
      ^
/usr/local/include/boost/preprocessor/cat.hpp:22:32: note: expanded from macro 'BOOST_PP_CAT'
#    define BOOST_PP_CAT(a, b) BOOST_PP_CAT_I(a, b)
                               ^
/usr/local/include/boost/preprocessor/cat.hpp:29:34: note: expanded from macro 'BOOST_PP_CAT_I'
#    define BOOST_PP_CAT_I(a, b) a ## b
                                 ^
<scratch space>:109:1: note: expanded from here
boost_concept_check516
^
In file included from conftest.cpp:49:
In file included from /usr/local/include/boost/program_options.hpp:15:
In file included from /usr/local/include/boost/program_options/options_description.hpp:13:
In file included from /usr/local/include/boost/program_options/value_semantic.hpp:14:
In file included from /usr/local/include/boost/lexical_cast.hpp:30:
In file included from /usr/local/include/boost/range/iterator_range_core.hpp:38:
In file included from /usr/local/include/boost/range/functions.hpp:20:
In file included from /usr/local/include/boost/range/size.hpp:21:
In file included from /usr/local/include/boost/range/size_type.hpp:20:
In file included from /usr/local/include/boost/range/concepts.hpp:19:
/usr/local/include/boost/concept_check.hpp:515:9: warning: unused typedef 'boost_concept_check515' [-Wunused-local-typedef]
        BOOST_CONCEPT_ASSERT((SignedInteger<difference_type>));
        ^
/usr/local/include/boost/concept/assert.hpp:43:5: note: expanded from macro 'BOOST_CONCEPT_ASSERT'
    BOOST_CONCEPT_ASSERT_FN(void(*)ModelInParens)
    ^
/usr/local/include/boost/concept/detail/general.hpp:79:7: note: expanded from macro 'BOOST_CONCEPT_ASSERT_FN'
      BOOST_PP_CAT(boost_concept_check,__LINE__)             \
      ^
/usr/local/include/boost/preprocessor/cat.hpp:22:32: note: expanded from macro 'BOOST_PP_CAT'
#    define BOOST_PP_CAT(a, b) BOOST_PP_CAT_I(a, b)
                               ^
/usr/local/include/boost/preprocessor/cat.hpp:29:34: note: expanded from macro 'BOOST_PP_CAT_I'
#    define BOOST_PP_CAT_I(a, b) a ## b
                                 ^
<scratch space>:107:1: note: expanded from here
boost_concept_check515
^
In file included from conftest.cpp:49:
In file included from /usr/local/include/boost/program_options.hpp:15:
In file included from /usr/local/include/boost/program_options/options_description.hpp:13:
In file included from /usr/local/include/boost/program_options/value_semantic.hpp:14:
In file included from /usr/local/include/boost/lexical_cast.hpp:30:
In file included from /usr/local/include/boost/range/iterator_range_core.hpp:38:
In file included from /usr/local/include/boost/range/functions.hpp:20:
In file included from /usr/local/include/boost/range/size.hpp:21:
In file included from /usr/local/include/boost/range/size_type.hpp:20:
In file included from /usr/local/include/boost/range/concepts.hpp:19:
/usr/local/include/boost/concept_check.hpp:546:11: warning: unused typedef 'boost_concept_check549' [-Wunused-local-typedef]
          BOOST_CONCEPT_ASSERT((Convertible<
          ^
/usr/local/include/boost/concept/assert.hpp:43:5: note: expanded from macro 'BOOST_CONCEPT_ASSERT'
    BOOST_CONCEPT_ASSERT_FN(void(*)ModelInParens)
    ^
/usr/local/include/boost/concept/detail/general.hpp:79:7: note: expanded from macro 'BOOST_CONCEPT_ASSERT_FN'
      BOOST_PP_CAT(boost_concept_check,__LINE__)             \
      ^
/usr/local/include/boost/preprocessor/cat.hpp:22:32: note: expanded from macro 'BOOST_PP_CAT'
#    define BOOST_PP_CAT(a, b) BOOST_PP_CAT_I(a, b)
                               ^
/usr/local/include/boost/preprocessor/cat.hpp:29:34: note: expanded from macro 'BOOST_PP_CAT_I'
#    define BOOST_PP_CAT_I(a, b) a ## b
                                 ^
<scratch space>:126:1: note: expanded from here
boost_concept_check549
^
In file included from conftest.cpp:49:
In file included from /usr/local/include/boost/program_options.hpp:15:
In file included from /usr/local/include/boost/program_options/options_description.hpp:13:
In file included from /usr/local/include/boost/program_options/value_semantic.hpp:14:
In file included from /usr/local/include/boost/lexical_cast.hpp:30:
In file included from /usr/local/include/boost/range/iterator_range_core.hpp:38:
In file included from /usr/local/include/boost/range/functions.hpp:20:
In file included from /usr/local/include/boost/range/size.hpp:21:
In file included from /usr/local/include/boost/range/size_type.hpp:20:
In file included from /usr/local/include/boost/range/concepts.hpp:19:
/usr/local/include/boost/concept_check.hpp:574:11: warning: unused typedef 'boost_concept_check577' [-Wunused-local-typedef]
          BOOST_CONCEPT_ASSERT((Convertible<
          ^
/usr/local/include/boost/concept/assert.hpp:43:5: note: expanded from macro 'BOOST_CONCEPT_ASSERT'
    BOOST_CONCEPT_ASSERT_FN(void(*)ModelInParens)
    ^
/usr/local/include/boost/concept/detail/general.hpp:79:7: note: expanded from macro 'BOOST_CONCEPT_ASSERT_FN'
      BOOST_PP_CAT(boost_concept_check,__LINE__)             \
      ^
/usr/local/include/boost/preprocessor/cat.hpp:22:32: note: expanded from macro 'BOOST_PP_CAT'
#    define BOOST_PP_CAT(a, b) BOOST_PP_CAT_I(a, b)
                               ^
/usr/local/include/boost/preprocessor/cat.hpp:29:34: note: expanded from macro 'BOOST_PP_CAT_I'
#    define BOOST_PP_CAT_I(a, b) a ## b
                                 ^
<scratch space>:108:1: note: expanded from here
boost_concept_check577
^
In file included from conftest.cpp:49:
In file included from /usr/local/include/boost/program_options.hpp:15:
In file included from /usr/local/include/boost/program_options/options_description.hpp:13:
In file included from /usr/local/include/boost/program_options/value_semantic.hpp:14:
In file included from /usr/local/include/boost/lexical_cast.hpp:30:
In file included from /usr/local/include/boost/range/iterator_range_core.hpp:38:
In file included from /usr/local/include/boost/range/functions.hpp:20:
In file included from /usr/local/include/boost/range/size.hpp:21:
In file included from /usr/local/include/boost/range/size_type.hpp:20:
In file included from /usr/local/include/boost/range/concepts.hpp:19:
/usr/local/include/boost/concept_check.hpp:604:11: warning: unused typedef 'boost_concept_check607' [-Wunused-local-typedef]
          BOOST_CONCEPT_ASSERT((Convertible<
          ^
/usr/local/include/boost/concept/assert.hpp:43:5: note: expanded from macro 'BOOST_CONCEPT_ASSERT'
    BOOST_CONCEPT_ASSERT_FN(void(*)ModelInParens)
    ^
/usr/local/include/boost/concept/detail/general.hpp:79:7: note: expanded from macro 'BOOST_CONCEPT_ASSERT_FN'
      BOOST_PP_CAT(boost_concept_check,__LINE__)             \
      ^
/usr/local/include/boost/preprocessor/cat.hpp:22:32: note: expanded from macro 'BOOST_PP_CAT'
#    define BOOST_PP_CAT(a, b) BOOST_PP_CAT_I(a, b)
                               ^
/usr/local/include/boost/preprocessor/cat.hpp:29:34: note: expanded from macro 'BOOST_PP_CAT_I'
#    define BOOST_PP_CAT_I(a, b) a ## b
                                 ^
<scratch space>:91:1: note: expanded from here
boost_concept_check607
^
In file included from conftest.cpp:49:
In file included from /usr/local/include/boost/program_options.hpp:15:
In file included from /usr/local/include/boost/program_options/options_description.hpp:13:
In file included from /usr/local/include/boost/program_options/value_semantic.hpp:14:
In file included from /usr/local/include/boost/lexical_cast.hpp:30:
In file included from /usr/local/include/boost/range/iterator_range_core.hpp:38:
In file included from /usr/local/include/boost/range/functions.hpp:20:
In file included from /usr/local/include/boost/range/size.hpp:21:
In file included from /usr/local/include/boost/range/size_type.hpp:20:
In file included from /usr/local/include/boost/range/concepts.hpp:19:
/usr/local/include/boost/concept_check.hpp:651:11: warning: unused typedef 'boost_concept_check651' [-Wunused-local-typedef]
          BOOST_CONCEPT_ASSERT((InputIterator<const_iterator>));
          ^
/usr/local/include/boost/concept/assert.hpp:43:5: note: expanded from macro 'BOOST_CONCEPT_ASSERT'
    BOOST_CONCEPT_ASSERT_FN(void(*)ModelInParens)
    ^
/usr/local/include/boost/concept/detail/general.hpp:79:7: note: expanded from macro 'BOOST_CONCEPT_ASSERT_FN'
      BOOST_PP_CAT(boost_concept_check,__LINE__)             \
      ^
/usr/local/include/boost/preprocessor/cat.hpp:22:32: note: expanded from macro 'BOOST_PP_CAT'
#    define BOOST_PP_CAT(a, b) BOOST_PP_CAT_I(a, b)
                               ^
/usr/local/include/boost/preprocessor/cat.hpp:29:34: note: expanded from macro 'BOOST_PP_CAT_I'
#    define BOOST_PP_CAT_I(a, b) a ## b
                                 ^
<scratch space>:71:1: note: expanded from here
boost_concept_check651
^
In file included from conftest.cpp:49:
In file included from /usr/local/include/boost/program_options.hpp:15:
In file included from /usr/local/include/boost/program_options/options_description.hpp:13:
In file included from /usr/local/include/boost/program_options/value_semantic.hpp:14:
In file included from /usr/local/include/boost/lexical_cast.hpp:30:
In file included from /usr/local/include/boost/range/iterator_range_core.hpp:38:
In file included from /usr/local/include/boost/range/functions.hpp:20:
In file included from /usr/local/include/boost/range/size.hpp:21:
In file included from /usr/local/include/boost/range/size_type.hpp:20:
In file included from /usr/local/include/boost/range/concepts.hpp:19:
/usr/local/include/boost/concept_check.hpp:681:11: warning: unused typedef 'boost_concept_check681' [-Wunused-local-typedef]
          BOOST_CONCEPT_ASSERT((InputIterator<iterator>));
          ^
/usr/local/include/boost/concept/assert.hpp:43:5: note: expanded from macro 'BOOST_CONCEPT_ASSERT'
    BOOST_CONCEPT_ASSERT_FN(void(*)ModelInParens)
    ^
/usr/local/include/boost/concept/detail/general.hpp:79:7: note: expanded from macro 'BOOST_CONCEPT_ASSERT_FN'
      BOOST_PP_CAT(boost_concept_check,__LINE__)             \
      ^
/usr/local/include/boost/preprocessor/cat.hpp:22:32: note: expanded from macro 'BOOST_PP_CAT'
#    define BOOST_PP_CAT(a, b) BOOST_PP_CAT_I(a, b)
                               ^
/usr/local/include/boost/preprocessor/cat.hpp:29:34: note: expanded from macro 'BOOST_PP_CAT_I'
#    define BOOST_PP_CAT_I(a, b) a ## b
                                 ^
<scratch space>:169:1: note: expanded from here
boost_concept_check681
^
In file included from conftest.cpp:49:
In file included from /usr/local/include/boost/program_options.hpp:15:
In file included from /usr/local/include/boost/program_options/options_description.hpp:13:
In file included from /usr/local/include/boost/program_options/value_semantic.hpp:14:
In file included from /usr/local/include/boost/lexical_cast.hpp:30:
In file included from /usr/local/include/boost/range/iterator_range_core.hpp:38:
In file included from /usr/local/include/boost/range/functions.hpp:20:
In file included from /usr/local/include/boost/range/size.hpp:21:
In file included from /usr/local/include/boost/range/size_type.hpp:20:
In file included from /usr/local/include/boost/range/concepts.hpp:19:
/usr/local/include/boost/concept_check.hpp:678:11: warning: unused typedef 'boost_concept_check679' [-Wunused-local-typedef]
          BOOST_CONCEPT_ASSERT((
          ^
/usr/local/include/boost/concept/assert.hpp:43:5: note: expanded from macro 'BOOST_CONCEPT_ASSERT'
    BOOST_CONCEPT_ASSERT_FN(void(*)ModelInParens)
    ^
/usr/local/include/boost/concept/detail/general.hpp:79:7: note: expanded from macro 'BOOST_CONCEPT_ASSERT_FN'
      BOOST_PP_CAT(boost_concept_check,__LINE__)             \
      ^
/usr/local/include/boost/preprocessor/cat.hpp:22:32: note: expanded from macro 'BOOST_PP_CAT'
#    define BOOST_PP_CAT(a, b) BOOST_PP_CAT_I(a, b)
                               ^
/usr/local/include/boost/preprocessor/cat.hpp:29:34: note: expanded from macro 'BOOST_PP_CAT_I'
#    define BOOST_PP_CAT_I(a, b) a ## b
                                 ^
<scratch space>:167:1: note: expanded from here
boost_concept_check679
^
In file included from conftest.cpp:49:
In file included from /usr/local/include/boost/program_options.hpp:15:
In file included from /usr/local/include/boost/program_options/options_description.hpp:13:
In file included from /usr/local/include/boost/program_options/value_semantic.hpp:14:
In file included from /usr/local/include/boost/lexical_cast.hpp:30:
In file included from /usr/local/include/boost/range/iterator_range_core.hpp:38:
In file included from /usr/local/include/boost/range/functions.hpp:20:
In file included from /usr/local/include/boost/range/size.hpp:21:
In file included from /usr/local/include/boost/range/size_type.hpp:20:
In file included from /usr/local/include/boost/range/concepts.hpp:19:
/usr/local/include/boost/concept_check.hpp:698:11: warning: unused typedef 'boost_concept_check701' [-Wunused-local-typedef]
          BOOST_CONCEPT_ASSERT((
          ^
/usr/local/include/boost/concept/assert.hpp:43:5: note: expanded from macro 'BOOST_CONCEPT_ASSERT'
    BOOST_CONCEPT_ASSERT_FN(void(*)ModelInParens)
    ^
/usr/local/include/boost/concept/detail/general.hpp:79:7: note: expanded from macro 'BOOST_CONCEPT_ASSERT_FN'
      BOOST_PP_CAT(boost_concept_check,__LINE__)             \
      ^
/usr/local/include/boost/preprocessor/cat.hpp:22:32: note: expanded from macro 'BOOST_PP_CAT'
#    define BOOST_PP_CAT(a, b) BOOST_PP_CAT_I(a, b)
                               ^
/usr/local/include/boost/preprocessor/cat.hpp:29:34: note: expanded from macro 'BOOST_PP_CAT_I'
#    define BOOST_PP_CAT_I(a, b) a ## b
                                 ^
<scratch space>:54:1: note: expanded from here
boost_concept_check701
^
In file included from conftest.cpp:49:
In file included from /usr/local/include/boost/program_options.hpp:15:
In file included from /usr/local/include/boost/program_options/options_description.hpp:13:
In file included from /usr/local/include/boost/program_options/value_semantic.hpp:14:
In file included from /usr/local/include/boost/lexical_cast.hpp:30:
In file included from /usr/local/include/boost/range/iterator_range_core.hpp:38:
In file included from /usr/local/include/boost/range/functions.hpp:20:
In file included from /usr/local/include/boost/range/size.hpp:21:
In file included from /usr/local/include/boost/range/size_type.hpp:20:
In file included from /usr/local/include/boost/range/concepts.hpp:19:
/usr/local/include/boost/concept_check.hpp:711:11: warning: unused typedef 'boost_concept_check714' [-Wunused-local-typedef]
          BOOST_CONCEPT_ASSERT((
          ^
/usr/local/include/boost/concept/assert.hpp:43:5: note: expanded from macro 'BOOST_CONCEPT_ASSERT'
    BOOST_CONCEPT_ASSERT_FN(void(*)ModelInParens)
    ^
/usr/local/include/boost/concept/detail/general.hpp:79:7: note: expanded from macro 'BOOST_CONCEPT_ASSERT_FN'
      BOOST_PP_CAT(boost_concept_check,__LINE__)             \
      ^
/usr/local/include/boost/preprocessor/cat.hpp:22:32: note: expanded from macro 'BOOST_PP_CAT'
#    define BOOST_PP_CAT(a, b) BOOST_PP_CAT_I(a, b)
                               ^
/usr/local/include/boost/preprocessor/cat.hpp:29:34: note: expanded from macro 'BOOST_PP_CAT_I'
#    define BOOST_PP_CAT_I(a, b) a ## b
                                 ^
<scratch space>:150:1: note: expanded from here
boost_concept_check714
^
In file included from conftest.cpp:49:
In file included from /usr/local/include/boost/program_options.hpp:15:
In file included from /usr/local/include/boost/program_options/options_description.hpp:13:
In file included from /usr/local/include/boost/program_options/value_semantic.hpp:14:
In file included from /usr/local/include/boost/lexical_cast.hpp:30:
In file included from /usr/local/include/boost/range/iterator_range_core.hpp:38:
In file included from /usr/local/include/boost/range/functions.hpp:20:
In file included from /usr/local/include/boost/range/size.hpp:21:
In file included from /usr/local/include/boost/range/size_type.hpp:20:
In file included from /usr/local/include/boost/range/concepts.hpp:19:
/usr/local/include/boost/concept_check.hpp:731:11: warning: unused typedef 'boost_concept_check731' [-Wunused-local-typedef]
          BOOST_CONCEPT_ASSERT((BidirectionalIterator<const_reverse_iterator>));
          ^
/usr/local/include/boost/concept/assert.hpp:43:5: note: expanded from macro 'BOOST_CONCEPT_ASSERT'
    BOOST_CONCEPT_ASSERT_FN(void(*)ModelInParens)
    ^
/usr/local/include/boost/concept/detail/general.hpp:79:7: note: expanded from macro 'BOOST_CONCEPT_ASSERT_FN'
      BOOST_PP_CAT(boost_concept_check,__LINE__)             \
      ^
/usr/local/include/boost/preprocessor/cat.hpp:22:32: note: expanded from macro 'BOOST_PP_CAT'
#    define BOOST_PP_CAT(a, b) BOOST_PP_CAT_I(a, b)
                               ^
/usr/local/include/boost/preprocessor/cat.hpp:29:34: note: expanded from macro 'BOOST_PP_CAT_I'
#    define BOOST_PP_CAT_I(a, b) a ## b
                                 ^
<scratch space>:38:1: note: expanded from here
boost_concept_check731
^
In file included from conftest.cpp:49:
In file included from /usr/local/include/boost/program_options.hpp:15:
In file included from /usr/local/include/boost/program_options/options_description.hpp:13:
In file included from /usr/local/include/boost/program_options/value_semantic.hpp:14:
In file included from /usr/local/include/boost/lexical_cast.hpp:30:
In file included from /usr/local/include/boost/range/iterator_range_core.hpp:38:
In file included from /usr/local/include/boost/range/functions.hpp:20:
In file included from /usr/local/include/boost/range/size.hpp:21:
In file included from /usr/local/include/boost/range/size_type.hpp:20:
In file included from /usr/local/include/boost/range/concepts.hpp:19:
/usr/local/include/boost/concept_check.hpp:727:11: warning: unused typedef 'boost_concept_check729' [-Wunused-local-typedef]
          BOOST_CONCEPT_ASSERT((
          ^
/usr/local/include/boost/concept/assert.hpp:43:5: note: expanded from macro 'BOOST_CONCEPT_ASSERT'
    BOOST_CONCEPT_ASSERT_FN(void(*)ModelInParens)
    ^
/usr/local/include/boost/concept/detail/general.hpp:79:7: note: expanded from macro 'BOOST_CONCEPT_ASSERT_FN'
      BOOST_PP_CAT(boost_concept_check,__LINE__)             \
      ^
/usr/local/include/boost/preprocessor/cat.hpp:22:32: note: expanded from macro 'BOOST_PP_CAT'
#    define BOOST_PP_CAT(a, b) BOOST_PP_CAT_I(a, b)
                               ^
/usr/local/include/boost/preprocessor/cat.hpp:29:34: note: expanded from macro 'BOOST_PP_CAT_I'
#    define BOOST_PP_CAT_I(a, b) a ## b
                                 ^
<scratch space>:36:1: note: expanded from here
boost_concept_check729
^
In file included from conftest.cpp:49:
In file included from /usr/local/include/boost/program_options.hpp:15:
In file included from /usr/local/include/boost/program_options/options_description.hpp:13:
In file included from /usr/local/include/boost/program_options/value_semantic.hpp:14:
In file included from /usr/local/include/boost/lexical_cast.hpp:30:
In file included from /usr/local/include/boost/range/iterator_range_core.hpp:38:
In file included from /usr/local/include/boost/range/functions.hpp:20:
In file included from /usr/local/include/boost/range/size.hpp:21:
In file included from /usr/local/include/boost/range/size_type.hpp:20:
In file included from /usr/local/include/boost/range/concepts.hpp:19:
/usr/local/include/boost/concept_check.hpp:753:11: warning: unused typedef 'boost_concept_check753' [-Wunused-local-typedef]
          BOOST_CONCEPT_ASSERT((Mutable_BidirectionalIterator<iterator>));
          ^
/usr/local/include/boost/concept/assert.hpp:43:5: note: expanded from macro 'BOOST_CONCEPT_ASSERT'
    BOOST_CONCEPT_ASSERT_FN(void(*)ModelInParens)
    ^
/usr/local/include/boost/concept/detail/general.hpp:79:7: note: expanded from macro 'BOOST_CONCEPT_ASSERT_FN'
      BOOST_PP_CAT(boost_concept_check,__LINE__)             \
      ^
/usr/local/include/boost/preprocessor/cat.hpp:22:32: note: expanded from macro 'BOOST_PP_CAT'
#    define BOOST_PP_CAT(a, b) BOOST_PP_CAT_I(a, b)
                               ^
/usr/local/include/boost/preprocessor/cat.hpp:29:34: note: expanded from macro 'BOOST_PP_CAT_I'
#    define BOOST_PP_CAT_I(a, b) a ## b
                                 ^
<scratch space>:132:1: note: expanded from here
boost_concept_check753
^
In file included from conftest.cpp:49:
In file included from /usr/local/include/boost/program_options.hpp:15:
In file included from /usr/local/include/boost/program_options/options_description.hpp:13:
In file included from /usr/local/include/boost/program_options/value_semantic.hpp:14:
In file included from /usr/local/include/boost/lexical_cast.hpp:30:
In file included from /usr/local/include/boost/range/iterator_range_core.hpp:38:
In file included from /usr/local/include/boost/range/functions.hpp:20:
In file included from /usr/local/include/boost/range/size.hpp:21:
In file included from /usr/local/include/boost/range/size_type.hpp:20:
In file included from /usr/local/include/boost/range/concepts.hpp:19:
/usr/local/include/boost/concept_check.hpp:754:11: warning: unused typedef 'boost_concept_check754' [-Wunused-local-typedef]
          BOOST_CONCEPT_ASSERT((Mutable_BidirectionalIterator<reverse_iterator>));
          ^
/usr/local/include/boost/concept/assert.hpp:43:5: note: expanded from macro 'BOOST_CONCEPT_ASSERT'
    BOOST_CONCEPT_ASSERT_FN(void(*)ModelInParens)
    ^
/usr/local/include/boost/concept/detail/general.hpp:79:7: note: expanded from macro 'BOOST_CONCEPT_ASSERT_FN'
      BOOST_PP_CAT(boost_concept_check,__LINE__)             \
      ^
/usr/local/include/boost/preprocessor/cat.hpp:22:32: note: expanded from macro 'BOOST_PP_CAT'
#    define BOOST_PP_CAT(a, b) BOOST_PP_CAT_I(a, b)
                               ^
/usr/local/include/boost/preprocessor/cat.hpp:29:34: note: expanded from macro 'BOOST_PP_CAT_I'
#    define BOOST_PP_CAT_I(a, b) a ## b
                                 ^
<scratch space>:134:1: note: expanded from here
boost_concept_check754
^
In file included from conftest.cpp:49:
In file included from /usr/local/include/boost/program_options.hpp:15:
In file included from /usr/local/include/boost/program_options/options_description.hpp:13:
In file included from /usr/local/include/boost/program_options/value_semantic.hpp:14:
In file included from /usr/local/include/boost/lexical_cast.hpp:30:
In file included from /usr/local/include/boost/range/iterator_range_core.hpp:38:
In file included from /usr/local/include/boost/range/functions.hpp:20:
In file included from /usr/local/include/boost/range/size.hpp:21:
In file included from /usr/local/include/boost/range/size_type.hpp:20:
In file included from /usr/local/include/boost/range/concepts.hpp:19:
/usr/local/include/boost/concept_check.hpp:771:11: warning: unused typedef 'boost_concept_check774' [-Wunused-local-typedef]
          BOOST_CONCEPT_ASSERT((
          ^
/usr/local/include/boost/concept/assert.hpp:43:5: note: expanded from macro 'BOOST_CONCEPT_ASSERT'
    BOOST_CONCEPT_ASSERT_FN(void(*)ModelInParens)
    ^
/usr/local/include/boost/concept/detail/general.hpp:79:7: note: expanded from macro 'BOOST_CONCEPT_ASSERT_FN'
      BOOST_PP_CAT(boost_concept_check,__LINE__)             \
      ^
/usr/local/include/boost/preprocessor/cat.hpp:22:32: note: expanded from macro 'BOOST_PP_CAT'
#    define BOOST_PP_CAT(a, b) BOOST_PP_CAT_I(a, b)
                               ^
/usr/local/include/boost/preprocessor/cat.hpp:29:34: note: expanded from macro 'BOOST_PP_CAT_I'
#    define BOOST_PP_CAT_I(a, b) a ## b
                                 ^
<scratch space>:22:1: note: expanded from here
boost_concept_check774
^
In file included from conftest.cpp:49:
In file included from /usr/local/include/boost/program_options.hpp:15:
In file included from /usr/local/include/boost/program_options/options_description.hpp:13:
In file included from /usr/local/include/boost/program_options/value_semantic.hpp:14:
In file included from /usr/local/include/boost/lexical_cast.hpp:30:
In file included from /usr/local/include/boost/range/iterator_range_core.hpp:38:
In file included from /usr/local/include/boost/range/functions.hpp:20:
In file included from /usr/local/include/boost/range/size.hpp:21:
In file included from /usr/local/include/boost/range/size_type.hpp:20:
In file included from /usr/local/include/boost/range/concepts.hpp:19:
/usr/local/include/boost/concept_check.hpp:798:11: warning: unused typedef 'boost_concept_check798' [-Wunused-local-typedef]
          BOOST_CONCEPT_ASSERT((Mutable_RandomAccessIterator<typename self::iterator>));
          ^
/usr/local/include/boost/concept/assert.hpp:43:5: note: expanded from macro 'BOOST_CONCEPT_ASSERT'
    BOOST_CONCEPT_ASSERT_FN(void(*)ModelInParens)
    ^
/usr/local/include/boost/concept/detail/general.hpp:79:7: note: expanded from macro 'BOOST_CONCEPT_ASSERT_FN'
      BOOST_PP_CAT(boost_concept_check,__LINE__)             \
      ^
/usr/local/include/boost/preprocessor/cat.hpp:22:32: note: expanded from macro 'BOOST_PP_CAT'
#    define BOOST_PP_CAT(a, b) BOOST_PP_CAT_I(a, b)
                               ^
/usr/local/include/boost/preprocessor/cat.hpp:29:34: note: expanded from macro 'BOOST_PP_CAT_I'
#    define BOOST_PP_CAT_I(a, b) a ## b
                                 ^
<scratch space>:118:1: note: expanded from here
boost_concept_check798
^
In file included from conftest.cpp:49:
In file included from /usr/local/include/boost/program_options.hpp:15:
In file included from /usr/local/include/boost/program_options/options_description.hpp:13:
In file included from /usr/local/include/boost/program_options/value_semantic.hpp:14:
In file included from /usr/local/include/boost/lexical_cast.hpp:30:
In file included from /usr/local/include/boost/range/iterator_range_core.hpp:38:
In file included from /usr/local/include/boost/range/functions.hpp:20:
In file included from /usr/local/include/boost/range/size.hpp:21:
In file included from /usr/local/include/boost/range/size_type.hpp:20:
In file included from /usr/local/include/boost/range/concepts.hpp:19:
/usr/local/include/boost/concept_check.hpp:799:11: warning: unused typedef 'boost_concept_check799' [-Wunused-local-typedef]
          BOOST_CONCEPT_ASSERT((Mutable_RandomAccessIterator<typename self::reverse_iterator>));
          ^
/usr/local/include/boost/concept/assert.hpp:43:5: note: expanded from macro 'BOOST_CONCEPT_ASSERT'
    BOOST_CONCEPT_ASSERT_FN(void(*)ModelInParens)
    ^
/usr/local/include/boost/concept/detail/general.hpp:79:7: note: expanded from macro 'BOOST_CONCEPT_ASSERT_FN'
      BOOST_PP_CAT(boost_concept_check,__LINE__)             \
      ^
/usr/local/include/boost/preprocessor/cat.hpp:22:32: note: expanded from macro 'BOOST_PP_CAT'
#    define BOOST_PP_CAT(a, b) BOOST_PP_CAT_I(a, b)
                               ^
/usr/local/include/boost/preprocessor/cat.hpp:29:34: note: expanded from macro 'BOOST_PP_CAT_I'
#    define BOOST_PP_CAT_I(a, b) a ## b
                                 ^
<scratch space>:120:1: note: expanded from here
boost_concept_check799
^
In file included from conftest.cpp:49:
In file included from /usr/local/include/boost/program_options.hpp:15:
In file included from /usr/local/include/boost/program_options/options_description.hpp:13:
In file included from /usr/local/include/boost/program_options/value_semantic.hpp:14:
In file included from /usr/local/include/boost/lexical_cast.hpp:30:
In file included from /usr/local/include/boost/range/iterator_range_core.hpp:38:
In file included from /usr/local/include/boost/range/functions.hpp:20:
In file included from /usr/local/include/boost/range/size.hpp:21:
In file included from /usr/local/include/boost/range/size_type.hpp:20:
In file included from /usr/local/include/boost/range/concepts.hpp:19:
/usr/local/include/boost/concept_check.hpp:906:11: warning: unused typedef 'boost_concept_check906' [-Wunused-local-typedef]
          BOOST_CONCEPT_ASSERT((BinaryPredicate<value_compare,value_type_,value_type_>));
          ^
/usr/local/include/boost/concept/assert.hpp:43:5: note: expanded from macro 'BOOST_CONCEPT_ASSERT'
    BOOST_CONCEPT_ASSERT_FN(void(*)ModelInParens)
    ^
/usr/local/include/boost/concept/detail/general.hpp:79:7: note: expanded from macro 'BOOST_CONCEPT_ASSERT_FN'
      BOOST_PP_CAT(boost_concept_check,__LINE__)             \
      ^
/usr/local/include/boost/preprocessor/cat.hpp:22:32: note: expanded from macro 'BOOST_PP_CAT'
#    define BOOST_PP_CAT(a, b) BOOST_PP_CAT_I(a, b)
                               ^
/usr/local/include/boost/preprocessor/cat.hpp:29:34: note: expanded from macro 'BOOST_PP_CAT_I'
#    define BOOST_PP_CAT_I(a, b) a ## b
                                 ^
<scratch space>:83:1: note: expanded from here
boost_concept_check906
^
In file included from conftest.cpp:49:
In file included from /usr/local/include/boost/program_options.hpp:15:
In file included from /usr/local/include/boost/program_options/options_description.hpp:13:
In file included from /usr/local/include/boost/program_options/value_semantic.hpp:14:
In file included from /usr/local/include/boost/lexical_cast.hpp:30:
In file included from /usr/local/include/boost/range/iterator_range_core.hpp:38:
In file included from /usr/local/include/boost/range/functions.hpp:20:
In file included from /usr/local/include/boost/range/size.hpp:21:
In file included from /usr/local/include/boost/range/size_type.hpp:20:
In file included from /usr/local/include/boost/range/concepts.hpp:19:
/usr/local/include/boost/concept_check.hpp:903:11: warning: unused typedef 'boost_concept_check903' [-Wunused-local-typedef]
          BOOST_CONCEPT_ASSERT((BinaryPredicate<key_compare,key_type,key_type>));
          ^
/usr/local/include/boost/concept/assert.hpp:43:5: note: expanded from macro 'BOOST_CONCEPT_ASSERT'
    BOOST_CONCEPT_ASSERT_FN(void(*)ModelInParens)
    ^
/usr/local/include/boost/concept/detail/general.hpp:79:7: note: expanded from macro 'BOOST_CONCEPT_ASSERT_FN'
      BOOST_PP_CAT(boost_concept_check,__LINE__)             \
      ^
/usr/local/include/boost/preprocessor/cat.hpp:22:32: note: expanded from macro 'BOOST_PP_CAT'
#    define BOOST_PP_CAT(a, b) BOOST_PP_CAT_I(a, b)
                               ^
/usr/local/include/boost/preprocessor/cat.hpp:29:34: note: expanded from macro 'BOOST_PP_CAT_I'
#    define BOOST_PP_CAT_I(a, b) a ## b
                                 ^
<scratch space>:81:1: note: expanded from here
boost_concept_check903
^
In file included from conftest.cpp:49:
In file included from /usr/local/include/boost/program_options.hpp:15:
In file included from /usr/local/include/boost/program_options/options_description.hpp:13:
In file included from /usr/local/include/boost/program_options/value_semantic.hpp:14:
In file included from /usr/local/include/boost/lexical_cast.hpp:30:
In file included from /usr/local/include/boost/range/iterator_range_core.hpp:42:
/usr/local/include/boost/range/algorithm/equal.hpp:174:13: warning: unused typedef 'boost_concept_check174' [-Wunused-local-typedef]
            BOOST_RANGE_CONCEPT_ASSERT(( SinglePassRangeConcept<const SinglePassRange1> ));
            ^
/usr/local/include/boost/range/concepts.hpp:102:45: note: expanded from macro 'BOOST_RANGE_CONCEPT_ASSERT'
    #define BOOST_RANGE_CONCEPT_ASSERT( x ) BOOST_CONCEPT_ASSERT( x )
                                            ^
/usr/local/include/boost/concept/assert.hpp:43:5: note: expanded from macro 'BOOST_CONCEPT_ASSERT'
    BOOST_CONCEPT_ASSERT_FN(void(*)ModelInParens)
    ^
/usr/local/include/boost/concept/detail/general.hpp:79:7: note: expanded from macro 'BOOST_CONCEPT_ASSERT_FN'
      BOOST_PP_CAT(boost_concept_check,__LINE__)             \
      ^
/usr/local/include/boost/preprocessor/cat.hpp:22:32: note: expanded from macro 'BOOST_PP_CAT'
#    define BOOST_PP_CAT(a, b) BOOST_PP_CAT_I(a, b)
                               ^
/usr/local/include/boost/preprocessor/cat.hpp:29:34: note: expanded from macro 'BOOST_PP_CAT_I'
#    define BOOST_PP_CAT_I(a, b) a ## b
                                 ^
<scratch space>:128:1: note: expanded from here
boost_concept_check174
^
In file included from conftest.cpp:49:
In file included from /usr/local/include/boost/program_options.hpp:15:
In file included from /usr/local/include/boost/program_options/options_description.hpp:13:
In file included from /usr/local/include/boost/program_options/value_semantic.hpp:14:
In file included from /usr/local/include/boost/lexical_cast.hpp:30:
In file included from /usr/local/include/boost/range/iterator_range_core.hpp:42:
/usr/local/include/boost/range/algorithm/equal.hpp:175:13: warning: unused typedef 'boost_concept_check175' [-Wunused-local-typedef]
            BOOST_RANGE_CONCEPT_ASSERT(( SinglePassRangeConcept<const SinglePassRange2> ));
            ^
/usr/local/include/boost/range/concepts.hpp:102:45: note: expanded from macro 'BOOST_RANGE_CONCEPT_ASSERT'
    #define BOOST_RANGE_CONCEPT_ASSERT( x ) BOOST_CONCEPT_ASSERT( x )
                                            ^
/usr/local/include/boost/concept/assert.hpp:43:5: note: expanded from macro 'BOOST_CONCEPT_ASSERT'
    BOOST_CONCEPT_ASSERT_FN(void(*)ModelInParens)
    ^
/usr/local/include/boost/concept/detail/general.hpp:79:7: note: expanded from macro 'BOOST_CONCEPT_ASSERT_FN'
      BOOST_PP_CAT(boost_concept_check,__LINE__)             \
      ^
/usr/local/include/boost/preprocessor/cat.hpp:22:32: note: expanded from macro 'BOOST_PP_CAT'
#    define BOOST_PP_CAT(a, b) BOOST_PP_CAT_I(a, b)
                               ^
/usr/local/include/boost/preprocessor/cat.hpp:29:34: note: expanded from macro 'BOOST_PP_CAT_I'
#    define BOOST_PP_CAT_I(a, b) a ## b
                                 ^
<scratch space>:130:1: note: expanded from here
boost_concept_check175
^
In file included from conftest.cpp:49:
In file included from /usr/local/include/boost/program_options.hpp:15:
In file included from /usr/local/include/boost/program_options/options_description.hpp:13:
In file included from /usr/local/include/boost/program_options/value_semantic.hpp:14:
In file included from /usr/local/include/boost/lexical_cast.hpp:30:
In file included from /usr/local/include/boost/range/iterator_range_core.hpp:42:
/usr/local/include/boost/range/algorithm/equal.hpp:187:13: warning: unused typedef 'boost_concept_check187' [-Wunused-local-typedef]
            BOOST_RANGE_CONCEPT_ASSERT(( SinglePassRangeConcept<const SinglePassRange1> ));
            ^
/usr/local/include/boost/range/concepts.hpp:102:45: note: expanded from macro 'BOOST_RANGE_CONCEPT_ASSERT'
    #define BOOST_RANGE_CONCEPT_ASSERT( x ) BOOST_CONCEPT_ASSERT( x )
                                            ^
/usr/local/include/boost/concept/assert.hpp:43:5: note: expanded from macro 'BOOST_CONCEPT_ASSERT'
    BOOST_CONCEPT_ASSERT_FN(void(*)ModelInParens)
    ^
/usr/local/include/boost/concept/detail/general.hpp:79:7: note: expanded from macro 'BOOST_CONCEPT_ASSERT_FN'
      BOOST_PP_CAT(boost_concept_check,__LINE__)             \
      ^
/usr/local/include/boost/preprocessor/cat.hpp:22:32: note: expanded from macro 'BOOST_PP_CAT'
#    define BOOST_PP_CAT(a, b) BOOST_PP_CAT_I(a, b)
                               ^
/usr/local/include/boost/preprocessor/cat.hpp:29:34: note: expanded from macro 'BOOST_PP_CAT_I'
#    define BOOST_PP_CAT_I(a, b) a ## b
                                 ^
<scratch space>:132:1: note: expanded from here
boost_concept_check187
^
In file included from conftest.cpp:49:
In file included from /usr/local/include/boost/program_options.hpp:15:
In file included from /usr/local/include/boost/program_options/options_description.hpp:13:
In file included from /usr/local/include/boost/program_options/value_semantic.hpp:14:
In file included from /usr/local/include/boost/lexical_cast.hpp:30:
In file included from /usr/local/include/boost/range/iterator_range_core.hpp:42:
/usr/local/include/boost/range/algorithm/equal.hpp:188:13: warning: unused typedef 'boost_concept_check188' [-Wunused-local-typedef]
            BOOST_RANGE_CONCEPT_ASSERT(( SinglePassRangeConcept<const SinglePassRange2> ));
            ^
/usr/local/include/boost/range/concepts.hpp:102:45: note: expanded from macro 'BOOST_RANGE_CONCEPT_ASSERT'
    #define BOOST_RANGE_CONCEPT_ASSERT( x ) BOOST_CONCEPT_ASSERT( x )
                                            ^
/usr/local/include/boost/concept/assert.hpp:43:5: note: expanded from macro 'BOOST_CONCEPT_ASSERT'
    BOOST_CONCEPT_ASSERT_FN(void(*)ModelInParens)
    ^
/usr/local/include/boost/concept/detail/general.hpp:79:7: note: expanded from macro 'BOOST_CONCEPT_ASSERT_FN'
      BOOST_PP_CAT(boost_concept_check,__LINE__)             \
      ^
/usr/local/include/boost/preprocessor/cat.hpp:22:32: note: expanded from macro 'BOOST_PP_CAT'
#    define BOOST_PP_CAT(a, b) BOOST_PP_CAT_I(a, b)
                               ^
/usr/local/include/boost/preprocessor/cat.hpp:29:34: note: expanded from macro 'BOOST_PP_CAT_I'
#    define BOOST_PP_CAT_I(a, b) a ## b
                                 ^
<scratch space>:134:1: note: expanded from here
boost_concept_check188
^
30 warnings generated.
configure:26771: $? = 0
configure:26785: result: yes
configure:26797: checking for exit in -lboost_program_options-mt
configure:26822: g++ -std=c++11 -o conftest -g -O2 -Wall -Wextra -Wformat -Wformat-security -Wno-unused-parameter  -Wstack-protector -fstack-protector-all -fPIC -I/usr/local/opt/openssl/include -DBOOST_SPIRIT_THREADSAFE -DHAVE_BUILD_INFO -D__STDC_FORMAT_MACROS -I/usr/local/opt/berkeley-db@4/include -DMAC_OSX  -U_FORTIFY_SOURCE -D_FORTIFY_SOURCE=2 -DHAVE_QT5 -I/usr/local/include -L/usr/local/opt/openssl/lib -Wl,-headerpad_max_install_names  -Wl,-dead_strip -L/usr/local/lib conftest.cpp -lboost_program_options-mt   -L/usr/local/opt/berkeley-db@4/lib >&5
configure:26822: $? = 0
configure:26832: result: yes
configure:26975: checking whether the Boost::Thread library is available
configure:27007: g++ -std=c++11 -c -pthread -g -O2 -Wall -Wextra -Wformat -Wformat-security -Wno-unused-parameter  -Wstack-protector -fstack-protector-all -fPIC -I/usr/local/opt/openssl/include -DBOOST_SPIRIT_THREADSAFE -DHAVE_BUILD_INFO -D__STDC_FORMAT_MACROS -I/usr/local/opt/berkeley-db@4/include -DMAC_OSX  -U_FORTIFY_SOURCE -D_FORTIFY_SOURCE=2 -DHAVE_QT5 -I/usr/local/include conftest.cpp >&5
configure:27007: $? = 0
configure:27022: result: yes
configure:27052: checking for exit in -lboost_thread-mt
configure:27077: g++ -std=c++11 -o conftest -g -O2 -Wall -Wextra -Wformat -Wformat-security -Wno-unused-parameter  -Wstack-protector -fstack-protector-all -fPIC -I/usr/local/opt/openssl/include -DBOOST_SPIRIT_THREADSAFE -DHAVE_BUILD_INFO -D__STDC_FORMAT_MACROS -I/usr/local/opt/berkeley-db@4/include -DMAC_OSX  -U_FORTIFY_SOURCE -D_FORTIFY_SOURCE=2 -DHAVE_QT5 -I/usr/local/include -L/usr/local/opt/openssl/lib -Wl,-headerpad_max_install_names  -Wl,-dead_strip -L/usr/local/lib conftest.cpp -lboost_thread-mt   -L/usr/local/opt/berkeley-db@4/lib >&5
configure:27077: $? = 0
configure:27087: result: yes
configure:27247: checking whether the Boost::Chrono library is available
configure:27271: g++ -std=c++11 -c -g -O2 -Wall -Wextra -Wformat -Wformat-security -Wno-unused-parameter  -Wstack-protector -fstack-protector-all -fPIC -I/usr/local/opt/openssl/include -DBOOST_SPIRIT_THREADSAFE -DHAVE_BUILD_INFO -D__STDC_FORMAT_MACROS -I/usr/local/opt/berkeley-db@4/include -DMAC_OSX  -U_FORTIFY_SOURCE -D_FORTIFY_SOURCE=2 -DHAVE_QT5 -pthread -I/usr/local/include conftest.cpp >&5
conftest.cpp:55:41: warning: unused variable 'time' [-Wunused-variable]
boost::chrono::system_clock::time_point time;
                                        ^
1 warning generated.
configure:27271: $? = 0
configure:27286: result: yes
configure:27302: checking for exit in -lboost_chrono-mt
configure:27327: g++ -std=c++11 -o conftest -g -O2 -Wall -Wextra -Wformat -Wformat-security -Wno-unused-parameter  -Wstack-protector -fstack-protector-all -fPIC -I/usr/local/opt/openssl/include -DBOOST_SPIRIT_THREADSAFE -DHAVE_BUILD_INFO -D__STDC_FORMAT_MACROS -I/usr/local/opt/berkeley-db@4/include -DMAC_OSX  -U_FORTIFY_SOURCE -D_FORTIFY_SOURCE=2 -DHAVE_QT5 -pthread -I/usr/local/include -L/usr/local/opt/openssl/lib -Wl,-headerpad_max_install_names  -Wl,-dead_strip -L/usr/local/lib conftest.cpp -lboost_chrono-mt   -L/usr/local/opt/berkeley-db@4/lib >&5
configure:27327: $? = 0
configure:27337: result: yes
configure:27460: checking for working boost reduced exports
configure:27483: g++ -std=c++11 -E -pthread -I/usr/local/include -I/usr/local/opt/openssl/include -DBOOST_SPIRIT_THREADSAFE -DHAVE_BUILD_INFO -D__STDC_FORMAT_MACROS -I/usr/local/opt/berkeley-db@4/include -DMAC_OSX  -U_FORTIFY_SOURCE -D_FORTIFY_SOURCE=2 -DHAVE_QT5 conftest.cpp
configure:27483: $? = 0
configure:27485: result: yes
configure:27513: checking whether the linker accepts -Wl,--exclude-libs,ALL
configure:27532: g++ -std=c++11 -o conftest -g -O2 -Wall -Wextra -Wformat -Wformat-security -Wno-unused-parameter  -Wstack-protector -fstack-protector-all -fPIC -fvisibility=hidden -I/usr/local/opt/openssl/include -DBOOST_SPIRIT_THREADSAFE -DHAVE_BUILD_INFO -D__STDC_FORMAT_MACROS -I/usr/local/opt/berkeley-db@4/include -DMAC_OSX  -U_FORTIFY_SOURCE -D_FORTIFY_SOURCE=2 -DHAVE_QT5 -L/usr/local/opt/openssl/lib -Wl,-headerpad_max_install_names  -Wl,-dead_strip  -Wl,--exclude-libs,ALL conftest.cpp  -L/usr/local/opt/berkeley-db@4/lib >&5
ld: unknown option: --exclude-libs
clang: error: linker command failed with exit code 1 (use -v to see invocation)
configure:27532: $? = 1
configure: failed program was:
| /* confdefs.h */
| #define PACKAGE_NAME "coinmegatrend Core"
| #define PACKAGE_TARNAME "coinmegatrend"
| #define PACKAGE_VERSION "1.0.0"
| #define PACKAGE_STRING "coinmegatrend Core 1.0.0"
| #define PACKAGE_BUGREPORT "www.coinmegatrend.org"
| #define PACKAGE_URL ""
| #define HAVE_CXX11 1
| #define STDC_HEADERS 1
| #define HAVE_SYS_TYPES_H 1
| #define HAVE_SYS_STAT_H 1
| #define HAVE_STDLIB_H 1
| #define HAVE_STRING_H 1
| #define HAVE_MEMORY_H 1
| #define HAVE_STRINGS_H 1
| #define HAVE_INTTYPES_H 1
| #define HAVE_STDINT_H 1
| #define HAVE_UNISTD_H 1
| #define HAVE_DLFCN_H 1
| #define LT_OBJDIR ".libs/"
| #define HAVE_PTHREAD_PRIO_INHERIT 1
| #define HAVE_PTHREAD 1
| #define HAVE_DECL_STRERROR_R 1
| #define HAVE_STRERROR_R 1
| #define HAVE_FUNC_ATTRIBUTE_VISIBILITY 1
| #define HAVE_STDIO_H 1
| #define HAVE_STDLIB_H 1
| #define HAVE_UNISTD_H 1
| #define HAVE_STRINGS_H 1
| #define HAVE_SYS_TYPES_H 1
| #define HAVE_SYS_STAT_H 1
| #define HAVE_SYS_SELECT_H 1
| #define HAVE_INET_PTON 1
| #define HAVE_DECL_STRNLEN 1
| #define HAVE_DECL_LE32TOH 0
| #define HAVE_DECL_LE64TOH 0
| #define HAVE_DECL_HTOLE32 0
| #define HAVE_DECL_HTOLE64 0
| #define HAVE_DECL_BE32TOH 0
| #define HAVE_DECL_BE64TOH 0
| #define HAVE_DECL_HTOBE32 0
| #define HAVE_DECL_HTOBE64 0
| #define HAVE_VISIBILITY_ATTRIBUTE 1
| #define HAVE_QT5 1
| #define HAVE_BOOST /**/
| #define HAVE_BOOST_SYSTEM /**/
| #define HAVE_BOOST_FILESYSTEM /**/
| #define HAVE_BOOST_PROGRAM_OPTIONS /**/
| #define HAVE_BOOST_THREAD /**/
| #define HAVE_BOOST_CHRONO /**/
| /* end confdefs.h.  */
| 
| int
| main ()
| {
| 
|   ;
|   return 0;
| }
configure:27541: result: no
configure:27591: checking whether the Boost::Unit_Test_Framework library is available
configure:27614: g++ -std=c++11 -c -g -O2 -Wall -Wextra -Wformat -Wformat-security -Wno-unused-parameter  -Wstack-protector -fstack-protector-all -fPIC -fvisibility=hidden -I/usr/local/opt/openssl/include -DBOOST_SPIRIT_THREADSAFE -DHAVE_BUILD_INFO -D__STDC_FORMAT_MACROS -I/usr/local/opt/berkeley-db@4/include -DMAC_OSX  -U_FORTIFY_SOURCE -D_FORTIFY_SOURCE=2 -DHAVE_QT5 -pthread -I/usr/local/include conftest.cpp >&5
conftest.cpp:57:21: warning: unused variable 'test' [-Wunused-variable]
                                                         test_suite* test= BOOST_TEST_SUITE( "Unit test example 1" ); return 0;
                                                                     ^
1 warning generated.
configure:27614: $? = 0
configure:27628: result: yes
configure:27740: checking for dynamic linked boost test
configure:27755: g++ -std=c++11 -o conftest -g -O2 -Wall -Wextra -Wformat -Wformat-security -Wno-unused-parameter  -Wstack-protector -fstack-protector-all -fPIC -fvisibility=hidden -I/usr/local/opt/openssl/include -DBOOST_SPIRIT_THREADSAFE -DHAVE_BUILD_INFO -D__STDC_FORMAT_MACROS -I/usr/local/opt/berkeley-db@4/include -DMAC_OSX  -U_FORTIFY_SOURCE -D_FORTIFY_SOURCE=2 -DHAVE_QT5 -pthread -I/usr/local/include -L/usr/local/opt/openssl/lib -Wl,-headerpad_max_install_names  -Wl,-dead_strip conftest.cpp  -L/usr/local/opt/berkeley-db@4/lib -L/usr/local/lib -lboost_unit_test_framework-mt >&5
configure:27755: $? = 0
configure:27756: result: yes
configure:27800: g++ -std=c++11 -o conftest -g -O2 -Wall -Wextra -Wformat -Wformat-security -Wno-unused-parameter  -Wstack-protector -fstack-protector-all -fPIC -fvisibility=hidden -I/usr/local/opt/openssl/include -DBOOST_SPIRIT_THREADSAFE -DHAVE_BUILD_INFO -D__STDC_FORMAT_MACROS -I/usr/local/opt/berkeley-db@4/include -DMAC_OSX  -U_FORTIFY_SOURCE -D_FORTIFY_SOURCE=2 -DHAVE_QT5 -pthread -I/usr/local/include -L/usr/local/opt/openssl/lib -Wl,-headerpad_max_install_names  -Wl,-dead_strip conftest.cpp -L/usr/local/lib -lboost_system -lboost_filesystem -lboost_program_options-mt -lboost_thread-mt -lboost_chrono-mt  -L/usr/local/opt/berkeley-db@4/lib >&5
configure:27800: $? = 0
configure:27863: checking for libssl
configure:27870: $PKG_CONFIG --exists --print-errors "libssl"
configure:27873: $? = 0
configure:27887: $PKG_CONFIG --exists --print-errors "libssl"
configure:27890: $? = 0
configure:27928: result: yes
configure:27934: checking for libcrypto
configure:27941: $PKG_CONFIG --exists --print-errors "libcrypto"
configure:27944: $? = 0
configure:27958: $PKG_CONFIG --exists --print-errors "libcrypto"
configure:27961: $? = 0
configure:27999: result: yes
configure:28008: checking for protobuf
configure:28015: $PKG_CONFIG --exists --print-errors "protobuf"
configure:28018: $? = 0
configure:28032: $PKG_CONFIG --exists --print-errors "protobuf"
configure:28035: $? = 0
configure:28095: result: yes
configure:28110: checking for libqrencode
configure:28117: $PKG_CONFIG --exists --print-errors "libqrencode"
configure:28120: $? = 0
configure:28134: $PKG_CONFIG --exists --print-errors "libqrencode"
configure:28137: $? = 0
configure:28175: result: yes
configure:28188: checking for libevent
configure:28195: $PKG_CONFIG --exists --print-errors "libevent"
configure:28198: $? = 0
configure:28212: $PKG_CONFIG --exists --print-errors "libevent"
configure:28215: $? = 0
configure:28253: result: yes
configure:28260: checking for libevent_pthreads
configure:28267: $PKG_CONFIG --exists --print-errors "libevent_pthreads"
configure:28270: $? = 0
configure:28284: $PKG_CONFIG --exists --print-errors "libevent_pthreads"
configure:28287: $? = 0
configure:28325: result: yes
configure:28334: checking for libzmq >= 4
configure:28341: $PKG_CONFIG --exists --print-errors "libzmq >= 4"
configure:28344: $? = 0
configure:28358: $PKG_CONFIG --exists --print-errors "libzmq >= 4"
configure:28361: $? = 0
configure:28409: result: yes
configure:28801: checking for RAND_egd in -lcrypto
configure:28826: g++ -std=c++11 -o conftest -g -O2 -Wall -Wextra -Wformat -Wformat-security -Wno-unused-parameter  -Wstack-protector -fstack-protector-all -fPIC -fvisibility=hidden -I/usr/local/opt/openssl/include -DBOOST_SPIRIT_THREADSAFE -DHAVE_BUILD_INFO -D__STDC_FORMAT_MACROS -I/usr/local/opt/berkeley-db@4/include -DMAC_OSX  -U_FORTIFY_SOURCE -D_FORTIFY_SOURCE=2 -DHAVE_QT5 -L/usr/local/opt/openssl/lib -Wl,-headerpad_max_install_names  -Wl,-dead_strip conftest.cpp -lcrypto   -L/usr/local/opt/berkeley-db@4/lib >&5
configure:28826: $? = 0
configure:28835: result: yes
configure:28864: checking openssl/ec.h usability
configure:28864: g++ -std=c++11 -c -g -O2 -Wall -Wextra -Wformat -Wformat-security -Wno-unused-parameter  -Wstack-protector -fstack-protector-all -fPIC -fvisibility=hidden -I/usr/local/opt/openssl/include -DBOOST_SPIRIT_THREADSAFE -DHAVE_BUILD_INFO -D__STDC_FORMAT_MACROS -I/usr/local/opt/berkeley-db@4/include -DMAC_OSX  -U_FORTIFY_SOURCE -D_FORTIFY_SOURCE=2 -DHAVE_QT5 conftest.cpp >&5
configure:28864: $? = 0
configure:28864: result: yes
configure:28864: checking openssl/ec.h presence
configure:28864: g++ -std=c++11 -E -I/usr/local/opt/openssl/include -DBOOST_SPIRIT_THREADSAFE -DHAVE_BUILD_INFO -D__STDC_FORMAT_MACROS -I/usr/local/opt/berkeley-db@4/include -DMAC_OSX  -U_FORTIFY_SOURCE -D_FORTIFY_SOURCE=2 -DHAVE_QT5 conftest.cpp
configure:28864: $? = 0
configure:28864: result: yes
configure:28864: checking for openssl/ec.h
configure:28864: result: yes
configure:28931: checking for protoc
configure:28949: found /usr/local/bin/protoc
configure:28961: result: /usr/local/bin/protoc
configure:28995: checking whether to build coinmegatrendd
configure:29005: result: yes
configure:29008: checking whether to build utils (coinmegatrend-cli coinmegatrend-tx)
configure:29018: result: yes
configure:29021: checking whether to build libraries
configure:29036: result: no
configure:29047: checking if ccache should be used
configure:29060: result: no
configure:29101: checking if wallet should be enabled
configure:29104: result: yes
configure:29117: checking whether to build with support for UPnP
configure:29123: result: no
configure:29155: checking whether to build GUI with support for D-Bus
configure:29162: result: yes
configure:29165: checking whether to build GUI with support for QR codes
configure:29175: result: yes
configure:29188: WARNING: "xgettext is required to update qt translations"
configure:29192: checking whether to build test_coinmegatrend-qt
configure:29195: result: yes
configure:29213: checking whether to build test_coinmegatrend
configure:29216: result: yes
configure:29224: checking whether to reduce exports
configure:29227: result: yes
configure:29549: checking that generated files are newer than configure
configure:29555: result: done
configure:29667: creating ./config.status

## ---------------- ##
## Cache variables. ##
## ---------------- ##

ac_cv_build=x86_64-apple-darwin18.0.0
ac_cv_c_bigendian=no
ac_cv_c_compiler_gnu=yes
ac_cv_cxx_compiler_gnu=yes
ac_cv_env_CCC_set=
ac_cv_env_CCC_value=
ac_cv_env_CC_set=
ac_cv_env_CC_value=
ac_cv_env_CFLAGS_set=
ac_cv_env_CFLAGS_value=
ac_cv_env_CPPFLAGS_set=set
ac_cv_env_CPPFLAGS_value=-I/usr/local/opt/openssl/include
ac_cv_env_CPP_set=
ac_cv_env_CPP_value=
ac_cv_env_CRYPTO_CFLAGS_set=
ac_cv_env_CRYPTO_CFLAGS_value=
ac_cv_env_CRYPTO_LIBS_set=
ac_cv_env_CRYPTO_LIBS_value=
ac_cv_env_CXXCPP_set=
ac_cv_env_CXXCPP_value=
ac_cv_env_CXXFLAGS_set=
ac_cv_env_CXXFLAGS_value=
ac_cv_env_CXX_set=
ac_cv_env_CXX_value=
ac_cv_env_EVENT_CFLAGS_set=
ac_cv_env_EVENT_CFLAGS_value=
ac_cv_env_EVENT_LIBS_set=
ac_cv_env_EVENT_LIBS_value=
ac_cv_env_EVENT_PTHREADS_CFLAGS_set=
ac_cv_env_EVENT_PTHREADS_CFLAGS_value=
ac_cv_env_EVENT_PTHREADS_LIBS_set=
ac_cv_env_EVENT_PTHREADS_LIBS_value=
ac_cv_env_LDFLAGS_set=set
ac_cv_env_LDFLAGS_value=-L/usr/local/opt/openssl/lib
ac_cv_env_LIBS_set=
ac_cv_env_LIBS_value=
ac_cv_env_LT_SYS_LIBRARY_PATH_set=
ac_cv_env_LT_SYS_LIBRARY_PATH_value=
ac_cv_env_OBJCXXFLAGS_set=
ac_cv_env_OBJCXXFLAGS_value=
ac_cv_env_OBJCXX_set=
ac_cv_env_OBJCXX_value=
ac_cv_env_PKG_CONFIG_LIBDIR_set=
ac_cv_env_PKG_CONFIG_LIBDIR_value=
ac_cv_env_PKG_CONFIG_PATH_set=
ac_cv_env_PKG_CONFIG_PATH_value=
ac_cv_env_PKG_CONFIG_set=
ac_cv_env_PKG_CONFIG_value=
ac_cv_env_PROTOBUF_CFLAGS_set=
ac_cv_env_PROTOBUF_CFLAGS_value=
ac_cv_env_PROTOBUF_LIBS_set=
ac_cv_env_PROTOBUF_LIBS_value=
ac_cv_env_PYTHONPATH_set=set
ac_cv_env_PYTHONPATH_value=
ac_cv_env_QR_CFLAGS_set=
ac_cv_env_QR_CFLAGS_value=
ac_cv_env_QR_LIBS_set=
ac_cv_env_QR_LIBS_value=
ac_cv_env_QTPLATFORM_CFLAGS_set=
ac_cv_env_QTPLATFORM_CFLAGS_value=
ac_cv_env_QTPLATFORM_LIBS_set=
ac_cv_env_QTPLATFORM_LIBS_value=
ac_cv_env_QTPRINT_CFLAGS_set=
ac_cv_env_QTPRINT_CFLAGS_value=
ac_cv_env_QTPRINT_LIBS_set=
ac_cv_env_QTPRINT_LIBS_value=
ac_cv_env_QTXCBQPA_CFLAGS_set=
ac_cv_env_QTXCBQPA_CFLAGS_value=
ac_cv_env_QTXCBQPA_LIBS_set=
ac_cv_env_QTXCBQPA_LIBS_value=
ac_cv_env_QT_CFLAGS_set=
ac_cv_env_QT_CFLAGS_value=
ac_cv_env_QT_DBUS_CFLAGS_set=
ac_cv_env_QT_DBUS_CFLAGS_value=
ac_cv_env_QT_DBUS_LIBS_set=
ac_cv_env_QT_DBUS_LIBS_value=
ac_cv_env_QT_LIBS_set=
ac_cv_env_QT_LIBS_value=
ac_cv_env_QT_TEST_CFLAGS_set=
ac_cv_env_QT_TEST_CFLAGS_value=
ac_cv_env_QT_TEST_LIBS_set=
ac_cv_env_QT_TEST_LIBS_value=
ac_cv_env_SSL_CFLAGS_set=
ac_cv_env_SSL_CFLAGS_value=
ac_cv_env_SSL_LIBS_set=
ac_cv_env_SSL_LIBS_value=
ac_cv_env_X11XCB_CFLAGS_set=
ac_cv_env_X11XCB_CFLAGS_value=
ac_cv_env_X11XCB_LIBS_set=
ac_cv_env_X11XCB_LIBS_value=
ac_cv_env_ZMQ_CFLAGS_set=
ac_cv_env_ZMQ_CFLAGS_value=
ac_cv_env_ZMQ_LIBS_set=
ac_cv_env_ZMQ_LIBS_value=
ac_cv_env_build_alias_set=
ac_cv_env_build_alias_value=
ac_cv_env_host_alias_set=
ac_cv_env_host_alias_value=
ac_cv_env_target_alias_set=
ac_cv_env_target_alias_value=
ac_cv_func_strerror_r=yes
ac_cv_func_strerror_r_char_p=no
ac_cv_have_decl_be32toh=no
ac_cv_have_decl_be64toh=no
ac_cv_have_decl_htobe32=no
ac_cv_have_decl_htobe64=no
ac_cv_have_decl_htole32=no
ac_cv_have_decl_htole64=no
ac_cv_have_decl_le32toh=no
ac_cv_have_decl_le64toh=no
ac_cv_have_decl_strerror_r=yes
ac_cv_have_decl_strnlen=yes
ac_cv_header_dlfcn_h=yes
ac_cv_header_endian_h=no
ac_cv_header_inttypes_h=yes
ac_cv_header_memory_h=yes
ac_cv_header_miniupnpc_miniupnpc_h=no
ac_cv_header_miniupnpc_miniwget_h=no
ac_cv_header_miniupnpc_upnpcommands_h=no
ac_cv_header_miniupnpc_upnperrors_h=no
ac_cv_header_openssl_ec_h=yes
ac_cv_header_stdc=yes
ac_cv_header_stdint_h=yes
ac_cv_header_stdio_h=yes
ac_cv_header_stdlib_h=yes
ac_cv_header_string_h=yes
ac_cv_header_strings_h=yes
ac_cv_header_sys_prctl_h=no
ac_cv_header_sys_select_h=yes
ac_cv_header_sys_stat_h=yes
ac_cv_header_sys_types_h=yes
ac_cv_header_unistd_h=yes
ac_cv_host=x86_64-apple-darwin18.0.0
ac_cv_lib_boost_chrono_mt___exit=yes
ac_cv_lib_boost_filesystem___exit=yes
ac_cv_lib_boost_program_options_mt___exit=yes
ac_cv_lib_boost_system___exit=yes
ac_cv_lib_boost_thread_mt___exit=yes
ac_cv_lib_crypto_RAND_egd=yes
ac_cv_lib_db_cxx_4_8___main=yes
ac_cv_objcxx_compiler_gnu=yes
ac_cv_objext=o
ac_cv_path_EGREP='/usr/bin/grep -E'
ac_cv_path_FGREP='/usr/bin/grep -F'
ac_cv_path_GIT=/usr/local/bin/git
ac_cv_path_GREP=/usr/bin/grep
ac_cv_path_HEXDUMP=/usr/bin/hexdump
ac_cv_path_JAVA=/usr/bin/java
ac_cv_path_LRELEASE=/usr/local/Cellar/qt/5.11.1/bin/lrelease
ac_cv_path_LUPDATE=/usr/local/Cellar/qt/5.11.1/bin/lupdate
ac_cv_path_MOC=/usr/local/Cellar/qt/5.11.1/bin/moc
ac_cv_path_PROTOC=/usr/local/bin/protoc
ac_cv_path_PYTHON=/usr/local/bin/python3
ac_cv_path_RCC=/usr/local/Cellar/qt/5.11.1/bin/rcc
ac_cv_path_RSVG_CONVERT=/usr/local/bin/rsvg-convert
ac_cv_path_SED=/usr/bin/sed
ac_cv_path_UIC=/usr/local/Cellar/qt/5.11.1/bin/uic
ac_cv_path_ac_pt_AR=/usr/bin/ar
ac_cv_path_ac_pt_CPPFILT=/usr/bin/c++filt
ac_cv_path_ac_pt_GCOV=/usr/bin/gcov
ac_cv_path_ac_pt_PKG_CONFIG=/usr/local/bin/pkg-config
ac_cv_path_ac_pt_RANLIB=/usr/bin/ranlib
ac_cv_path_ac_pt_STRIP=/usr/bin/strip
ac_cv_path_install='/usr/bin/install -c'
ac_cv_path_lt_DD=/bin/dd
ac_cv_prog_AWK=awk
ac_cv_prog_BREW=brew
ac_cv_prog_CPP='gcc -E'
ac_cv_prog_CXXCPP='g++ -std=c++11 -E'
ac_cv_prog_ac_ct_AR=ar
ac_cv_prog_ac_ct_CC=gcc
ac_cv_prog_ac_ct_CXX=g++
ac_cv_prog_ac_ct_DSYMUTIL=dsymutil
ac_cv_prog_ac_ct_LIPO=lipo
ac_cv_prog_ac_ct_NMEDIT=nmedit
ac_cv_prog_ac_ct_OBJDUMP=objdump
ac_cv_prog_ac_ct_OTOOL=otool
ac_cv_prog_ac_ct_RANLIB=ranlib
ac_cv_prog_ac_ct_STRIP=strip
ac_cv_prog_cc_c89=
ac_cv_prog_cc_g=yes
ac_cv_prog_cxx_g=yes
ac_cv_prog_make_make_set=yes
ac_cv_prog_objcxx_g=yes
ac_cv_search_clock_gettime='none required'
ac_cv_search_getaddrinfo_a=no
ac_cv_search_inet_pton='none required'
ac_cv_sys_file_offset_bits=no
ac_cv_sys_largefile_CC=no
am_cv_CC_dependencies_compiler_type=gcc3
am_cv_CXX_dependencies_compiler_type=gcc3
am_cv_OBJCXX_dependencies_compiler_type=gcc3
am_cv_make_support_nested_variables=yes
am_cv_prog_cc_c_o=yes
ax_cv_PTHREAD_PRIO_INHERIT=yes
ax_cv_boost_chrono=yes
ax_cv_boost_filesystem=yes
ax_cv_boost_program_options=yes
ax_cv_boost_system=yes
ax_cv_boost_thread=yes
ax_cv_boost_unit_test_framework=yes
ax_cv_check_cxxcppflags___D_FORTIFY_SOURCE_2=yes
ax_cv_check_cxxcppflags___U_FORTIFY_SOURCE=yes
ax_cv_check_cxxflags___Wstack_protector=yes
ax_cv_check_cxxflags___fPIC=yes
ax_cv_check_cxxflags___fstack_protector_all=yes
ax_cv_check_cxxflags___fvisibility_hidden=yes
ax_cv_check_ldflags___Wl___dynamicbase=no
ax_cv_check_ldflags___Wl___exclude_libs_ALL=no
ax_cv_check_ldflags___Wl___large_address_aware=no
ax_cv_check_ldflags___Wl___nxcompat=no
ax_cv_check_ldflags___Wl__dead_strip=yes
ax_cv_check_ldflags___Wl__headerpad_max_install_names=yes
ax_cv_check_ldflags___Wl__z_now=no
ax_cv_check_ldflags___Wl__z_relro=no
ax_cv_check_ldflags___framework_Foundation__framework_ApplicationServices__framework_AppKit=yes
ax_cv_check_ldflags___pic=no
ax_cv_cxx_compile_cxx11=no
ax_cv_cxx_compile_cxx11__std_cpp11=yes
ax_cv_have_func_attribute_dllexport=no
ax_cv_have_func_attribute_dllimport=no
ax_cv_have_func_attribute_visibility=yes
bitcoin_cv_static_qt=no
lt_cv_apple_cc_single_mod=yes
lt_cv_ar_at_file=no
lt_cv_deplibs_check_method=pass_all
lt_cv_file_magic_cmd='$MAGIC_CMD'
lt_cv_file_magic_test_file=
lt_cv_ld_exported_symbols_list=yes
lt_cv_ld_force_load=yes
lt_cv_ld_reload_flag=-r
lt_cv_nm_interface='BSD nm'
lt_cv_objdir=.libs
lt_cv_path_LD=/Applications/Xcode.app/Contents/Developer/Toolchains/XcodeDefault.xctoolchain/usr/bin/ld
lt_cv_path_LDCXX=/Applications/Xcode.app/Contents/Developer/Toolchains/XcodeDefault.xctoolchain/usr/bin/ld
lt_cv_path_NM='/usr/bin/nm -B'
lt_cv_path_mainfest_tool=no
lt_cv_prog_compiler_c_o=yes
lt_cv_prog_compiler_c_o_CXX=yes
lt_cv_prog_compiler_pic='-fno-common -DPIC'
lt_cv_prog_compiler_pic_CXX='-fno-common -DPIC'
lt_cv_prog_compiler_pic_works=yes
lt_cv_prog_compiler_pic_works_CXX=yes
lt_cv_prog_compiler_rtti_exceptions=yes
lt_cv_prog_compiler_static_works=no
lt_cv_prog_compiler_static_works_CXX=no
lt_cv_prog_gnu_ld=no
lt_cv_prog_gnu_ldcxx=no
lt_cv_sharedlib_from_linklib_cmd='printf %s\n'
lt_cv_sys_global_symbol_pipe='sed -n -e '\''s/^.*[	 ]\([BCDEGRST][BCDEGRST]*\)[	 ][	 ]*_\([_A-Za-z][_A-Za-z0-9]*\)$/\1 _\2 \2/p'\'' | sed '\''/ __gnu_lto/d'\'''
lt_cv_sys_global_symbol_to_c_name_address='sed -n -e '\''s/^: \(.*\) .*$/  {"\1", (void *) 0},/p'\'' -e '\''s/^[BCDEGRST][BCDEGRST]* .* \(.*\)$/  {"\1", (void *) \&\1},/p'\'''
lt_cv_sys_global_symbol_to_c_name_address_lib_prefix='sed -n -e '\''s/^: \(.*\) .*$/  {"\1", (void *) 0},/p'\'' -e '\''s/^[BCDEGRST][BCDEGRST]* .* \(lib.*\)$/  {"\1", (void *) \&\1},/p'\'' -e '\''s/^[BCDEGRST][BCDEGRST]* .* \(.*\)$/  {"lib\1", (void *) \&\1},/p'\'''
lt_cv_sys_global_symbol_to_cdecl='sed -n -e '\''s/^T .* \(.*\)$/extern int \1();/p'\'' -e '\''s/^[BCDEGRST][BCDEGRST]* .* \(.*\)$/extern char \1;/p'\'''
lt_cv_sys_global_symbol_to_import=
lt_cv_sys_max_cmd_len=196608
lt_cv_to_host_file_cmd=func_convert_file_noop
lt_cv_to_tool_file_cmd=func_convert_file_noop
lt_cv_truncate_bin='/bin/dd bs=4096 count=1'
pkg_cv_CRYPTO_CFLAGS=-I/usr/local/Cellar/openssl/1.0.2o_2/include
pkg_cv_CRYPTO_LIBS='-L/usr/local/Cellar/openssl/1.0.2o_2/lib -lcrypto'
pkg_cv_EVENT_CFLAGS=-I/usr/local/Cellar/libevent/2.1.8/include
pkg_cv_EVENT_LIBS='-L/usr/local/Cellar/libevent/2.1.8/lib -levent'
pkg_cv_EVENT_PTHREADS_CFLAGS='-D_THREAD_SAFE -I/usr/local/Cellar/libevent/2.1.8/include'
pkg_cv_EVENT_PTHREADS_LIBS='-L/usr/local/Cellar/libevent/2.1.8/lib -levent_pthreads -levent'
pkg_cv_PROTOBUF_CFLAGS='-D_THREAD_SAFE -I/usr/local/Cellar/protobuf/3.5.1_1/include'
pkg_cv_PROTOBUF_LIBS='-L/usr/local/Cellar/protobuf/3.5.1_1/lib -lprotobuf -D_THREAD_SAFE'
pkg_cv_QR_CFLAGS=-I/usr/local/Cellar/qrencode/4.0.2/include
pkg_cv_QR_LIBS='-L/usr/local/Cellar/qrencode/4.0.2/lib -lqrencode'
pkg_cv_QT_CFLAGS='-DQT_NETWORK_LIB -DQT_WIDGETS_LIB -DQT_GUI_LIB -DQT_CORE_LIB -I/usr/local/Cellar/qt/5.11.1/include/QtNetwork -I/usr/local/Cellar/qt/5.11.1/include -I/usr/local/Cellar/qt/5.11.1/include/QtWidgets -I/usr/local/Cellar/qt/5.11.1/include -I/usr/local/Cellar/qt/5.11.1/include/QtGui -I/usr/local/Cellar/qt/5.11.1/include -I/usr/local/Cellar/qt/5.11.1/include/QtCore -I/usr/local/Cellar/qt/5.11.1/include'
pkg_cv_QT_DBUS_CFLAGS='-DQT_DBUS_LIB -DQT_CORE_LIB -I/usr/local/Cellar/qt/5.11.1/include/QtDBus -I/usr/local/Cellar/qt/5.11.1/include -I/usr/local/Cellar/qt/5.11.1/include/QtCore -I/usr/local/Cellar/qt/5.11.1/include'
pkg_cv_QT_DBUS_LIBS='-F/usr/local/Cellar/qt/5.11.1/lib -framework QtDBus -F/usr/local/Cellar/qt/5.11.1/lib -framework QtCore'
pkg_cv_QT_LIBS='-F/usr/local/Cellar/qt/5.11.1/lib -framework QtNetwork -F/usr/local/Cellar/qt/5.11.1/lib -framework QtWidgets -F/usr/local/Cellar/qt/5.11.1/lib -framework QtGui -F/usr/local/Cellar/qt/5.11.1/lib -framework QtCore'
pkg_cv_QT_TEST_CFLAGS='-DQT_TESTLIB_LIB -DQT_CORE_LIB -I/usr/local/Cellar/qt/5.11.1/include/QtTest -I/usr/local/Cellar/qt/5.11.1/include -I/usr/local/Cellar/qt/5.11.1/include/QtCore -I/usr/local/Cellar/qt/5.11.1/include'
pkg_cv_QT_TEST_LIBS='-F/usr/local/Cellar/qt/5.11.1/lib -framework QtTest -F/usr/local/Cellar/qt/5.11.1/lib -framework QtCore'
pkg_cv_SSL_CFLAGS=-I/usr/local/Cellar/openssl/1.0.2o_2/include
pkg_cv_SSL_LIBS='-L/usr/local/Cellar/openssl/1.0.2o_2/lib -lssl'
pkg_cv_ZMQ_CFLAGS='-DZMQ_BUILD_DRAFT_API=1 -I/usr/local/include'
pkg_cv_ZMQ_LIBS='-L/usr/local/lib -lzmq'

## ----------------- ##
## Output variables. ##
## ----------------- ##

ACLOCAL='${SHELL} /Users/vishalsachdeva/Desktop/CMTR/build-aux/missing aclocal-1.16'
AMDEPBACKSLASH='\'
AMDEP_FALSE='#'
AMDEP_TRUE=''
AMTAR='$${TAR-tar}'
AM_BACKSLASH='\'
AM_DEFAULT_V='$(AM_DEFAULT_VERBOSITY)'
AM_DEFAULT_VERBOSITY='0'
AM_V='$(V)'
AR='/usr/bin/ar'
AUTOCONF='${SHELL} /Users/vishalsachdeva/Desktop/CMTR/build-aux/missing autoconf'
AUTOHEADER='${SHELL} /Users/vishalsachdeva/Desktop/CMTR/build-aux/missing autoheader'
AUTOMAKE='${SHELL} /Users/vishalsachdeva/Desktop/CMTR/build-aux/missing automake-1.16'
AWK='awk'
BDB_CPPFLAGS=''
BDB_LIBS='-ldb_cxx-4.8'
BITCOIN_CLI_NAME='coinmegatrend-cli'
BITCOIN_DAEMON_NAME='coinmegatrendd'
BITCOIN_GUI_NAME='coinmegatrend-qt'
BITCOIN_TX_NAME='coinmegatrend-tx'
BOOST_CHRONO_LIB='-lboost_chrono-mt'
BOOST_CPPFLAGS='-pthread -I/usr/local/include'
BOOST_FILESYSTEM_LIB='-lboost_filesystem'
BOOST_LDFLAGS='-L/usr/local/lib'
BOOST_LIBS='-L/usr/local/lib -lboost_system -lboost_filesystem -lboost_program_options-mt -lboost_thread-mt -lboost_chrono-mt'
BOOST_PROGRAM_OPTIONS_LIB='-lboost_program_options-mt'
BOOST_SYSTEM_LIB='-lboost_system'
BOOST_THREAD_LIB='-lboost_thread-mt'
BOOST_UNIT_TEST_FRAMEWORK_LIB='-lboost_unit_test_framework-mt'
BREW='brew'
BUILD_BITCOIND_FALSE='#'
BUILD_BITCOIND_TRUE=''
BUILD_BITCOIN_LIBS_FALSE=''
BUILD_BITCOIN_LIBS_TRUE='#'
BUILD_BITCOIN_UTILS_FALSE='#'
BUILD_BITCOIN_UTILS_TRUE=''
BUILD_DARWIN_FALSE='#'
BUILD_DARWIN_TRUE=''
BUILD_QT='qt'
BUILD_TEST='test'
BUILD_TEST_QT='test'
CC='gcc'
CCACHE=''
CCDEPMODE='depmode=gcc3'
CFLAGS='-g -O2'
CLIENT_VERSION_BUILD='0'
CLIENT_VERSION_IS_RELEASE='true'
CLIENT_VERSION_MAJOR='1'
CLIENT_VERSION_MINOR='0'
CLIENT_VERSION_REVISION='0'
COMPARISON_TOOL_REORG_TESTS='0'
COPYRIGHT_YEAR='2019'
CPP='gcc -E'
CPPFILT='/usr/bin/c++filt'
CPPFLAGS='-I/usr/local/opt/openssl/include -DBOOST_SPIRIT_THREADSAFE -DHAVE_BUILD_INFO -D__STDC_FORMAT_MACROS -I/usr/local/opt/berkeley-db@4/include -DMAC_OSX  -U_FORTIFY_SOURCE -D_FORTIFY_SOURCE=2 -DHAVE_QT5'
CRYPTO_CFLAGS='-I/usr/local/Cellar/openssl/1.0.2o_2/include'
CRYPTO_LIBS='-L/usr/local/Cellar/openssl/1.0.2o_2/lib -lcrypto'
CXX='g++ -std=c++11'
CXXCPP='g++ -std=c++11 -E'
CXXDEPMODE='depmode=gcc3'
CXXFLAGS='-g -O2 -Wall -Wextra -Wformat -Wformat-security -Wno-unused-parameter  -Wstack-protector -fstack-protector-all -fPIC -fvisibility=hidden'
CYGPATH_W='echo'
DEFS='-DHAVE_CONFIG_H'
DEPDIR='.deps'
DLLTOOL='false'
DSYMUTIL='dsymutil'
DUMPBIN=''
ECHO_C='\c'
ECHO_N=''
ECHO_T=''
EGREP='/usr/bin/grep -E'
EMBEDDED_LEVELDB_FALSE='#'
EMBEDDED_LEVELDB_TRUE=''
ENABLE_QT_FALSE='#'
ENABLE_QT_TESTS_FALSE='#'
ENABLE_QT_TESTS_TRUE=''
ENABLE_QT_TRUE=''
ENABLE_TESTS_FALSE='#'
ENABLE_TESTS_TRUE=''
ENABLE_WALLET_FALSE='#'
ENABLE_WALLET_TRUE=''
ENABLE_ZMQ_FALSE='#'
ENABLE_ZMQ_TRUE=''
EVENT_CFLAGS='-I/usr/local/Cellar/libevent/2.1.8/include'
EVENT_LIBS='-L/usr/local/Cellar/libevent/2.1.8/lib -levent'
EVENT_PTHREADS_CFLAGS='-D_THREAD_SAFE -I/usr/local/Cellar/libevent/2.1.8/include'
EVENT_PTHREADS_LIBS='-L/usr/local/Cellar/libevent/2.1.8/lib -levent_pthreads -levent'
EXEEXT=''
FGREP='/usr/bin/grep -F'
GCOV='/usr/bin/gcov'
GENHTML=''
GENISOIMAGE=''
GIT='/usr/local/bin/git'
GLIBC_BACK_COMPAT_FALSE=''
GLIBC_BACK_COMPAT_TRUE='#'
GREP='/usr/bin/grep'
HAVE_CXX11='1'
HAVE_QT5_FALSE='#'
HAVE_QT5_TRUE=''
HEXDUMP='/usr/bin/hexdump'
IMAGEMAGICK_CONVERT=''
INSTALLNAMETOOL=''
INSTALL_DATA='${INSTALL} -m 644'
INSTALL_PROGRAM='${INSTALL}'
INSTALL_SCRIPT='${INSTALL}'
INSTALL_STRIP_PROGRAM='$(install_sh) -c -s'
JAVA='/usr/bin/java'
JAVA_COMPARISON_TOOL=''
LCOV=''
LD='/Applications/Xcode.app/Contents/Developer/Toolchains/XcodeDefault.xctoolchain/usr/bin/ld'
LDFLAGS='-L/usr/local/opt/openssl/lib -Wl,-headerpad_max_install_names  -Wl,-dead_strip'
LEVELDB_CPPFLAGS=''
LEVELDB_TARGET_FLAGS='TARGET_OS=Darwin'
LIBLEVELDB=''
LIBMEMENV=''
LIBOBJS=''
LIBS='-lcrypto  -L/usr/local/opt/berkeley-db@4/lib'
LIBTOOL='$(SHELL) $(top_builddir)/libtool'
LIBTOOL_APP_LDFLAGS=''
LIPO='lipo'
LN_S='ln -s'
LRELEASE='/usr/local/Cellar/qt/5.11.1/bin/lrelease'
LTLIBOBJS=''
LT_SYS_LIBRARY_PATH=''
LUPDATE='/usr/local/Cellar/qt/5.11.1/bin/lupdate'
MAINT=''
MAINTAINER_MODE_FALSE='#'
MAINTAINER_MODE_TRUE=''
MAKEINFO='${SHELL} /Users/vishalsachdeva/Desktop/CMTR/build-aux/missing makeinfo'
MAKENSIS=''
MANIFEST_TOOL=':'
MINIUPNPC_CPPFLAGS=''
MINIUPNPC_LIBS=''
MKDIR_P='build-aux/install-sh -c -d'
MOC='/usr/local/Cellar/qt/5.11.1/bin/moc'
MOC_DEFS='-DHAVE_CONFIG_H -I$(srcdir) -DQ_OS_MAC'
NM='/usr/bin/nm -B'
NMEDIT='nmedit'
OBJCOPY=''
OBJCXX='g++ -std=c++11'
OBJCXXDEPMODE='depmode=gcc3'
OBJCXXFLAGS='-g -O2 -Wall -Wextra -Wformat -Wformat-security -Wno-unused-parameter  -Wstack-protector -fstack-protector-all -fPIC'
OBJDUMP='objdump'
OBJEXT='o'
OTOOL64=':'
OTOOL='otool'
PACKAGE='coinmegatrend'
PACKAGE_BUGREPORT='www.coinmegatrend.org'
PACKAGE_NAME='coinmegatrend Core'
PACKAGE_STRING='coinmegatrend Core 1.0.0'
PACKAGE_TARNAME='coinmegatrend'
PACKAGE_URL=''
PACKAGE_VERSION='1.0.0'
PATH_SEPARATOR=':'
PKG_CONFIG='/usr/local/bin/pkg-config'
PKG_CONFIG_LIBDIR=''
PKG_CONFIG_PATH='/usr/local/opt/qt/lib/pkgconfig:/usr/local/opt/openssl/lib/pkgconfig:'
PORT=''
PROTOBUF_CFLAGS='-D_THREAD_SAFE -I/usr/local/Cellar/protobuf/3.5.1_1/include'
PROTOBUF_LIBS='-L/usr/local/Cellar/protobuf/3.5.1_1/lib -lprotobuf -D_THREAD_SAFE'
PROTOC='/usr/local/bin/protoc'
PTHREAD_CC='gcc'
PTHREAD_CFLAGS='-D_THREAD_SAFE -pthread'
PTHREAD_LIBS=''
PYTHON='/usr/local/bin/python3'
PYTHONPATH=''
QR_CFLAGS='-I/usr/local/Cellar/qrencode/4.0.2/include'
QR_LIBS='-L/usr/local/Cellar/qrencode/4.0.2/lib -lqrencode'
QTPLATFORM_CFLAGS=''
QTPLATFORM_LIBS=''
QTPRINT_CFLAGS=''
QTPRINT_LIBS=''
QTXCBQPA_CFLAGS=''
QTXCBQPA_LIBS=''
QT_CFLAGS='-DQT_NETWORK_LIB -DQT_WIDGETS_LIB -DQT_GUI_LIB -DQT_CORE_LIB -I/usr/local/Cellar/qt/5.11.1/include/QtNetwork -I/usr/local/Cellar/qt/5.11.1/include -I/usr/local/Cellar/qt/5.11.1/include/QtWidgets -I/usr/local/Cellar/qt/5.11.1/include -I/usr/local/Cellar/qt/5.11.1/include/QtGui -I/usr/local/Cellar/qt/5.11.1/include -I/usr/local/Cellar/qt/5.11.1/include/QtCore -I/usr/local/Cellar/qt/5.11.1/include'
QT_DBUS_CFLAGS='-DQT_DBUS_LIB -DQT_CORE_LIB -I/usr/local/Cellar/qt/5.11.1/include/QtDBus -I/usr/local/Cellar/qt/5.11.1/include -I/usr/local/Cellar/qt/5.11.1/include/QtCore -I/usr/local/Cellar/qt/5.11.1/include'
QT_DBUS_INCLUDES='-DQT_DBUS_LIB -DQT_CORE_LIB -I/usr/local/Cellar/qt/5.11.1/include/QtDBus -I/usr/local/Cellar/qt/5.11.1/include -I/usr/local/Cellar/qt/5.11.1/include/QtCore -I/usr/local/Cellar/qt/5.11.1/include'
QT_DBUS_LIBS='-F/usr/local/Cellar/qt/5.11.1/lib -framework QtDBus -F/usr/local/Cellar/qt/5.11.1/lib -framework QtCore'
QT_INCLUDES='-DQT_NETWORK_LIB -DQT_WIDGETS_LIB -DQT_GUI_LIB -DQT_CORE_LIB -I/usr/local/Cellar/qt/5.11.1/include/QtNetwork -I/usr/local/Cellar/qt/5.11.1/include -I/usr/local/Cellar/qt/5.11.1/include/QtWidgets -I/usr/local/Cellar/qt/5.11.1/include -I/usr/local/Cellar/qt/5.11.1/include/QtGui -I/usr/local/Cellar/qt/5.11.1/include -I/usr/local/Cellar/qt/5.11.1/include/QtCore -I/usr/local/Cellar/qt/5.11.1/include'
QT_LDFLAGS=''
QT_LIBS='-F/usr/local/Cellar/qt/5.11.1/lib -framework QtNetwork -F/usr/local/Cellar/qt/5.11.1/lib -framework QtWidgets -F/usr/local/Cellar/qt/5.11.1/lib -framework QtGui -F/usr/local/Cellar/qt/5.11.1/lib -framework QtCore -framework Foundation -framework ApplicationServices -framework AppKit'
QT_PIE_FLAGS=''
QT_SELECT='qt5'
QT_TEST_CFLAGS='-DQT_TESTLIB_LIB -DQT_CORE_LIB -I/usr/local/Cellar/qt/5.11.1/include/QtTest -I/usr/local/Cellar/qt/5.11.1/include -I/usr/local/Cellar/qt/5.11.1/include/QtCore -I/usr/local/Cellar/qt/5.11.1/include'
QT_TEST_INCLUDES='-DQT_TESTLIB_LIB -DQT_CORE_LIB -I/usr/local/Cellar/qt/5.11.1/include/QtTest -I/usr/local/Cellar/qt/5.11.1/include -I/usr/local/Cellar/qt/5.11.1/include/QtCore -I/usr/local/Cellar/qt/5.11.1/include'
QT_TEST_LIBS='-F/usr/local/Cellar/qt/5.11.1/lib -framework QtTest -F/usr/local/Cellar/qt/5.11.1/lib -framework QtCore'
QT_TRANSLATION_DIR=''
RANLIB='/usr/bin/ranlib'
RCC='/usr/local/Cellar/qt/5.11.1/bin/rcc'
READELF=''
RELDFLAGS=''
RSVG_CONVERT='/usr/local/bin/rsvg-convert'
SED='/usr/bin/sed'
SET_MAKE=''
SHELL='/bin/sh'
SSL_CFLAGS='-I/usr/local/Cellar/openssl/1.0.2o_2/include'
SSL_LIBS='-L/usr/local/Cellar/openssl/1.0.2o_2/lib -lssl'
STRIP='/usr/bin/strip'
TARGET_DARWIN_FALSE='#'
TARGET_DARWIN_TRUE=''
TARGET_WINDOWS_FALSE=''
TARGET_WINDOWS_TRUE='#'
TESTDEFS=' -DBOOST_TEST_DYN_LINK'
TIFFCP=''
UIC='/usr/local/Cellar/qt/5.11.1/bin/uic'
USE_COMPARISON_TOOL_FALSE=''
USE_COMPARISON_TOOL_REORG_TESTS_FALSE='#'
USE_COMPARISON_TOOL_REORG_TESTS_TRUE=''
USE_COMPARISON_TOOL_TRUE='#'
USE_LCOV_FALSE=''
USE_LCOV_TRUE='#'
USE_LIBSECP256K1_FALSE=''
USE_LIBSECP256K1_TRUE='#'
USE_QRCODE=''
USE_QRCODE_FALSE='#'
USE_QRCODE_TRUE=''
USE_UPNP=''
VERSION='1.0.0'
WINDOWS_BITS=''
WINDRES=''
X11XCB_CFLAGS=''
X11XCB_LIBS=''
XGETTEXT=''
ZMQ_CFLAGS='-DZMQ_BUILD_DRAFT_API=1 -I/usr/local/include'
ZMQ_LIBS='-L/usr/local/lib -lzmq'
ac_ct_AR='ar'
ac_ct_CC='gcc'
ac_ct_CXX='g++'
ac_ct_DUMPBIN=''
ac_ct_OBJCXX=''
am__EXEEXT_FALSE=''
am__EXEEXT_TRUE='#'
am__fastdepCC_FALSE='#'
am__fastdepCC_TRUE=''
am__fastdepCXX_FALSE='#'
am__fastdepCXX_TRUE=''
am__fastdepOBJCXX_FALSE='#'
am__fastdepOBJCXX_TRUE=''
am__include='include'
am__isrc=''
am__leading_dot='.'
am__nodep='_no'
am__quote=''
am__tar='$${TAR-tar} chof - "$$tardir"'
am__untar='$${TAR-tar} xf -'
ax_pthread_config=''
bindir='${exec_prefix}/bin'
build='x86_64-apple-darwin18.0.0'
build_alias=''
build_cpu='x86_64'
build_os='darwin18.0.0'
build_vendor='apple'
datadir='${datarootdir}'
datarootdir='${prefix}/share'
docdir='${datarootdir}/doc/${PACKAGE_TARNAME}'
dvidir='${docdir}'
exec_prefix='${prefix}'
host='x86_64-apple-darwin18.0.0'
host_alias=''
host_cpu='x86_64'
host_os='darwin18.0.0'
host_vendor='apple'
htmldir='${docdir}'
includedir='${prefix}/include'
infodir='${datarootdir}/info'
install_sh='${SHELL} /Users/vishalsachdeva/Desktop/CMTR/build-aux/install-sh'
libdir='${exec_prefix}/lib'
libexecdir='${exec_prefix}/libexec'
localedir='${datarootdir}/locale'
localstatedir='${prefix}/var'
mandir='${datarootdir}/man'
mkdir_p='$(MKDIR_P)'
oldincludedir='/usr/include'
pdfdir='${docdir}'
prefix='/usr/local'
program_transform_name='s,x,x,'
psdir='${docdir}'
sbindir='${exec_prefix}/sbin'
sharedstatedir='${prefix}/com'
subdirs=' src/secp256k1'
sysconfdir='${prefix}/etc'
target_alias=''

## ----------- ##
## confdefs.h. ##
## ----------- ##

/* confdefs.h */
#define PACKAGE_NAME "coinmegatrend Core"
#define PACKAGE_TARNAME "coinmegatrend"
#define PACKAGE_VERSION "1.0.0"
#define PACKAGE_STRING "coinmegatrend Core 1.0.0"
#define PACKAGE_BUGREPORT "www.coinmegatrend.org"
#define PACKAGE_URL ""
#define HAVE_CXX11 1
#define STDC_HEADERS 1
#define HAVE_SYS_TYPES_H 1
#define HAVE_SYS_STAT_H 1
#define HAVE_STDLIB_H 1
#define HAVE_STRING_H 1
#define HAVE_MEMORY_H 1
#define HAVE_STRINGS_H 1
#define HAVE_INTTYPES_H 1
#define HAVE_STDINT_H 1
#define HAVE_UNISTD_H 1
#define HAVE_DLFCN_H 1
#define LT_OBJDIR ".libs/"
#define HAVE_PTHREAD_PRIO_INHERIT 1
#define HAVE_PTHREAD 1
#define HAVE_DECL_STRERROR_R 1
#define HAVE_STRERROR_R 1
#define HAVE_FUNC_ATTRIBUTE_VISIBILITY 1
#define HAVE_STDIO_H 1
#define HAVE_STDLIB_H 1
#define HAVE_UNISTD_H 1
#define HAVE_STRINGS_H 1
#define HAVE_SYS_TYPES_H 1
#define HAVE_SYS_STAT_H 1
#define HAVE_SYS_SELECT_H 1
#define HAVE_INET_PTON 1
#define HAVE_DECL_STRNLEN 1
#define HAVE_DECL_LE32TOH 0
#define HAVE_DECL_LE64TOH 0
#define HAVE_DECL_HTOLE32 0
#define HAVE_DECL_HTOLE64 0
#define HAVE_DECL_BE32TOH 0
#define HAVE_DECL_BE64TOH 0
#define HAVE_DECL_HTOBE32 0
#define HAVE_DECL_HTOBE64 0
#define HAVE_VISIBILITY_ATTRIBUTE 1
#define HAVE_QT5 1
#define HAVE_BOOST /**/
#define HAVE_BOOST_SYSTEM /**/
#define HAVE_BOOST_FILESYSTEM /**/
#define HAVE_BOOST_PROGRAM_OPTIONS /**/
#define HAVE_BOOST_THREAD /**/
#define HAVE_BOOST_CHRONO /**/
#define HAVE_BOOST_UNIT_TEST_FRAMEWORK /**/
#define HAVE_WORKING_BOOST_SLEEP_FOR 1
#define ENABLE_ZMQ 1
#define HAVE_LIBCRYPTO 1
#define ENABLE_WALLET 1
#define USE_DBUS 1
#define USE_QRCODE 1
#define CLIENT_VERSION_MAJOR 1
#define CLIENT_VERSION_MINOR 0
#define CLIENT_VERSION_REVISION 0
#define CLIENT_VERSION_BUILD 0
#define CLIENT_VERSION_IS_RELEASE true
#define COPYRIGHT_YEAR 2019

configure: exit 0

## ---------------------- ##
## Running config.status. ##
## ---------------------- ##

This file was extended by coinmegatrend Core config.status 1.0.0, which was
generated by GNU Autoconf 2.69.  Invocation command line was

  CONFIG_FILES    = 
  CONFIG_HEADERS  = 
  CONFIG_LINKS    = 
  CONFIG_COMMANDS = 
  $ ./config.status 

on Vishals-MacBook-Air.local

config.status:1360: creating Makefile
config.status:1360: creating src/Makefile
config.status:1360: creating share/setup.nsi
config.status:1360: creating share/qt/Info.plist
config.status:1360: creating src/test/buildenv.py
config.status:1360: creating qa/pull-tester/run-bitcoind-for-test.sh
config.status:1360: creating qa/pull-tester/tests-config.sh
config.status:1360: creating contrib/devtools/split-debug.sh
config.status:1360: creating src/config/coinmegatrend-config.h
config.status:1589: executing depfiles commands
config.status:1666: cd src       && sed -e '/# am--include-marker/d' Makefile         | make -f - am--depfiles
make[1]: Nothing to be done for `am--depfiles'.
config.status:1671: $? = 0
config.status:1589: executing libtool commands
